[    0.000000] Initializing cgroup subsys cpuset
[    0.000000] Initializing cgroup subsys cpu
[    0.000000] Initializing cgroup subsys cpuacct
[    0.000000] Linux version 4.4.0-159-generic (buildd@lgw01-amd64-042) (gcc version 5.4.0 20160609 (Ubuntu 5.4.0-6ubuntu1~16.04.10) ) #187-Ubuntu SMP Thu Aug 1 16:28:06 UTC 2019 (Ubuntu 4.4.0-159.187-generic 4.4.185)
[    0.000000] Command line: BOOT_IMAGE=/boot/vmlinuz-4.4.0-159-generic root=LABEL=cloudimg-rootfs ro console=tty1 console=ttyS0
[    0.000000] KERNEL supported cpus:
[    0.000000]   Intel GenuineIntel
[    0.000000]   AMD AuthenticAMD
[    0.000000]   Centaur CentaurHauls
[    0.000000] x86/fpu: Legacy x87 FPU detected.
[    0.000000] e820: BIOS-provided physical RAM map:
[    0.000000] BIOS-e820: [mem 0x0000000000000000-0x000000000009fbff] usable
[    0.000000] BIOS-e820: [mem 0x000000000009fc00-0x000000000009ffff] reserved
[    0.000000] BIOS-e820: [mem 0x00000000000f0000-0x00000000000fffff] reserved
[    0.000000] BIOS-e820: [mem 0x0000000000100000-0x000000002cfeffff] usable
[    0.000000] BIOS-e820: [mem 0x000000002cff0000-0x000000002cffffff] ACPI data
[    0.000000] BIOS-e820: [mem 0x00000000fec00000-0x00000000fec00fff] reserved
[    0.000000] BIOS-e820: [mem 0x00000000fee00000-0x00000000fee00fff] reserved
[    0.000000] BIOS-e820: [mem 0x00000000fffc0000-0x00000000ffffffff] reserved
[    0.000000] NX (Execute Disable) protection: active
[    0.000000] SMBIOS 2.5 present.
[    0.000000] Hypervisor detected: KVM
[    0.000000] e820: last_pfn = 0x2cff0 max_arch_pfn = 0x400000000
[    0.000000] MTRR: Disabled
[    0.000000] x86/PAT: MTRRs disabled, skipping PAT initialization too.
[    0.000000] CPU MTRRs all blank - virtualized system.
[    0.000000] x86/PAT: Configuration [0-7]: WB  WT  UC- UC  WB  WT  UC- UC  
[    0.000000] found SMP MP-table at [mem 0x0009fff0-0x0009ffff] mapped at [ffff88000009fff0]
[    0.000000] Scanning 1 areas for low memory corruption
[    0.000000] RAMDISK: [mem 0x2b99f000-0x2c81afff]
[    0.000000] ACPI: Early table checksum verification disabled
[    0.000000] ACPI: RSDP 0x00000000000E0000 000024 (v02 VBOX  )
[    0.000000] ACPI: XSDT 0x000000002CFF0030 00003C (v01 VBOX   VBOXXSDT 00000001 ASL  00000061)
[    0.000000] ACPI: FACP 0x000000002CFF00F0 0000F4 (v04 VBOX   VBOXFACP 00000001 ASL  00000061)
[    0.000000] ACPI: DSDT 0x000000002CFF0470 0021FF (v02 VBOX   VBOXBIOS 00000002 INTL 20180105)
[    0.000000] ACPI: FACS 0x000000002CFF0200 000040
[    0.000000] ACPI: FACS 0x000000002CFF0200 000040
[    0.000000] ACPI: APIC 0x000000002CFF0240 000054 (v02 VBOX   VBOXAPIC 00000001 ASL  00000061)
[    0.000000] ACPI: SSDT 0x000000002CFF02A0 0001CC (v01 VBOX   VBOXCPUT 00000002 INTL 20180105)
[    0.000000] No NUMA configuration found
[    0.000000] Faking a node at [mem 0x0000000000000000-0x000000002cfeffff]
[    0.000000] NODE_DATA(0) allocated [mem 0x2cfeb000-0x2cfeffff]
[    0.000000] kvm-clock: Using msrs 4b564d01 and 4b564d00
[    0.000000] kvm-clock: cpu 0, msr 0:2cfe3001, primary cpu clock
[    0.000000] kvm-clock: using sched offset of 7802017540 cycles
[    0.000000] clocksource: kvm-clock: mask: 0xffffffffffffffff max_cycles: 0x1cd42e4dffb, max_idle_ns: 881590591483 ns
[    0.000000] Zone ranges:
[    0.000000]   DMA      [mem 0x0000000000001000-0x0000000000ffffff]
[    0.000000]   DMA32    [mem 0x0000000001000000-0x000000002cfeffff]
[    0.000000]   Normal   empty
[    0.000000]   Device   empty
[    0.000000] Movable zone start for each node
[    0.000000] Early memory node ranges
[    0.000000]   node   0: [mem 0x0000000000001000-0x000000000009efff]
[    0.000000]   node   0: [mem 0x0000000000100000-0x000000002cfeffff]
[    0.000000] Initmem setup node 0 [mem 0x0000000000001000-0x000000002cfeffff]
[    0.000000] ACPI: PM-Timer IO Port: 0x4008
[    0.000000] IOAPIC[0]: apic_id 1, version 32, address 0xfec00000, GSI 0-23
[    0.000000] ACPI: INT_SRC_OVR (bus 0 bus_irq 0 global_irq 2 dfl dfl)
[    0.000000] ACPI: INT_SRC_OVR (bus 0 bus_irq 9 global_irq 9 low level)
[    0.000000] Using ACPI (MADT) for SMP configuration information
[    0.000000] smpboot: Allowing 1 CPUs, 0 hotplug CPUs
[    0.000000] PM: Registered nosave memory: [mem 0x00000000-0x00000fff]
[    0.000000] PM: Registered nosave memory: [mem 0x0009f000-0x0009ffff]
[    0.000000] PM: Registered nosave memory: [mem 0x000a0000-0x000effff]
[    0.000000] PM: Registered nosave memory: [mem 0x000f0000-0x000fffff]
[    0.000000] e820: [mem 0x2d000000-0xfebfffff] available for PCI devices
[    0.000000] Booting paravirtualized kernel on KVM
[    0.000000] clocksource: refined-jiffies: mask: 0xffffffff max_cycles: 0xffffffff, max_idle_ns: 7645519600211568 ns
[    0.000000] setup_percpu: NR_CPUS:512 nr_cpumask_bits:512 nr_cpu_ids:1 nr_node_ids:1
[    0.000000] PERCPU: Embedded 34 pages/cpu @ffff88002cc00000 s99544 r8192 d31528 u2097152
[    0.000000] Built 1 zonelists in Node order, mobility grouping on.  Total pages: 181304
[    0.000000] Policy zone: DMA32
[    0.000000] Kernel command line: BOOT_IMAGE=/boot/vmlinuz-4.4.0-159-generic root=LABEL=cloudimg-rootfs ro console=tty1 console=ttyS0
[    0.000000] PID hash table entries: 4096 (order: 3, 32768 bytes)
[    0.000000] Memory: 690660K/736824K available (8618K kernel code, 1335K rwdata, 4032K rodata, 1488K init, 1284K bss, 46164K reserved, 0K cma-reserved)
[    0.000000] SLUB: HWalign=64, Order=0-3, MinObjects=0, CPUs=1, Nodes=1
[    0.000000] Kernel/User page tables isolation: enabled
[    0.000000] Hierarchical RCU implementation.
[    0.000000] 	Build-time adjustment of leaf fanout to 64.
[    0.000000] 	RCU restricting CPUs from NR_CPUS=512 to nr_cpu_ids=1.
[    0.000000] RCU: Adjusting geometry for rcu_fanout_leaf=64, nr_cpu_ids=1
[    0.000000] NR_IRQS:33024 nr_irqs:256 16
[    0.000000] Console: colour VGA+ 80x25
[    0.000000] console [tty1] enabled
[    0.000000] console [ttyS0] enabled
[    0.000000] tsc: Detected 2992.498 MHz processor
[    1.312714] Calibrating delay loop (skipped) preset value.. 5984.99 BogoMIPS (lpj=11969992)
[    1.315720] pid_max: default: 32768 minimum: 301
[    1.404957] ACPI: Core revision 20150930
[    1.409081] ACPI: 2 ACPI AML tables successfully acquired and loaded
[    1.413769] Security Framework initialized
[    1.415231] Yama: becoming mindful.
[    1.416665] AppArmor: AppArmor initialized
[    1.443449] Dentry cache hash table entries: 131072 (order: 8, 1048576 bytes)
[    1.445994] Inode-cache hash table entries: 65536 (order: 7, 524288 bytes)
[    1.510199] Mount-cache hash table entries: 2048 (order: 2, 16384 bytes)
[    1.557916] Mountpoint-cache hash table entries: 2048 (order: 2, 16384 bytes)
[    1.616516] Initializing cgroup subsys io
[    1.624579] Initializing cgroup subsys memory
[    1.658453] Initializing cgroup subsys devices
[    1.726731] Initializing cgroup subsys freezer
[    1.754476] Initializing cgroup subsys net_cls
[    1.767134] Initializing cgroup subsys perf_event
[    1.825067] Initializing cgroup subsys net_prio
[    1.932905] Initializing cgroup subsys hugetlb
[    1.942827] Initializing cgroup subsys pids
[    1.944466] mce: CPU supports 0 MCE banks
[    1.945940] process: using mwait in idle threads
[    1.947547] Last level iTLB entries: 4KB 128, 2MB 4, 4MB 4
[    1.949314] Last level dTLB entries: 4KB 256, 2MB 0, 4MB 32, 1GB 0
[    2.053033] Spectre V1 : Mitigation: usercopy/swapgs barriers and __user pointer sanitization
[    2.056021] Spectre V2 : Mitigation: Full generic retpoline
[    2.135040] Spectre V2 : Spectre v2 / SpectreRSB mitigation: Filling RSB on context switch
[    2.139129] Speculative Store Bypass: Vulnerable
[    2.141644] MDS: Vulnerable: Clear CPU buffers attempted, no microcode
[    2.928401] Freeing SMP alternatives memory: 36K
[    2.972957] ftrace: allocating 32318 entries in 127 pages
[    3.192375] smpboot: APIC(0) Converting physical 0 to logical package 0
[    3.301755] smpboot: Max logical packages: 1
[    3.304322] x2apic enabled
[    3.306001] Switched APIC routing to physical x2apic.
[    3.310584] ..TIMER: vector=0x30 apic1=0 pin1=2 apic2=-1 pin2=-1
[    3.399632] APIC calibration not consistent with PM-Timer: 188ms instead of 100ms
[    3.410030] APIC delta adjusted to PM-Timer: 6369654 (11999195)
[    3.412038] smpboot: CPU0: Intel(R) Core(TM)2 Duo CPU     E8400  @ 3.00GHz (family: 0x6, model: 0x17, stepping: 0xa)
[    3.502963] Performance Events: unsupported p6 CPU model 23 no PMU driver, software events only.
[    3.708907] KVM setup paravirtual spinlock
[    3.727051] x86: Booted up 1 node, 1 CPUs
[    3.796914] smpboot: Total of 1 processors activated (5984.99 BogoMIPS)
[    3.799930] devtmpfs: initialized
[    3.816113] evm: security.selinux
[    3.827243] evm: security.SMACK64
[    3.828549] evm: security.SMACK64EXEC
[    3.830009] evm: security.SMACK64TRANSMUTE
[    3.831488] evm: security.SMACK64MMAP
[    3.901446] evm: security.ima
[    4.002581] evm: security.capability
[    4.006931] clocksource: jiffies: mask: 0xffffffff max_cycles: 0xffffffff, max_idle_ns: 7645041785100000 ns
[    4.013786] futex hash table entries: 256 (order: 2, 16384 bytes)
[    4.038024] pinctrl core: initialized pinctrl subsystem
[    4.048062] RTC time: 16:35:02, date: 08/23/19
[    4.072045] NET: Registered protocol family 16
[    4.075239] cpuidle: using governor ladder
[    4.081061] cpuidle: using governor menu
[    4.088912] PCCT header not found.
[    4.090793] ACPI: bus type PCI registered
[    4.094364] acpiphp: ACPI Hot Plug PCI Controller Driver version: 0.5
[    4.099442] PCI: Using configuration type 1 for base access
[    4.105331] ACPI: Added _OSI(Module Device)
[    4.107634] ACPI: Added _OSI(Processor Device)
[    4.109845] ACPI: Added _OSI(3.0 _SCP Extensions)
[    4.141573] ACPI: Added _OSI(Processor Aggregator Device)
[    4.153714] ACPI: Executed 1 blocks of module-level executable AML code
[    4.161281] ACPI: Interpreter enabled
[    4.163352] ACPI: (supports S0 S5)
[    4.164660] ACPI: Using IOAPIC for interrupt routing
[    4.303126] PCI: Using host bridge windows from ACPI; if necessary, use "pci=nocrs" and report a bug
[    4.319366] ACPI: PCI Root Bridge [PCI0] (domain 0000 [bus 00-ff])
[    4.355886] acpi PNP0A03:00: _OSC: OS supports [ASPM ClockPM Segments MSI]
[    4.510410] acpi PNP0A03:00: _OSC: not requesting OS control; OS requires [ExtendedConfig ASPM ClockPM MSI]
[    4.524512] acpi PNP0A03:00: fail to add MMCONFIG information, can't access extended PCI configuration space under this bridge.
[    4.622181] PCI host bridge to bus 0000:00
[    4.624435] pci_bus 0000:00: root bus resource [io  0x0000-0x0cf7 window]
[    4.713064] pci_bus 0000:00: root bus resource [io  0x0d00-0xffff window]
[    4.715282] pci_bus 0000:00: root bus resource [mem 0x000a0000-0x000bffff window]
[    4.749420] pci_bus 0000:00: root bus resource [mem 0x2d000000-0xfdffffff window]
[    4.825797] pci_bus 0000:00: root bus resource [bus 00-ff]
[    4.830778] pci 0000:00:01.1: legacy IDE quirk: reg 0x10: [io  0x01f0-0x01f7]
[    4.918382] pci 0000:00:01.1: legacy IDE quirk: reg 0x14: [io  0x03f6]
[    4.921738] pci 0000:00:01.1: legacy IDE quirk: reg 0x18: [io  0x0170-0x0177]
[    4.956539] pci 0000:00:01.1: legacy IDE quirk: reg 0x1c: [io  0x0376]
[    5.055035] pci 0000:00:07.0: quirk: [io  0x4000-0x403f] claimed by PIIX4 ACPI
[    5.060658] pci 0000:00:07.0: quirk: [io  0x4100-0x410f] claimed by PIIX4 SMB
[    5.135301] ACPI: PCI Interrupt Link [LNKA] (IRQs 5 9 10 *11)
[    5.187812] ACPI: PCI Interrupt Link [LNKB] (IRQs 5 9 *10 11)
[    5.192022] ACPI: PCI Interrupt Link [LNKC] (IRQs 5 *9 10 11)
[    5.227972] ACPI: PCI Interrupt Link [LNKD] (IRQs 5 9 10 *11)
[    5.252209] ACPI: Enabled 2 GPEs in block 00 to 07
[    5.258150] vgaarb: setting as boot device: PCI:0000:00:02.0
[    5.277771] vgaarb: device added: PCI:0000:00:02.0,decodes=io+mem,owns=io+mem,locks=none
[    5.325007] vgaarb: loaded
[    5.326621] vgaarb: bridge control possible 0000:00:02.0
[    5.329212] SCSI subsystem initialized
[    5.330976] ACPI: bus type USB registered
[    5.353207] usbcore: registered new interface driver usbfs
[    5.443417] usbcore: registered new interface driver hub
[    5.445163] usbcore: registered new device driver usb
[    5.447487] PCI: Using ACPI for IRQ routing
[    5.471692] NetLabel: Initializing
[    5.541363] NetLabel:  domain hash size = 128
[    5.544997] NetLabel:  protocols = UNLABELED CIPSOv4
[    5.546686] NetLabel:  unlabeled traffic allowed by default
[    5.549403] amd_nb: Cannot enumerate AMD northbridges
[    5.662609] clocksource: Switched to clocksource kvm-clock
[    5.679492] AppArmor: AppArmor Filesystem Enabled
[    5.762946] pnp: PnP ACPI init
[    5.766854] pnp: PnP ACPI: found 3 devices
[    5.991661] clocksource: acpi_pm: mask: 0xffffff max_cycles: 0xffffff, max_idle_ns: 2085701024 ns
[    6.064309] NET: Registered protocol family 2
[    6.157267] TCP established hash table entries: 8192 (order: 4, 65536 bytes)
[    6.159437] TCP bind hash table entries: 8192 (order: 5, 131072 bytes)
[    6.161561] TCP: Hash tables configured (established 8192 bind 8192)
[    6.251817] UDP hash table entries: 512 (order: 2, 16384 bytes)
[    6.254760] UDP-Lite hash table entries: 512 (order: 2, 16384 bytes)
[    6.257893] NET: Registered protocol family 1
[    6.259438] pci 0000:00:00.0: Limiting direct PCI/PCI transfers
[    6.367594] pci 0000:00:01.0: Activating ISA DMA hang workarounds
[    6.413063] Unpacking initramfs...
[    6.927814] Freeing initrd memory: 14832K
[    6.982555] clocksource: tsc: mask: 0xffffffffffffffff max_cycles: 0x2b2296bc2b9, max_idle_ns: 440795321505 ns
[    7.294190] platform rtc_cmos: registered platform RTC device (no PNP device found)
[    7.297033] Scanning for low memory corruption every 60 seconds
[    7.390700] audit: initializing netlink subsys (disabled)
[    7.392574] audit: type=2000 audit(1566578111.145:1): initialized
[    7.416122] Initialise system trusted keyring
[    7.444900] HugeTLB registered 2 MB page size, pre-allocated 0 pages
[    7.493664] zbud: loaded
[    7.511816] VFS: Disk quotas dquot_6.6.0
[    7.518171] VFS: Dquot-cache hash table entries: 512 (order 0, 4096 bytes)
[    7.569109] squashfs: version 4.0 (2009/01/31) Phillip Lougher
[    7.574958] fuse init (API version 7.23)
[    7.586117] Key type big_key registered
[    7.613570] Allocating IMA MOK and blacklist keyrings.
[    7.644542] Key type asymmetric registered
[    7.646019] Asymmetric key parser 'x509' registered
[    7.647802] Block layer SCSI generic (bsg) driver version 0.4 loaded (major 249)
[    7.714636] io scheduler noop registered
[    7.733421] io scheduler deadline registered (default)
[    7.745507] io scheduler cfq registered
[    7.822321] pci_hotplug: PCI Hot Plug PCI Core version: 0.5
[    7.838869] pciehp: PCI Express Hot Plug Controller Driver version: 0.4
[    7.841851] ACPI: AC Adapter [AC] (on-line)
[    7.843397] input: Power Button as /devices/LNXSYSTM:00/LNXPWRBN:00/input/input0
[    7.862784] ACPI: Power Button [PWRF]
[    7.864431] input: Sleep Button as /devices/LNXSYSTM:00/LNXSLPBN:00/input/input1
[    7.953697] ACPI: Sleep Button [SLPF]
[    7.955393] GHES: HEST is not enabled!
[    7.956929] Serial: 8250/16550 driver, 32 ports, IRQ sharing enabled
[    8.029979] 00:02: ttyS0 at I/O 0x3f8 (irq = 4, base_baud = 115200) is a 16550A
[    8.040525] Linux agpgart interface v0.103
[    8.116011] loop: module loaded
[    8.119584] scsi host0: ata_piix
[    8.136343] scsi host1: ata_piix
[    8.213298] ata1: PATA max UDMA/33 cmd 0x1f0 ctl 0x3f6 bmdma 0xd000 irq 14
[    8.237803] ata2: PATA max UDMA/33 cmd 0x170 ctl 0x376 bmdma 0xd008 irq 15
[    8.325804] libphy: Fixed MDIO Bus: probed
[    8.328341] tun: Universal TUN/TAP device driver, 1.6
[    8.330700] tun: (C) 1999-2004 Max Krasnyansky <maxk@qualcomm.com>
[    8.335536] PPP generic driver version 2.4.2
[    8.338299] ehci_hcd: USB 2.0 'Enhanced' Host Controller (EHCI) Driver
[    8.342137] ehci-pci: EHCI PCI platform driver
[    8.348198] ehci-platform: EHCI generic platform driver
[    8.351865] ohci_hcd: USB 1.1 'Open' Host Controller (OHCI) Driver
[    8.356706] ohci-pci: OHCI PCI platform driver
[    8.359429] ohci-platform: OHCI generic platform driver
[    8.362964] uhci_hcd: USB Universal Host Controller Interface driver
[    8.368841] i8042: PNP: PS/2 Controller [PNP0303:PS2K,PNP0f03:PS2M] at 0x60,0x64 irq 1,12
[    8.374529] serio: i8042 KBD port at 0x60,0x64 irq 1
[    8.377556] serio: i8042 AUX port at 0x60,0x64 irq 12
[    8.384534] mousedev: PS/2 mouse device common for all mice
[    8.391824] input: AT Translated Set 2 keyboard as /devices/platform/i8042/serio0/input/input2
[    8.398190] rtc_cmos rtc_cmos: rtc core: registered rtc_cmos as rtc0
[    8.402487] rtc_cmos rtc_cmos: alarms up to one day, 114 bytes nvram
[    8.438603] i2c /dev entries driver
[    8.459641] device-mapper: uevent: version 1.0.3
[    8.481516] device-mapper: ioctl: 4.34.0-ioctl (2015-10-28) initialised: dm-devel@redhat.com
[    8.524951] ledtrig-cpu: registered to indicate activity on CPUs
[    8.553130] NET: Registered protocol family 10
[    8.561205] NET: Registered protocol family 17
[    8.566810] Key type dns_resolver registered
[    8.600392] registered taskstats version 1
[    8.677443] Loading compiled-in X.509 certificates
[    8.751625] Loaded X.509 cert 'Build time autogenerated kernel key: d14182f9795b80ec340f636a5a08bf5817ccd8e7'
[    8.783489] zswap: loaded using pool lzo/zbud
[    8.849673] Key type trusted registered
[    8.880689] Key type encrypted registered
[    8.883544] AppArmor: AppArmor sha1 policy hashing enabled
[    8.886101] ima: No TPM chip found, activating TPM-bypass!
[    8.889219] ima: Allocated hash algorithm: sha1
[    8.937729] evm: HMAC attrs: 0x1
[    8.939459]   Magic number: 15:467:591
[    8.941376] rtc_cmos rtc_cmos: setting system clock to 2019-08-23 16:35:07 UTC (1566578107)
[    8.954361] BIOS EDD facility v0.16 2004-Jun-25, 0 devices found
[    8.965008] EDD information not available.
[    9.048954] Freeing unused kernel memory: 1488K
[    9.074624] Write protecting the kernel read-only data: 14336k
[    9.176964] Freeing unused kernel memory: 1608K
[    9.256301] Freeing unused kernel memory: 64K
Loading, please wait...
starting version 229
[    9.595774] random: systemd-udevd: uninitialized urandom read (16 bytes read, 5 bits of entropy available)
[    9.659780] random: systemd-udevd: uninitialized urandom read (16 bytes read, 5 bits of entropy available)
[    9.693034] random: systemd-udevd: uninitialized urandom read (16 bytes read, 5 bits of entropy available)
[    9.765882] random: udevadm: uninitialized urandom read (16 bytes read, 5 bits of entropy available)
[    9.769115] random: udevadm: uninitialized urandom read (16 bytes read, 5 bits of entropy available)
[    9.831741] random: systemd-udevd: uninitialized urandom read (16 bytes read, 5 bits of entropy available)
[    9.969463] random: systemd-udevd: uninitialized urandom read (16 bytes read, 5 bits of entropy available)
[    9.980519] random: systemd-udevd: uninitialized urandom read (16 bytes read, 5 bits of entropy available)
[   10.068929] random: systemd-udevd: uninitialized urandom read (16 bytes read, 5 bits of entropy available)
[   10.077148] random: systemd-udevd: uninitialized urandom read (16 bytes read, 5 bits of entropy available)
[   10.743465] Fusion MPT base driver 3.04.20
[   10.803066] Copyright (c) 1999-2008 LSI Corporation
[   10.828328] e1000: Intel(R) PRO/1000 Network Driver - version 7.3.21-k8-NAPI
[   10.914067] e1000: Copyright (c) 1999-2006 Intel Corporation.
[   11.218334] input: ImExPS/2 Generic Explorer Mouse as /devices/platform/i8042/serio1/input/input4
[   11.329074] Fusion MPT SPI Host driver 3.04.20
[   11.408368] mptbase: ioc0: Initiating bringup
[   11.667214] ioc0: LSI53C1030 A0: Capabilities={Initiator}
[   11.904994] scsi host2: ioc0: LSI53C1030 A0, FwRev=00000000h, Ports=1, MaxQ=256, IRQ=20
[   12.145831] scsi 2:0:0:0: Direct-Access     VBOX     HARDDISK         1.0  PQ: 0 ANSI: 5
[   12.151026] scsi target2:0:0: Beginning Domain Validation
[   12.160417] scsi target2:0:0: Domain Validation skipping write tests
[   12.176069] scsi target2:0:0: Ending Domain Validation
[   12.197018] scsi target2:0:0: asynchronous
[   12.257148] scsi 2:0:1:0: Direct-Access     VBOX     HARDDISK         1.0  PQ: 0 ANSI: 5
[   12.280462] scsi target2:0:1: Beginning Domain Validation
[   12.540216] scsi target2:0:1: Domain Validation skipping write tests
[   12.552243] scsi target2:0:1: Ending Domain Validation
[   12.571028] scsi target2:0:1: asynchronous
[   12.786748] sd 2:0:0:0: Attached scsi generic sg0 type 0
[   12.798763] sd 2:0:0:0: [sda] 20971520 512-byte logical blocks: (10.7 GB/10.0 GiB)
[   12.891961] sd 2:0:1:0: [sdb] 20480 512-byte logical blocks: (10.5 MB/10.0 MiB)
[   12.955058] sd 2:0:1:0: Attached scsi generic sg1 type 0
[   13.066263] sd 2:0:1:0: [sdb] Write Protect is off
[   13.163693] sd 2:0:0:0: [sda] Write Protect is off
[   13.205442] sd 2:0:0:0: [sda] Incomplete mode parameter data
[   13.267525] sd 2:0:0:0: [sda] Assuming drive cache: write through
[   13.344482] sd 2:0:1:0: [sdb] Incomplete mode parameter data
[   13.362085] sd 2:0:1:0: [sdb] Assuming drive cache: write through
[   13.408295]  sda: sda1
[   13.413103] e1000 0000:00:03.0 eth0: (PCI:33MHz:32-bit) 02:52:2e:48:de:28
[   13.423952] e1000 0000:00:03.0 eth0: Intel(R) PRO/1000 Network Connection
[   13.475164] sd 2:0:1:0: [sdb] Attached SCSI disk
[   13.486035] sd 2:0:0:0: [sda] Attached SCSI disk
[   13.501398] e1000 0000:00:03.0 enp0s3: renamed from eth0
Begin: Loading essential drivers ... [   16.992118] md: linear personality registered for level -1
[   17.082008] md: multipath personality registered for level -4
[   17.128657] md: raid0 personality registered for level 0
[   17.279798] md: raid1 personality registered for level 1
[   17.476253] raid6: sse2x1   gen()  3603 MB/s
[   17.579927] raid6: sse2x1   xor()  3158 MB/s
[   17.683645] raid6: sse2x2   gen()  4446 MB/s
[   17.784192] raid6: sse2x2   xor()  3855 MB/s
[   17.888203] raid6: sse2x4   gen()  4247 MB/s
[   17.992421] raid6: sse2x4   xor()  2954 MB/s
[   18.099691] raid6: using algorithm sse2x2 gen() 4446 MB/s
[   18.102541] raid6: .... xor() 3855 MB/s, rmw enabled
[   18.104474] raid6: using ssse3x2 recovery algorithm
[   18.115137] xor: measuring software checksum speed
[   18.226026]    prefetch64-sse: 32435.000 MB/sec
[   18.334876]    generic_sse: 19359.000 MB/sec
[   18.411347] xor: using function: prefetch64-sse (32435.000 MB/sec)
[   18.442217] async_tx: api initialized (async)
[   18.723646] md: raid6 personality registered for level 6
[   18.729950] md: raid5 personality registered for level 5
[   18.731713] md: raid4 personality registered for level 4
[   18.846527] md: raid10 personality registered for level 10
done.
Begin: Running /scripts/init-premount ... done.
Begin: Mounting root file system ... Begin: Running /scripts/local-top ... done.
Begin: Running /scripts/local-premount ... [   19.332662] Btrfs loaded
Scanning for Btrfs filesystems
done.
Warning: fsck not present, so skipping root file system
[   19.704469] EXT4-fs (sda1): mounted filesystem with ordered data mode. Opts: (null)
done.
Begin: Running /scripts/local-bottom ... done.
Begin: Running /scripts/init-bottom ... done.
[   20.322604] random: nonblocking pool is initialized
[   20.942532] systemd[1]: systemd 229 running in system mode. (+PAM +AUDIT +SELINUX +IMA +APPARMOR +SMACK +SYSVINIT +UTMP +LIBCRYPTSETUP +GCRYPT +GNUTLS +ACL +XZ -LZ4 +SECCOMP +BLKID +ELFUTILS +KMOD -IDN)
[   20.970241] systemd[1]: Detected virtualization oracle.
[   21.077399] systemd[1]: Detected architecture x86-64.

Welcome to [1mUbuntu 16.04.6 LTS[0m!

[   21.111822] systemd[1]: Set hostname to <ubuntu>.
[   21.159326] systemd[1]: Initializing machine ID from random generator.
[   21.189532] systemd[1]: Installed transient /etc/machine-id file.
[   22.659201] systemd[1]: Listening on Journal Socket (/dev/log).
[[0;32m  OK  [0m] Listening on Journal Socket (/dev/log).
[   22.675682] systemd[1]: Listening on Journal Socket.
[[0;32m  OK  [0m] Listening on Journal Socket.
[   22.691258] systemd[1]: Listening on udev Control Socket.
[[0;32m  OK  [0m] Listening on udev Control Socket.
[   22.702048] systemd[1]: Listening on /dev/initctl Compatibility Named Pipe.
[[0;32m  OK  [0m] Listening on /dev/initctl Compatibility Named Pipe.
[   22.706950] systemd[1]: Listening on LVM2 metadata daemon socket.
[[0;32m  OK  [0m] Listening on LVM2 metadata daemon socket.
[   22.741113] systemd[1]: Created slice User and Session Slice.
[[0;32m  OK  [0m] Created slice User and Session Slice.
[   22.821606] systemd[1]: Listening on Journal Audit Socket.
[[0;32m  OK  [0m] Listening on Journal Audit Socket.
[   22.840260] systemd[1]: Listening on udev Kernel Socket.
[[0;32m  OK  [0m] Listening on udev Kernel Socket.
[   22.849415] systemd[1]: Reached target User and Group Name Lookups.
[[0;32m  OK  [0m] Reached target User and Group Name Lookups.
[   22.873748] systemd[1]: Listening on LVM2 poll daemon socket.
[[0;32m  OK  [0m] Listening on LVM2 poll daemon socket.
[   22.893284] systemd[1]: Listening on Syslog Socket.
[[0;32m  OK  [0m] Listening on Syslog Socket.
[   22.923107] systemd[1]: Reached target System Time Synchronized.
[[0;32m  OK  [0m] Reached target System Time Synchronized.
[   22.964461] systemd[1]: Reached target Swap.
[[0;32m  OK  [0m] Reached target Swap.
[   23.023095] systemd[1]: Reached target Encrypted Volumes.
[[0;32m  OK  [0m] Reached target Encrypted Volumes.
[   23.033663] systemd[1]: Started Forward Password Requests to Wall Directory Watch.
[[0;32m  OK  [0m] Started Forward Password Requests to Wall Directory Watch.
[   23.102435] systemd[1]: Started Trigger resolvconf update for networkd DNS.
[[0;32m  OK  [0m] Started Trigger resolvconf update for networkd DNS.
[   23.107833] systemd[1]: Set up automount Arbitrary Executable File Formats File System Automount Point.
[[0;32m  OK  [0m] Set up automount Arbitrary Executab...ats File System Automount Point.
[   23.137874] systemd[1]: Created slice System Slice.
[[0;32m  OK  [0m] Created slice System Slice.
[   23.155947] systemd[1]: Starting Remount Root and Kernel File Systems...
         Starting Remount Root and Kernel File Systems...
[   23.239216] systemd[1]: Starting Uncomplicated firewall...
         Starting Uncomplicated firewall...
[   23.351135] systemd[1]: Starting Create list of required static device nodes for the current kernel...
         Starting Create list of required st... nodes for[   23.594843] EXT4-fs (sda1): re-mounted. Opts: (null)
 the current kernel...
[   23.645647] systemd[1]: Created slice system-serial\x2dgetty.slice.
[[0;32m  OK  [0m] Created slice system-serial\x2dgetty.slice.
[   23.739686] systemd[1]: Starting Set console keymap...
         Starting Set console keymap...
[   23.821259] systemd[1]: Starting Journal Service...
         Starting Journal Service...
[   23.982468] systemd[1]: Starting Nameserver information manager...
         Starting Nameserver information manager...
[   24.009411] systemd[1]: Mounting Debug File System...
         Mounting Debug File System...
[   24.175582] systemd[1]: Mounting POSIX Message Queue File System...
         Mounting POSIX Message Queue File System...
[   24.484277] systemd[1]: Reached target Slices.
[[0;32m  OK  [0m] Reached target Slices.
[   24.752399] systemd[1]: Starting Load Kernel Modules...
         Starting Load Kernel Modules...
[   24.814605] systemd[1]: Listening on Device-mapper event daemon FIFOs.
[[0;32m  OK  [0m] Listening on [   24.932660] Loading iSCSI transport class v2.0-870.
Device-mapper event daemon FIFOs.
[   25.106775] systemd[1]: Starting Monitoring of LVM2 mirrors, snapshots etc. using dmeventd or progress polling...
         Starting Monitoring of LVM2 mirrors... dmeventd or progress polling...
[   25.238310] systemd[1]: Mounting Huge Pages File System...
[   25.340803] iscsi: registered transport (tcp)
         Mounting Huge Pages File System...
[   25.631843] systemd[1]: Mounted Debug File System.
[[0;32m  OK  [0m] Mounted Debug File System.
[   25.651225] systemd[1]: Mounted Huge Pages File System.
[[0;32m  OK  [0[   25.734331] iscsi: registered transport (iser)
m] Mounted Huge Pages File System.
[   25.814364] systemd[1]: Mounted POSIX Message Queue File System.
[[0;32m  OK  [0m] Mounted POSIX Message Queue File System.
[   25.836442] systemd[1]: Started Journal Service.
[[0;32m  OK  [0m] Started Journal Service.
[[0;32m  OK  [0m] Started Remount Root and Kernel File Systems.
[[0;32m  OK  [0m] Started Uncomplicated firewall.
[[0;32m  OK  [0m] Started Create list of required sta...ce nodes for the current kernel.
[[0;32m  OK  [0m] Started Set console keymap.
[[0;32m  OK  [0m] Started Load Kernel Modules.
[[0;32m  OK  [0m] Started Nameserver information manager.
[[0;32m  OK  [0m] Started LVM2 metadata daemon.
         Mounting FUSE Control File System...
         Starting Apply Kernel Variables...
         Starting Create Static Device Nodes in /dev...
         Starting udev Coldplug all Devices...
         Starting Load/Save Random Seed...
         Starting Flush Journal to Persistent Storage...
[[0;32m  OK  [0m] Mounted FUSE Control File System.
[   27.720783] systemd-journald[355]: Received request to flush runtime journal from PID 1
[[0;32m  OK  [0m] Started Apply Kernel Variables.
[[0;32m  OK  [0m] Started Load/Save Random Seed.
[[0;32m  OK  [0m] Started Flush Journal to Persistent Storage.
[[0;32m  OK  [0m] Started Monitoring of LVM2 mirrors,...ng dmeventd or progress polling.
[[0;32m  OK  [0m] Started Create Static Device Nodes in /dev.
         Starting udev Kernel Device Manager...
[[0;32m  OK  [0m] Reached target Local File Systems (Pre).
[[0;32m  OK  [0m] Reached target Local File Systems.
         Starting Commit a transient machine-id on disk...
         Starting Tell Plymouth To Write Out Runtime Data...
         Starting LSB: AppArmor initialization...
         Starting Initial cloud-init job (pre-networking)...
         Starting Set console font and keymap...
         Starting Create Volatile Files and Directories...
[[0;32m  OK  [0m] Started udev Kernel Device Manager.
[[0;32m  OK  [0m] Started Commit a transient machine-id on disk.
[[0;32m  OK  [0m] Started Tell Plymouth To Write Out Runtime Data.
[[0;32m  OK  [0m] Started udev Coldplug all Devices.
[[0;32m  OK  [0m] Started Create Volatile Files and Directories.
         Starting Update UTMP about System Boot/Shutdown...
[[0;32m  OK  [0m] Started Dispatch Password Requests to Console Directory Watch.
[[0;32m  OK  [0m] Started Update UTMP about System Boot/Shutdown.
[[0;32m  OK  [0m] Found device /dev/ttyS0.
[[0;32m  OK  [0m] Listening on Load/Save RF Kill Switch Status /dev/rfkill Watch.
[[0;32m  OK  [0m] Started LSB: AppArmor initialization.
[   41.540529] cloud-init[473]: Cloud-init v. 19.1-1-gbaa47854-0ubuntu1~16.04.1 running 'init-local' at Fri, 23 Aug 2019 16:35:38 +0000. Up 35.14 seconds.
[[0;32m  OK  [0m] Started Initial cloud-init job (pre-networking).
[[0;32m  OK  [0m] Reached target Network (Pre).
         Starting Raise network interfaces...
[[0;32m  OK  [0m] Started Set console font and keymap.
[[0;32m  OK  [0m] Created slice system-getty.slice.
[[0;32m  OK  [0m] Started Raise network interfaces.
[[0;32m  OK  [0m] Reached target Network.
         Starting Initial cloud-init job (metadata service crawler)...
[   57.845554] cloud-init[942]: Cloud-init v. 19.1-1-gbaa47854-0ubuntu1~16.04.1 running 'init' at Fri, 23 Aug 2019 16:35:54 +0000. Up 51.57 seconds.
[   57.960661] cloud-init[942]: ci-info: ++++++++++++++++++++++++++++++++++++++Net device info++++++++++++++++++++++++++++++++++++++
[   57.981783] cloud-init[942]: ci-info: +--------+------+----------------------------+---------------+--------+-------------------+
[   57.995137] cloud-init[942]: ci-info: | Device |  Up  |          Address           |      Mask     | Scope  |     Hw-Address    |
[   58.010627] cloud-init[942]: ci-info: +--------+------+----------------------------+---------------+--------+-------------------+
[   58.022427] cloud-init[942]: ci-info: | enp0s3 | True |         10.0.2.15          | 255.255.255.0 | global | 02:52:2e:48:de:28 |
[   58.037908] cloud-init[942]: ci-info: | enp0s3 | True | fe80::52:2eff:fe48:de28/64 |       .       |  link  | 02:52:2e:48:de:28 |
[   58.050415] cloud-init[942]: ci-info: |   lo   | True |         127.0.0.1          |   255.0.0.0   |  host  |         .         |
[   58.144685] cloud-init[942]: ci-info: |   lo   | True |          ::1/128           |       .       |  host  |         .         |
[   58.210764] cloud-init[942]: ci-info: +--------+------+----------------------------+---------------+--------+-------------------+
[   58.238880] cloud-init[942]: ci-info: +++++++++++++++++++++++++++Route IPv4 info++++++++++++++++++++++++++++
[   58.296014] cloud-init[942]: ci-info: +-------+-------------+----------+---------------+-----------+-------+
[   58.342433] cloud-init[942]: ci-info: | Route | Destination | Gateway  |    Genmask    | Interface | Flags |
[   58.398707] cloud-init[942]: ci-info: +-------+-------------+----------+---------------+-----------+-------+
[   58.434239] cloud-init[942]: ci-info: |   0   |   0.0.0.0   | 10.0.2.2 |    0.0.0.0    |   enp0s3  |   UG  |
[   58.512220] cloud-init[942]: ci-info: |   1   |   10.0.2.0  | 0.0.0.0  | 255.255.255.0 |   enp0s3  |   U   |
[   58.635526] [[0;32m  OK  [0m] Started Initial cloud-init job (metadata service crawler).
[[0;32m  OK  [0m] Reached target System Initialization.
cloud-init[942]: ci-info: +-------+-------------+----------+---------------+-----------+-------+
[[0;32m  OK  [0m] Started Daily apt download activities.[   58.865328] cloud-init
[942]: ci-info: +++++++++++++++++++Route IPv6 info+++++++++++++++++++
[   58.872560] cloud-init[942]: ci-info: +-------+-------------+---------+-----------+-------+
[   58.876874] cloud-init[942]: ci-info: | Route | Destination | Gateway | Interface | Flags |
[   58.881459] cloud-init[942]: ci-info: +-------+-------------+---------+-----------+-------+
[[0;32m  OK  [0m] Started ACPI Events Check.
[[0;32m  OK  [0m] Reached target Paths.
[   58.892277] cloud-init[942]: ci-info: |   0   |  fe80::/64  |    ::   |   enp0s3  |   U   |
[   58.896477] cloud-init[942]: ci-info: |   4   |   ff00::/8  |    ::   |   enp0s3  |   U   |         
[   58.907294] cloud-init[942]: ci-info: +-------+-------------+---------+-----------+-------+
[   58.911354] cloud-init[942]: Generating public/private rsa key pair.
[   58.919619] Starting LXD - unix socket.
[[0;32m  OK  [0m] Started Daily Cleanup of Temporary Directories.cloud-init[942]: Your identification has been saved in /etc/ssh/ssh_host_rsa_key.
[   58.927733] cloud-init[942]: Your public key has been saved in /etc/ssh/ssh_host_rsa_key.pub.
[   58.935570] 
[[0;32m  OK  [0m] cloud-init[942]: The key fingerprint is:
[   58.946003] cloud-init[942]: SHA256:Jc9daapRKKVbTf8u/wYxHeJGkjvDFAnHJRvF/DNjc7s root@ubuntu-xenial
[   58.950867] cloud-init[942]: The key's randomart image is:
[   58.956357] Listening on ACPID Listen Socket.
[cloud-init[942]: +---[RSA 2048]----+
[   58.961891] cloud-init[942]: |         .+=Xo   |
[   58.964049] [0;32m  OK  [0m] Listening on D-Bus System Message Bus Socket.
cloud-init[942]: |         o.X+* o |
         [   58.973999] cloud-init[942]: |        + *.B B..|
Starting Socket activation for snappy daemon.
[[   58.981687] cloud-init[942]: |         O B *oOo|
[   58.984922] cloud-init[942]: |        S + * .oO|
[   58.987187] cloud-init[0;32m  OK  [0m] Started Daily apt upgrade and clean activities.
[[0;32m  OK  [0m[942]: ] Reached target Timers.
[[0;32m  OK  [0m] Listening on UUID daemon activation socket.
[[0;32m  OK  [0m] Reached target Cloud-config availability.
[[0;32m  OK  [0m] Reached target Network is Online.
         |           o  .o |
[   59.076123] cloud-initStarting iSCSI initiator daemon (iscsid)...[942]: |          .   ..o|
[   59.090606] cloud-init[942]: |               E.|
[   59.105572] cloud-init
[942]: |               .+|
[   59.128344] [[0;32m  OK  [0m] Listening on LXD - unix socket.
[[0;32m  OK  [0m] Listening on Socket activation for snappy daemon.
cloud-init[942]: +----[SHA256]-----+[[0;32m  OK  [0m] Reached target Sockets.
[[0;32m  OK  [0m] Reached target Basic System.

[   59.208024] cloud-init[942]: Generating public/private dsa key pair.
[   59.239715] cloud-init[942]: Your identification has been saved in /etc/ssh/ssh_host_dsa_key.         Starting Virtualbox guest utils...

[   59.330587] cloud-init[942]: Your public key has been saved in /etc/ssh/ssh_host_dsa_key.pub.         Starting LSB: MD monitoring daemon...

[   59.478452] cloud-init[942]: The key fingerprint is:
         [   59.500477] cloud-init[942]: SHA256:w0YYTj98EET5B+/MEEBekTI/6Xp0Hq3xXV8/+VgTB+Y root@ubuntu-xenialStarting System Logging Service...

[[   59.587611] [0;32m  OK  [0m] Started D-Bus System Message Bus.
cloud-init[942]: The key's randomart image is:
[   59.824936] cloud-init[942]: +---[DSA 1024]----+
[   59.871422] cloud-init[942]: |      o+B+oo     |
[   59.887873] cloud-init[942]: |     o *+o+      |
[   59.927468] cloud-init[942]: |      o *=.=  o  |
[   59.930525] cloud-init[942]: |       o o* oo . |
[   60.145154] cloud-init[942]: |        S. B .E..|
[   60.179117] cloud-init[942]: |       . .o B . =|
[   60.243055] cloud-init[942]: |         o o = oB|
[   60.343951] cloud-init[942]: |        . . o .==|
         Starting LSB: Record successful boot for GRUB...
[   60.400363] cloud-init[942]: |         .    . +|
[   60.500806] cloud-init[942]: +----[SHA256]-----+
[[0;32m  OK  [0m] Started ACPI event daemon.[   60.551972] cloud-init[942]: Generating public/private ecdsa key pair.

[   60.561682] cloud-init[942]: Your identification has been saved in /etc/ssh/ssh_host_ecdsa_key.
[   60.618543] cloud-init[942]: Your public key has been saved in /etc/ssh/ssh_host_ecdsa_key.pub.         Starting Login Service...
[   60.656118] cloud-init[942]: The key fingerprint is:
[
[0;32m  OK  [0m] Started FUSE filesystem for LXC.
[   60.848525] cloud-init[942]:          Starting Accounts Service...
SHA256:Y0ow/IPZyo7/Dp/8NwLvQqJQrTE+mypP4nuDjsgcf+k root@ubuntu-xenial[[0;32m  OK  [0m] Started Deferred execution scheduler.

[[0;32m  OK  [0m] Started Regular background program processing daemon.
[   61.148261] cloud-init[942]: The key's randomart image is:
         Starting Pollinate to seed the pseudo random number generator...
[   61.307693] cloud-init[942]: +---[ECDSA 256]---+
[   61.420410] cloud-init[942]: |                 |
         Starting /etc/rc.local Compatibility...
[   61.593356] cloud-init[942]: |   .             |
         Starting Snappy daemon...
[   61.621195] cloud-init[942]: |   .+            |
         Starting LXD - container startup/shutdown...[   61.784131] cloud-init[942]: |  + .B           |

[   61.825748] cloud-init[[0;32m  OK  [0m] Started System Logging Service.
[942]: | o +o = S        |
[   61.953558] cloud-init[942]: |. +..oo+ .       |
[   61.961939] [[0;32m  OK  [0m] Started /etc/rc.local Compatibility.
cloud-init[942]: |.oo=+ooo         |
[   62.307399] cloud-init[942]: |B+*= *..o o      |
[   62.768083] cloud-init[942]: |*O=o*E*+oo .     |[[0;32m  OK  [0m] Started Login Service.

[[0;32m  OK  [0m] Started Unattended Upgrades Shutdown.
[   63.082304] cloud-init[942]: +----[SHA256]-----+
[   63.169426] cloud-init[942]: Generating public/private ed25519 key pair.
[   63.233769] cloud-init[942]: Your identification has been saved in /etc/ssh/ssh_host_ed25519_key.
[[   63.383178] [0;32m  OK  [0m] Started iSCSI initiator daemon (iscsid).
         Starting Login to default iSCSI targets...
cloud-init[942]: Your public key has been saved in /etc/ssh/ssh_host_ed25519_key.pub.
[   63.753363] cloud-init[942]: The key fingerprint is:
[   63.816267] cloud-init[942]: SHA256:rpFy1/BAO7RGBt4TQdKfvxqXSvJDGqraygCsisEMi3M root@ubuntu-xenial
[   63.955161] cloud-init[942]: The key's randomart image is:
[   63.991655] cloud-init[942]: +--[ED25519 256]--+
[   64.034327] cloud-init[942]: |      oo+.       |
[   64.097016] cloud-init[942]: |     . +..       |
[[0;32m  OK  [0m] Started LSB: Record successful boot for GRUB.
[   64.193168] cloud-init[942]: |      . B. .     |
[   64.323666] cloud-init[942]: |.      = +o      |         Starting Authenticate and Authorize Users to Run Privileged Tasks...

[   64.570866] cloud-init[942]: |o.      S  .     |
[   64.912450] cloud-init[942]: |B.     +.*. ..   |
[   64.986688] cloud-init[942]: |BoE . +.++= o.   |
[   65.003345] cloud-init[942]: |o* . o.+.+.+.    |
[[0;32m  OK  [0m[   65.088300] cloud-init[942]: |o +oo..   +o     |
[   65.110931] cloud-init[942]: +----[SHA256]-----+
] Started LSB: MD monitoring daemon.
[[0;32m  OK  [0m] Started Login to default iSCSI targets.
[[0;32m  OK  [0m] Reached target Remote File Systems (Pre).
[[0;32m  OK  [0m] Reached target Remote File Systems.
         Starting LSB: automatic crash report generation...
         Starting LSB: daemon to balance interrupts for SMP systems...
         Starting LSB: Set the CPU Frequency Scaling governor to "ondemand"...
         Starting Permit User Sessions...
[[0;32m  OK  [0m] Started Permit User Sessions.
         Starting Terminate Plymouth Boot Screen...
         Starting Hold until boot process finishes up...
[[0;32m  OK  [0m] Started Authenticate and Authorize Users to Run Privileged Tasks.
[[0;32m  OK  [0m] Started Terminate Plymouth Boot Screen.
[[0;32m  OK  [0m] Started Hold until boot process finishes up.
[[0;32m  OK  [0m] Started Accounts Service.
         Starting Set console scheme...
[[0;32m  OK  [0m] Started Serial Getty on ttyS0.
[[0;32m  OK  [0m] Started Getty on tty1.
[[0;32m  OK  [0m] Reached target Login Prompts.
[[0;32m  OK  [0m] Started LXD - container startup/shutdown.
[[0;32m  OK  [0m] Started Set console scheme.
[[0;32m  OK  [0m] Started LSB: Set the CPU Frequency Scaling governor to "ondemand".
[[0;32m  OK  [0m] Started LSB: daemon to balance interrupts for SMP systems.
[[0;32m  OK  [0m] Started Virtualbox guest utils.
[[0;32m  OK  [0m] Started LSB: automatic crash report generation.
[[0;32m  OK  [0m] Started Snappy daemon.
         Starting Wait until snapd is fully seeded...

Ubuntu 16.04.6 LTS ubuntu-xenial ttyS0

ubuntu-xenial login: [   83.316940] cloud-init[1383]: Generating locales (this might take a while)...
[   93.958997] cloud-init[1383]:   en_US.UTF-8... done
[   93.974318] cloud-init[1383]: Generation complete.
[   99.100859] cloud-init[1383]: Cloud-init v. 19.1-1-gbaa47854-0ubuntu1~16.04.1 running 'modules:config' at Fri, 23 Aug 2019 16:36:24 +0000. Up 81.49 seconds.
ci-info: no authorized ssh keys fingerprints found for user ubuntu.
<14>Aug 23 16:36:46 ec2: 
<14>Aug 23 16:36:46 ec2: #############################################################
<14>Aug 23 16:36:46 ec2: -----BEGIN SSH HOST KEY FINGERPRINTS-----
<14>Aug 23 16:36:46 ec2: 1024 SHA256:w0YYTj98EET5B+/MEEBekTI/6Xp0Hq3xXV8/+VgTB+Y root@ubuntu-xenial (DSA)
<14>Aug 23 16:36:46 ec2: 256 SHA256:Y0ow/IPZyo7/Dp/8NwLvQqJQrTE+mypP4nuDjsgcf+k root@ubuntu-xenial (ECDSA)
<14>Aug 23 16:36:46 ec2: 256 SHA256:rpFy1/BAO7RGBt4TQdKfvxqXSvJDGqraygCsisEMi3M root@ubuntu-xenial (ED25519)
<14>Aug 23 16:36:46 ec2: 2048 SHA256:Jc9daapRKKVbTf8u/wYxHeJGkjvDFAnHJRvF/DNjc7s root@ubuntu-xenial (RSA)
<14>Aug 23 16:36:46 ec2: -----END SSH HOST KEY FINGERPRINTS-----
<14>Aug 23 16:36:46 ec2: #############################################################
-----BEGIN SSH HOST KEY KEYS-----
ecdsa-sha2-nistp256 AAAAE2VjZHNhLXNoYTItbmlzdHAyNTYAAAAIbmlzdHAyNTYAAABBBLCHdQ3PfIm0seiaKw4INx74ms8QX0F4/3JtNGKvDM4urRZpi9j+YITgjdantCH4wqvL8o3NssTVGydvGDeBOrc= root@ubuntu-xenial
ssh-ed25519 AAAAC3NzaC1lZDI1NTE5AAAAIBnUGup88pSx2vfe2VaUEu+51FmYxJjSIPtsqENLO6VK root@ubuntu-xenial
ssh-rsa AAAAB3NzaC1yc2EAAAADAQABAAABAQDj5ae55B2xSUAvByfczRke18PgtGpeSeiRoyu2M6SOdw3uik42YEVGkWPm6HWg95WLR16fNnKht/jhd6GpAfUwyoDKLEcB95p4uoei22sMbrnX2V8zabLWDgOGosqEOOb0yjkfiGJ9+ROsOMLBy2YcrdjF98naTgI64SYzR6afGSousq4+9eO7G2fcpWwvwx36luaBY445Y3YjvNwgrusL00Y/gv3x7heFZu7UPiSzOz+8lujBvZ6BHLrSmt3TgN53au4fLUT2g875qQjEMaxjfHx01G1U0p8mQssuGbtO54dBB1I8cwzJobbvm8O7Nyrj+NPOdYqcDltJx1nkUi5V root@ubuntu-xenial
-----END SSH HOST KEY KEYS-----
[  103.972618] cloud-init[1601]: Cloud-init v. 19.1-1-gbaa47854-0ubuntu1~16.04.1 running 'modules:final' at Fri, 23 Aug 2019 16:36:45 +0000. Up 102.20 seconds.
[  103.973464] cloud-init[1601]: ci-info: no authorized ssh keys fingerprints found for user ubuntu.
[  103.974024] cloud-init[1601]: Cloud-init v. 19.1-1-gbaa47854-0ubuntu1~16.04.1 finished at Fri, 23 Aug 2019 16:36:47 +0000. Datasource DataSourceNoCloud [seed=/dev/sdb][dsmode=net].  Up 103.93 seconds
