[    0.000000] Initializing cgroup subsys cpuset
[    0.000000] Initializing cgroup subsys cpu
[    0.000000] Initializing cgroup subsys cpuacct
[    0.000000] Linux version 4.4.0-159-generic (buildd@lgw01-amd64-042) (gcc version 5.4.0 20160609 (Ubuntu 5.4.0-6ubuntu1~16.04.10) ) #187-Ubuntu SMP Thu Aug 1 16:28:06 UTC 2019 (Ubuntu 4.4.0-159.187-generic 4.4.185)
[    0.000000] Command line: BOOT_IMAGE=/boot/vmlinuz-4.4.0-159-generic root=LABEL=cloudimg-rootfs ro console=tty1 console=ttyS0
[    0.000000] KERNEL supported cpus:
[    0.000000]   Intel GenuineIntel
[    0.000000]   AMD AuthenticAMD
[    0.000000]   Centaur CentaurHauls
[    0.000000] x86/fpu: Legcy87 FPU detected.
[  0.00000] e820: BIOS-provided physical RAM map:
[    0.000000] BIOS-e820:mem 0x0000000000000000-0x000000000009fbff] usable
[    0.000000] BIOS-e820: [mem 0x000000000009fc00-0x000000000009ffff] reserved
[    0.000000] BIOS-e820: [mem 0x00000000000f0000-0x00000000000fffff] reserved
[    0.000000] BIOS-e820: [mem 0x0000000000100000-0x000000003ffeffff] usable
[    0.000000] BIOS-e820: [mem 0x000000003fff0000-0x000000003fffffff] ACPI data
[    0.000000] BIOS-e820: [mem 0x00000000fec00000-0x00000000fec00fff] reserved
[    0.000000] BIOS-e820: [mem 0x0000000fee00000-0x00000000fee00fff] reserved
[    0.000000] BIOS-e820: [mem 0x00000000fffc0000-0x00000000ffffffff] reserved
[    0.000000] NX (Execute Disable) protection: active
[    0.000000] SMBIOS 2.5 present.
[    0.000000] Hypervisor detected: KVM
[    0.000000] e820: last_pfn = 0x3fff0 max_arch_pfn = 0x400000000
[    0.000000] MTRR: Disabled
[    0.000000] x86/PAT: MTRRs disabled, skipping PAT initialization too.
[    0.000000] CPU MTRRs all blank - virtualized system.
[    0.000000] x86/PAT: Configuration [0-7]: WB  WT  UC- UC  WB  WT  UC- UC  
[    0.000000] found SMP MP-table at [mem 0x0009fff0-0x0009ffff] mapped at [ffff88000009fff0]
[    0.000000] Scanning 1 areas for low memory corruption
[    0.000000] RAMDISK: [mem 0x362f8000-0x37173fff]
[    0.000000] ACPI: Early table checksum verification disabled
[    0.0000 ACPI: RSDP 0x00000000000E0000 000024 (v02 VBOX  )
[    0.000000] ACPI: XSDT 0x000000003FFF0030 00003C (v01 VBOX   VBOXXSDT 00000001 ASL  00000061)
[    0.000000] ACPI: FACP 0x000000003FFF00F0 0000F4 (v04 VBOX   VBOXFACP 00000001 ASL  00000061)
[    0.000000] ACPI: DSDT 0x000000003FFF0470 0021FF (v02 VBOX   VBOXBIOS 00000002 INTL 20180105)
[    0.000000] ACPI: FACS 0x000000003FFF0200 000040
[    0.000000] ACPI: FACS 0x000000003FFF0200 000040
[    0.000000] ACPI: APIC 0x000000003FFF0240 00005C (v02 VBOX   VBOXAPIC 00000001 ASL  00000061)
[    0.000000] ACPI: SSDT 0x000000003FFF02A0 01CC (v01 VBOX   VBOXCPUT 00000002 INTL 20180105)
[    0.000000] No NUMA configuration found
[    0.000000] Faking a node at [mem 0x0000000000000000-0x000000003ffeffff]
[    0.000000] NODE_DATA(0) allocated [mem 0x3ffeb000-0x3ffeffff]
[    0.000000] kvclock: Using msrs 4b564d01 and 4b564d00
[    0.000000] kvm-clock: cpu 0, msr 0:3ffe3001, primary cpu clock
[    0.000000] kvm-clo: using sched offset of 5505624985 cycles
[    0.000000] clocksource: kvm-cck: mask: 0xffffffffffffffff max_cycles: 0x1cd42e4dffb, max_idle_ns: 881590591483 ns
[    0.000000] Zone ranges:
[    0.000000]   DMA      [mem 0x0000000000001000-0x0000000000ffffff]
[    0.000000]   DMA32    [mem 0x0000000001000000-0x000000003ffeffff]
[    0.000000]   Normal   empty
[  0.000000]   Device   empty
[    0.000000] Movable zone start for each node
[    0.000000] Early memory node ranges
[    0.000000]   node   0: [mem 0x0000000000001000-0x000000000009efff]
[    0.000000]   node   0: [mem 0x0000000000100000-0x000000003ffeffff]
[    0.000000] Initmem setup node 0 [mem 0x0000000000001000-0x000000003ffeffff]
[    0.000000] ACPI: PM-Timer  Por 0x4008
[    0.000000] IOAPIC[0]: apic_id 2, version 32, address 0xfec00000, GSI 0-23
[    0.000000] ACPI: INT_SRC_OVR (bus 0 bus_irq 0 global_irq 2 dfl dfl)
[    0.000000] ACPI: INT_SRC_OVR (bus 0 bus_irq 9 global_irq 9 low level)
[    0.000000] Using ACPI (MADT) for SMP configuration information
[    0.000000] smpboot: Allowing 2 CPUs, 0 hotplug CPUs
[    0.000000] PM: Registered nosave memory: [mem 0x00000000-0x00000fff]
[    0.000000] PM: Registered nosave memory: [mem 0x0009f000-0x0009ffff]
[    0.000000] PM: Registered nosave memory: [mem 0x000a0000-0x000effff]
[    0.000000] PM: Registered nosave memory: [mem 0x000f0000-0x000fffff]
[    0.000000] e820: [mem 0x40000000-0xfebfffff] available for PCI evices
[    0.00000] Botng paravirtualized kernel on KVM
[    0.000000] clocksource: refined-jiffies: mask: 0xffffffff max_cycles: 0xffffffff, max_idle_ns: 76455196002115 ns
[    0.000000] setup_percpu: NR_CPUS:512 nr_cpumask_bits:512 nr_cpuid:2 nr_node_ids:1
[    0.000000] PERCPU: Embedded 34 pages/cpu @ffff88003fc00000 s99544 r8192 d31528 u1048576
[    0.000000] Built 1 zonelists in Node order, mobility grouping on.  Total pages: 257912
[    0.000000] Policy zone: DMA32
[    0.000000] Kernel command line: BOOT_IMAGE=/oo/vmlinuz-4.4.0-159-generic root=LABEL=cloudimg-rootfs ro console=tty1 console=ttyS0
[    0.000000] PID hash table entries: 4096 (order: 3, 32768 bytes)
[    0.000000] Memory: 997724K/1048120K available (818 kernel code, 1335K rwdata, 4032K rodata, 1488K init, 1284K bss, 50396K reserved, 0K cma-reserved)
[    0.000000] SLUB: HWalign=64, Order=0-3, MinObjects=0, CPUs=2, Nodes=1
[    0.000000] Kernel/User page tables isolation: enabled
[    0.000000] Hierarchical RCU implementation.
[    0.000000] 	Build-time adjustment of leaf fanout to 64.
[    0.000000] 	RCU restricting CPUs from NR_CPUS=512 to nr_cpu_ids=2.
[    0.000000] RCU: Adjusting geometry for rcu_fanout_leaf=64, nr_cpu_ids=2
[    0.000000] NR_IRQS:33024 nr_irqs:440 16
[    0.000000] Console: colour VGA+ 80x25
[    0.000000] console [tty1] enabled
[    0.000000] console [ttyS0] enabled
[    .000000] tsc: Detected 2992.498 MHz processor
[    2.005876] Calibrating delay loop (skipped) preset value.. 5984.99 BogoMIPS (lpj=11969992)
[    2.009854] pid_max: default: 32768 minimum: 301
[    2.011424] ACPI: Core revision 20150930
[    2.019350] ACPI: 2 ACPI AML tables successfully acquired and loaded
[    2.022644] Security Framework initialized
[    2.024569] Yama: becoming mindful.
[    2.025963] AppArmor: AppArmor initialized
[    2.027717] Dentry cache hash table entries: 131072 (order: 8, 1048576 bytes)
[    2.030324] Inode-cache hash table entries: 65536 (order: 7, 524288 bytes)
[    2.032768] Mount-cache hash table entries: 2048 (order: 2, 16384 bytes)
[    2.041198] Mountpoint-cache hash table entries: 2048 (order: 2, 16384 bytes)
[    2.054509] Initializing cgroup subsys io
[    2.056529] Initializing cgroup subsys memory
[    2.058716] Initializing cgroup subsys devices
[    2.070151] Initializing cgroup subsys freezer
[    2.072425] Initializing cgroup subsys net_cls
[    2.074597] Initializing cgroup subsys perf_event
[    2.076175] Initializing cgroup subsys net_prio
[    2.078022] Initializing cgroup subsys hugetlb
[    2.079916] Initializing cgroup subsys pids
[    2.087563] mce: CPU supports 0 MCE banks
[    2.089748] Last level iTLB entries: 4KB 128, 2MB 4, 4MB 4
[    2.091965] Last level dTLB entries: 4KB 256, 2MB 0, 4MB 32, 1GB 0
[    2.093831] Spectre V1 : Mitigation: usercopy/swapgs barriers and __user pointer sanitization
[    2.096682] Spectre V2 : Mitigation: Full generic retpoline
[    2.098686] Spectre V2 : Spectre v2 / SpectreRSB mitigation: Filling RSB on context switch
[    2.104989] Speculative Store Bypass: Vulnerable
[    2.108496] MDS: Vulnerable: Clear CPU buffers attempted, no microcode
[    2.120449] Freeing SMP alternatives memory: 36K
[    2.135598] ftrace: allocating 32318 entries in 127 pages
[    2.236413] smpboot: APIC(0) Converting physical 0 to logical package 0
[    2.239393] smpboot: Max logical packages: 1
[    2.242352] x2apic enabled
[    2.244325] Switched APIC routing to physical x2apic.
[    2.249665] ..TIMER: vector=0x30 apic1=0 pin1=2 apic2=-1 pin2=-1
[    2.365532] smpboot: CPU0: Intel(R) Core(TM)2 Duo CPU     E8400  @ 3.00GHz (family: 0x6, model: 0x17, stepping: 0xa)
[    2.374534] Performance Events: unsupported p6 CPU model 23 no PMU driver, software events only.
[    2.483476] KVM setup paravirtual spinlock
[    2.493138] x86: Booting SMP configuration:
[    2.495669] .... node  #0, CPUs:      #1
[    2.497055] kvm-clock: cpu 1, msr 0:3ffe3041, secondary cpu clock
[    2.510403] mce: CPU supports 0 MCE banks
[    2.522939] x86: Booted up 1 node, 2 CPUs
[    2.540871] smpboot: Total of 2 processors activated (11969.99 BogoMIPS)
[    2.543665] devtmpfs: initialized
[    2.548221] evm: security.selinux
[    2.581146] evm: security.SMACK64
[    2.587757] evm: security.SMACK64EXEC
[    2.589110] evm: security.SMACK64TRANSMUTE
[    2.622576] evm: security.SMACK64MMAP
[    2.624066] evm: security.ima
[    2.652345] evm: security.capability
[    2.654426] clocksource: jiffies: mask: 0xffffffff max_cycles: 0xffffffff, max_idle_ns: 7645041785100000 ns
[    2.670166] futex hash table entries: 512 (order: 3, 32768 bytes)
[    2.738896] pinctrl core: initialized pinctrl subsystem
[    2.790878] RTC time: 15:37:54, date: 08/23/19
[    2.809925] NET: Registered protocol family 16
[    2.851034] cpuidle: using governor ladder
[    2.865823] cpuidle: using governor menu
[    2.867864] PCCT header not found.
[    2.871696] ACPI: bus type PCI registered
[    2.876670] acpiphp: ACPI Hot Plug PCI Controller Driver version: 0.5
[    2.882174] PCI: Using configuration type 1 for base access
[    2.907163] ACPI: Added _OSI(Module Device)
[    2.915122] ACPI: Added _OSI(Processor Device)
[    2.949496] ACPI: Added _OSI(3.0 _SCP Extensions)
[    2.962269] ACPI: Added _OSI(Processor Aggregator Device)
[    2.985938] ACPI: Executed 1 blocks of module-level executable AML code
[    3.024143] ACPI: Interpreter enabled
[    3.038248] ACPI: (supports S0 S5)
[    3.053604] ACPI: Using IOAPIC for interrupt routing
[    3.059181] PCI: Using host bridge windows from ACPI; if necessary, use "pci=nocrs" and report a bug
[    3.067224] ACPI: PCI Root Bridge [PCI0] (domain 0000 [bus 00-ff])
[    3.105019] acpi PNP0A03:00: _OSC: OS supports [ASPM ClockPM Segments MSI]
[    3.120919] acpi PNP0A03:00: _OSC: not requesting OS control; OS requires [ExtendedConfig ASPM ClockPM MSI]
[    3.129645] acpi PNP0A03:00: fail to add MMCONFIG information, can't access extended PCI configuration space under this bridge.
[    3.190289] PCI host bridge to bus 0000:00
[    3.214344] pci_bus 0000:00: root bus resource [io  0x0000-0x0cf7 window]
[    3.222233] pci_bus 0000:00: root bus resource [io  0x0d00-0xffff window]
[    3.279756] pci_bus 0000:00: root bus resource [mem 0x000a0000-0x000bffff window]
[    3.282568] pci_bus 0000:00: root bus resource [mem 0x40000000-0xfdffffff window]
[    3.295714] pci_bus 0000:00: root bus resource [bus 00-ff]
[    3.299745] pci 0000:00:01.1: legacy IDE quirk: reg 0x10: [io  0x01f0-0x01f7]
[    3.348780] pci 0000:00:01.1: legacy IDE quirk: reg 0x14: [io  0x03f6]
[    3.361622] pci 0000:00:01.1: legacy IDE quirk: reg 0x18: [io  0x0170-0x0177]
[    3.369111] pci 0000:00:01.1: legacy IDE quirk: reg 0x1c: [io  0x0376]
[    3.436688] pci 0000:00:07.0: quirk: [io  0x4000-0x403f] claimed by PIIX4 ACPI
[    3.463037] pci 0000:00:07.0: quirk: [io  0x4100-0x410f] claimed by PIIX4 SMB
[    3.484150] ACPI: PCI Interrupt Link [LNKA] (IRQs 5 9 10 *11)
[    3.518753] ACPI: PCI Interrupt Link [LNKB] (IRQs 5 9 *10 11)
[    3.529550] ACPI: PCI Interrupt Link [LNKC] (IRQs 5 *9 10 11)
[    3.571743] ACPI: PCI Interrupt Link [LNKD] (IRQs 5 9 10 *11)
[    3.579843] ACPI: Enabled 2 GPEs in block 00 to 07
[    3.582724] vgaarb: setting as boot device: PCI:0000:00:02.0
[    3.600105] vgaarb: device added: PCI:0000:00:02.0,decodes=io+mem,owns=io+mem,locks=none
[    3.603042] vgaarb: loaded
[    3.604186] vgaarb: bridge control possible 0000:00:02.0
[    3.623027] SCSI subsystem initialized
[    3.630257] ACPI: bus type USB registered
[    3.631816] usbcore: registered new interface driver usbfs
[    3.646979] usbcore: registered new interface driver hub
[    3.654283] usbcore: registered new device driver usb
[    3.681824] PCI: Using ACPI for IRQ routing
[    3.714257] NetLabel: Initializing
[    3.720397] NetLabel:  domain hash size = 128
[    3.732616] NetLabel:  protocols = UNLABELED CIPSOv4
[    3.745032] NetLabel:  unlabeled traffic allowed by default
[    3.769212] amd_nb: Cannot enumerate AMD northbridges
[    3.788909] clocksource: Switched to clocksource kvm-clock
[  30980 ApAmo AArorilsystem Enabled
[    4.36405 pp:Pn API init
   45938 pnp: PnP ACPI: found 3 devices
[    4.815676] clocksource: acpi_pm: mask: 0xffffff max_cycles: 0xffffff, max_idle_ns: 2085701024 ns
[    4.894937] NET: Registered protocol family 2
[    4.897201] TCP established hash table entries: 8192 (order: 4, 65536 bytes)
[    4.914102] TCP bind hash table entries: 8192 (order: 5, 131072 bytes)
[    4.954330] TCP: Hash tables configured (established 8192 bind 8192)
[    5.005571] UDP hash table entries: 512 (order: 2, 16384 bytes)
[    5.013995] UDP-Lite hash table entries: 512 (order: 2, 16384 bytes)
[    5.093933] NET: Registered protocol family 1
[    5.095504] pci 0000:00:00.0: Limiting direct PCI/PCI transfers
[    5.097565] pci 0000:00:01.0: Activating ISA DMA hang workarounds
[    5.106298] Unpacking initramfs...
[    5.619034] Freeing initrd memory: 14832K
[    5.652567] clocksource: tsc: mask: 0xffffffffffffffff max_cycles: 0x2b2296bc2b9, max_idle_ns: 440795321505 ns
[    5.998667] platform rtc_cmos: registered platform RTC device (no PNP device found)
[    6.054935] Scanning for low memory corruption every 60 seconds
[    6.106625] audit: initializing netlink subsys (disabled)
[    6.130414] audit: type=2000 audit(1566574681.615:1): initialized
[    6.314109] Initialise system trusted keyring
[    6.343400] HugeTLB registered 2 MB page size, pre-allocated 0 pages
[    6.347693] zbud: loaded
[    6.374585] VFS: Disk quotas dquot_6.6.0
[    6.386312] VFS: Dquot-cache hash table entries: 512 (order 0, 4096 bytes)
[    6.424163] squashfs: version 4.0 (2009/01/31) Phillip Lougher
[    6.467415] fuse init (API version 7.23)
[    6.497720] Key type big_key registered
[    6.506879] Allocating IMA MOK and blacklist keyrings.
[    6.522904] Key type asymmetric registered
[    6.748055] Asymmetric key parser 'x509' registered
[    6.883585] Block layer SCSI generic (bsg) driver version 0.4 loaded (major 249)
[    7.315476] io scheduler noop registered
[    7.447961] io scheduler deadline registered (default)
[    7.483778] io scheduler cfq registered
[    7.616576] pci_hotplug: PCI Hot Plug PCI Core version: 0.5
[    7.623867] pciehp: PCI Express Hot Plug Controller Driver version: 0.4
[    7.659952] ACPI: AC Adapter [AC] (on-line)
[    7.663429] input: Power Button as /devices/LNXSYSTM:00/LNXPWRBN:00/input/input0
[    7.674465] ACPI: Power Button [PWRF]
[    7.678223] input: Sleep Button as /devices/LNXSYSTM:00/LNXSLPBN:00/input/input1
[    7.689013] ACPI: Sleep Button [SLPF]
[    7.693565] GHES: HEST is not enabled!
[    7.696528] Serial: 8250/16550 driver, 32 ports, IRQ sharing enabled
[    7.746416] 00:02: ttyS0 at I/O 0x3f8 (irq = 4, base_baud = 115200) is a 16550A
[    7.758847] Linux agpgart interface v0.103
[    7.797567] loop: module loaded
[    7.814539] scsi host0: ata_piix
[    7.894163] scsi host1: ata_piix
[    7.895640] ata1: PATA max UDMA/33 cmd 0x1f0 ctl 0x3f6 bmdma 0xd000 irq 14
[    7.922283] ata2: PATA max UDMA/33 cmd 0x170 ctl 0x376 bmdma 0xd008 irq 15
[    8.343347] libphy: Fixed MDIO Bus: probed
[    8.745597] tun: Universal TUN/TAP device driver, 1.6
[    8.767512] tun: (C) 1999-2004 Max Krasnyansky <maxk@qualcomm.com>
[    8.792858] PPP generic driver version 2.4.2
[    8.810484] ehci_hcd: USB 2.0 'Enhanced' Host Controller (EHCI) Driver
[    8.883467] ehci-pci: EHCI PCI platform driver
[    8.885599] ehci-platform: EHCI generic platform driver
[    8.890149] ohci_hcd: USB 1.1 'Open' Host Controller (OHCI) Driver
[    8.894143] ohci-pci: OHCI PCI platform driver
[    8.897727] ohci-platform: OHCI generic platform driver
[    8.901116] uhci_hcd: USB Universal Host Controller Interface driver
[    8.906274] i8042: PNP: PS/2 Controller [PNP0303:PS2K,PNP0f03:PS2M] at 0x60,0x64 irq 1,12
[    8.914502] serio: i8042 KBD port at 0x60,0x64 irq 1
[    8.918385] serio: i8042 AUX port at 0x60,0x64 irq 12
[    8.922803] mousedev: PS/2 mouse device common for all mice
[    8.930469] rtc_cmos rtc_cmos: rtc core: registered rtc_cmos as rtc0
[    8.943600] input: AT Translated Set 2 keyboard as /devices/platform/i8042/serio0/input/input2
[    8.950829] rtc_cmos rtc_cmos: alarms up to one day, 114 bytes nvram
[    8.954529] i2c /dev entries driver
[    8.969048] device-maer uvet:vesin .03
[    9.359199] device-mapper: ioctl: 4.34.0-ioctl (2015-10-28) initialised: dm-devel@redhat.com
[    9.376761] ledtrig-cpu: registered to indicate activity on CPUs
[    9.385003] NET: Registered protocol family 10
[    9.396721] NET: Registered protocol family 17
[    9.417272] Key type dns_resolver registered
[    9.447364] registered taskstats version 1
[    9.459382] Loading compiled-in X.509 certificates
[    9.462273] Loaded X.509 cert 'Build time autogenerated kernel key: d14182f9795b80ec340f636a5a08bf5817ccd8e7'
[    9.476284] zswap: loaded using pool lzo/zbud
[    9.502784] Key type trusted registered
[    9.541309] Key type encrypted registered
[    9.553804] AppArmor: AppArmor sha1 policy hashing enabled
[    9.559306] ima: No TPM chip found, activating TPM-bypass!
[    9.561352] ima: Allocated hash algorithm: sha1
[    9.568883] evm: HMAC attrs: 0x1
[    9.572920]   Magic number: 15:911:639
[    9.574811] rtc_cmos rtc_cmos: setting system clock to 2019-08-23 15:38:01 UTC (1566574681)
[    9.578244] BIOS EDD facility v0.16 2004-Jun-25, 0 devices found
[    9.580277] EDD information not available.
[    9.601146] Freeing unused kernel memory: 1488K
[    9.644973] Write protecting the kernel read-only data: 14336k
[    9.667051] Freeing unused kernel memory: 1608K
[    9.669915] Freeing unused kernel memory: 64K
Loading, please wait...
starting version 229
[    9.887807] random: systemd-udevd: uninitialized urandom read (16 bytes read, 3 bits of entropy available)
[    9.897071] random: systemd-udevd: uninitialized urandom read (16 bytes read, 3 bits of entropy available)
[    9.898351] random: udevadm: uninitialized urandom read (16 bytes read, 3 bits of entropy available)
[    9.898465] random: udevadm: uninitialized urandom read (16 bytes read, 3 bits of entropy available)
[    9.923642] random: systemd-udevd: uninitialized urandom read (16 bytes read, 3 bits of entropy available)
[    9.928743] random: systemd-udevd: uninitialized urandom read (16 bytes read, 3 bits of entropy available)
[    9.972318] random: systemd-udevd: uninitialized urandom read (16 bytes read, 3 bits of entropy available)
[    9.977888] random: systemd-udevd: uninitialized urandom read (16 bytes read, 3 bits of entropy available)
[    9.992617] random: systemd-udevd: uninitialized urandom read (16 bytes read, 3 bits of entropy available)
[   10.007171] random: systemd-udevd: uninitialized urandom read (16 bytes read, 3 bits of entropy available)
[   10.719667] e1000: Intel(R) PRO/1000 Network Driver - version 7.3.21-k8-NAPI
[   10.725314] e1000: Copyright (c) 1999-2006 Intel Corporation.
[   10.760718] Fusion MPT base driver 3.04.20
[   10.765388] Copyright (c) 1999-2008 LSI Corporation
[   11.102440] Fusion MPT SPI Host driver 3.04.20
[   11.157487] input: ImExPS/2 Generic Explorer Mouse as /devices/platform/i8042/serio1/input/input4
[   11.701211] e1000 0000:00:03.0 eth0: (PCI:33MHz:32-bit) 02:52:2e:48:de:28
[   11.704410] e1000 0000:00:03.0 eth0: Intel(R) PRO/1000 Network Connection
[   11.711195] mptbase: ioc0: Initiating bringup
[   11.720388] e1000 0000:00:03.0 enp0s3: renamed from eth0
[   11.781517] ioc0: LSI53C1030 A0: Capabilities={Initiator}
[   11.972513] scsi host2: ioc0: LSI53C1030 A0, FwRev=00000000h, Ports=1, MaxQ=256, IRQ=20
[   12.114874] scsi 2:0:0:0: Direct-Access     VBOX     HARDDISK         1.0  PQ: 0 ANSI: 5
[   12.138329] scsi target2:0:0: Beginning Domain Validation
[   12.141977] scsi target2:0:0: Domain Validation skipping write tests
[   12.150508] scsi target2:0:0: Ending Domain Validation
[   12.153362] scsi target2:0:0: asynchronous
[   12.156435] scsi 2:0:1:0: Direct-Access     VBOX     HARDDISK         1.0  PQ: 0 ANSI: 5
[   12.361564] scsi target2:0:1: Beginning Domain Validation
[   12.372939] scsi target2:0:1: Domain Validation skipping write tests
[   12.375304] scsi target2:0:1: Ending Domain Validation
[   12.377024] scsi target2:0:1: asynchronous
[   12.407224] sd 2:0:0:0: [sda] 20971520 512-byte logical blocks: (10.7 GB/10.0 GiB)
[   12.413816] sd 2:0:0:0: Attached scsi generic sg0 type 0
[   12.420974] sd 2:0:0:0: [sda] Write Protect is off
[   12.469638] sd 2:0:0:0: [sda] Incomplete mode parameter data
[   12.484528] sd 2:0:0:0: [sda] Assuming drive cache: write through
[   12.494774] sd 2:0:1:0: Attached scsi generic sg1 type 0
[   12.521012] sd 2:0:1:0: [sdb] 20480 512-byte logical blocks: (10.5 MB/10.0 MiB)
[   12.585080] sd 2:0:1:0: [sdb] Write Protect is off
[   12.596599] sd 2:0:1:0: [sdb] Incomplete mode parameter data
[   12.703740] sd 2:0:1:0: [sdb] Assuming drive cache: write through
[   12.704981]  sda: sda1
[   12.786087] sd 2:0:0:0: [sda] Attached SCSI disk
[   12.821822] sd 2:0:1:0: [sdb] Attached SCSI disk
Begin: Loading e[   15.553090] md: linear personality registered for level -1
ssential drivers ... [   15.726149] md: multipath personality registered for level -4
[   15.772810] md: raid0 personality registered for level 0
[   15.816855] md: raid1 personality registered for level 1
[   15.940991] raid6: sse2x1   gen()  1944 MB/s
[   16.009000] raid6: sse2x1   xor()  3370 MB/s
[   16.078305] raid6: sse2x2   gen()  3947 MB/s
[   16.254809] raid6: sse2x2   xor()  5304 MB/s
[   16.352198] raid6: sse2x4   gen()  8018 MB/s
[   16.472408] raid6: sse2x4   xor()  5801 MB/s
[   16.642756] raid6: using algorithm sse2x4 gen() 8018 MB/s
[   16.644592] raid6: .... xor() 5801 MB/s, rmw enabled
[   16.888274] raid6: using ssse3x2 recovery algorithm
[   17.157334] xor: measuring software checksum speed
[   17.262130]    prefetch64-sse: 33464.000 MB/sec
[   17.542050]    generic_sse: 20919.000 MB/sec
[   17.703065] xor: using function: prefetch64-sse (33464.000 MB/sec)
[   18.041916] async_tx: api initialized (async)
[   18.167698] md: raid6 personality registered for level 6
[   18.177858] md: raid5 personality registered for level 5
[   18.343301] md: raid4 personality registered for level 4
[   18.491997] md: raid10 personality registered for level 10
done.
Begin: Running /scripts/init-premount ... done.
Begin: Mounting root file system ... Begin: Running /scripts/local-top ... done.
Begin: Running /scripts/local-premount ... [   18.878186] Btrfs loaded
Scanning for Btrfs filesystems
done.
Warning: fsck not present, so skipping root file system
[   19.209065] EXT4-fs (sda1): mounted filesystem with ordered data mode. Opts: (null)
done.
Begin: Running /scripts/local-bottom ... done.
Begin: Running /scripts/init-bottom ... done.
[   20.210430] random: nonblocking pool is initialized
[   20.291048] systemd[1]: systemd 229 running in system mode. (+PAM +AUDIT +SELINUX +IMA +APPARMOR +SMACK +SYSVINIT +UTMP +LIBCRYPTSETUP +GCRYPT +GNUTLS +ACL +XZ -LZ4 +SECCOMP +BLKID +ELFUTILS +KMOD -IDN)
[   20.476198] systemd[1]: Detected virtualization oracle.
[   20.512496] systemd[1]: Detected architecture x86-64.

Welcome to [1mUbuntu 16.04.6 LTS[0m!

[   20.752524] systemd[1]: Set hostname to <ubuntu>.
[   20.790561] systemd[1]: Initializing machine ID from random generator.
[   20.808487] systemd[1]: Installed transient /etc/machine-id file.
[   22.210808] systemd[1]: Listening on Journal Socket.
[[0;32m  OK  [0m] Listening on Journal Socket.
[   22.341433] systemd[1]: Reached target User and Group Name Lookups.
[[0;32m  OK  [0m] Reached target User and Group Name Lookups.
[   22.379777] systemd[1]: Reached target Swap.
[[0;32m  OK  [0m] Reached target Swap.
[   22.416342] systemd[1]: Listening on Journal Audit Socket.
[[0;32m  OK  [0m] Listening on Journal Audit Socket.
[   22.473493] systemd[1]: Listening on udev Kernel Socket.
[[0;32m  OK  [0m] Listening on udev Kernel Socket.
[   22.509354] systemd[1]: Listening on /dev/initctl Compatibility Named Pipe.
[[0;32m  OK  [0m] Listening on /dev/initctl Compatibility Named Pipe.
[   22.619071] systemd[1]: Listening on LVM2 metadata daemon socket.
[[0;32m  OK  [0m] Listening on LVM2 metadata daemon socket.
[   22.635649] systemd[1]: Created slice User and Session Slice.
[[0;32m  OK  [0m] Created slice User and Session Slice.
[   22.710305] systemd[1]: Created slice System Slice.
[[0;32m  OK  [0m] Created slice System Slice.
[   22.757720] systemd[1]: Mounting Huge Pages File System...
         Mounting Huge Pages File System...
[   22.919251] systemd[1]: Listening on LVM2 poll daemon socket.
[[0;32m  OK  [0m] Listening on LVM2 poll daemon socket.
[   23.060349] systemd[1]: Starting Nameserver information manager...
         Starting Nameserver information manager...
[   23.072780] systemd[1]: Reached target Encrypted Volumes.
[[0;32m  OK  [0m] Reached target Encrypted Volumes.
[   23.087329] systemd[1]: Started Forward Password Requests to Wall Directory Watch.
[[0;32m  OK  [0m] Started Forward Password Requests to Wall Directory Watch.
[   23.124824] systemd[1]: Listening on Journal Socket (/dev/log).
[[0;32m  OK  [0m] Listening on Journal Socket (/dev/log).
[   23.154044] systemd[1]: Reached target Slices.
[[0;32m  OK  [0m] Reached target Slices.
[   23.157846] systemd[1]: Listening on udev Control Socket.
[[0;32m  OK  [0m] Listening on udev Control Socket.
[   23.420175] systemd[1]: Starting Load Kernel Modules...
         Starting Load Kernel Modules...
[   23.428838] systemd[1]: Started Trigger resolvconf update for networkd DNS.
[[0;32m  OK  [0m] Started Trigger resolvconf update for networkd DNS.
[   23.442320] systemd[1]: Created slice system-serial\x2dgetty.slice.
[[0;32m  OK  [0m] Created slice system-serial\x2dgetty.slice.
[   23.454695] systemd[1]: Set up automount Arbitrary Executable File Formats File System Automount Point.
[[0;32m  OK  [0m] Set up automount Arbitrary Executab...ats File System Automount Point.
[   23.487154] systemd[1]: Reached target System Time Synchronized.
[[0;32m  OK  [0m] Reached target System Time Synchronized.
[   23.518299] Loading iSCSI transport class v2.0-870.
[   23.523081] systemd[1]: Starting Uncomplicated firewall...
         Starting Uncomplicated firewall...
[ 23607531] systemd[1]: Starting Set console keymap...
[   23.732660] iscsi: registered transport (tcp)
         Starting Set console keymap...
[   23.776979] systemd[1]: Starting Remount Root and Kernel File Systems...
         Starting Remount Root and Kernel File Systems...
[   23.838525] systemd[1]: Starting Create list of required static device nodes for the current kernel...
         Starting Create list of required[   23.920007] EXT4-fs (sda1): re-mounted. Opts: (null)
 st... nodes for the current kernel...
[   23.967985] systemd[1]: Listening on Device-mapper event daemon FIFOs.
[[0;32m  OK  [0m] Listening on Device-mapper event daemon FIFOs.
[   24.043606] systemd[1]: Starting Monitoring of LVM2 mirrors, snapshots etc. using dmeventd or progress polling...
         Starting Monitoring of LVM2 mirrors... dmeventd or progress polling...
[   24.080088] systemd[1]: Mounting Debug File System...
         Mounting Debug File System...
[   24.170775] systemd[1]: Listening on Syslog Socket.
[[0;32m  OK  [0m] Listening on Syslog Socket.
[   24.225290] iscsi: registered transport (iser)
[   24.286568] systemd[1]: Starting Journal Service...
         Starting Journal Service...
[   24.367863] systemd[1]: Mounting POSIX Message Queue File System...
         Mounting POSIX Message Queue File System...
[   24.406243] systemd[1]: Mounted Debug File System.
[[0;32m  OK  [0m] Mounted Debug File System.
[   24.420080] systemd[1]: Mounted Huge Pages File System.
[[0;32m  OK  [0m] Mounted Huge Pages File System.
[   24.506183] systemd[1]: Started Load Kernel Modules.
[[0;32m  OK  [0m] Started Load Kernel Modules.
[   24.524701] systemd[1]: Started Uncomplicated firewall.
[[0;32m  OK  [0m] Started Uncomplicated firewall.
[   24.542884] systemd[1]: Started Remount Root and Kernel File Systems.
[[0;32m  OK  [0m] Started Remount Root and Kernel File Systems.
[   24.637000] systemd[1]: Started Create list of required static device nodes for the current kernel.
[[0;32m  OK  [0m] Started Create list of required sta...ce nodes for the current kernel.
[   24.697755] systemd[1]: Mounted POSIX Message Queue File System.
[[0;32m  OK  [0m] Mounted POSIX Message Queue File System.
[   24.767404] systemd[1]: Started Nameserver information manager.
[[0;32m  OK  [0m] Started Nameserver information manager.
[   24.806524] systemd[1]: Started Set console keymap.
[[0;32m  OK  [0m] Started Set console keymap.
[   24.838332] systemd[1]: Started Journal Service.
[[0;32m  OK  [0m] Started Journal Service.
[[0;32m  OK  [0m] Started LVM2 metadata daemon.
         Starting Create Static Device Nodes in /dev...
         Starting Flush Journal to Persistent Storage...
         Starting udev Coldplug all Devices...
         Starting Load/Save Random Seed...
         Mounting FUSE Control File System...
         Starting Apply Kernel Variables...
[[0;32m  OK  [0m] Started Load/Save Random Seed.
[   25.680067] systemd-journald[409]: Received request to flush runtime journal from PID 1
[[0;32m  OK  [0m] Started Create Static Device Nodes in /dev.
         Starting udev Kernel Device Manager...
[[0;32m  OK  [0m] Mounted FUSE Control File System.
[[0;32m  OK  [0m] Started Monitoring of LVM2 mirrors,...ng dmeventd or progress polling.
[[0;32m  OK  [0m] Started Apply Kernel Variables.
[[0;32m  OK  [0m] Reached target Local File Systems (Pre).
[[0;32m  OK  [0m] Reached target Local File Systems.
         Starting Tell Plymouth To Write Out Runtime Data...
         Starting Commit a transient machine-id on disk...
         Starting Initial cloud-init job (pre-networking)...
         Starting Set console font and keymap...
         Starting LSB: AppArmor initialization...
[[0;32m  OK  [0m] Started Flush Journal to Persistent Storage.
[[0;32m  OK  [0m] Started Tell Plymouth To Write Out Runtime Data.
[[0;32m  OK  [0m] Started Commit a transient machine-id on disk.
[[0;32m  OK  [0m] Started udev Kernel Device Manager.
         Starting Create Volatile Files and Directories...
[[0;32m  OK  [0m] Started Create Volatile Files and Directories.
         Starting Update UTMP about System Boot/Shutdown...
[[0;32m  OK  [0m] Started Update UTMP about System Boot/Shutdown.
[[0;32m  OK  [0m] Started udev Coldplug all Devices.
[[0;32m  OK  [0m] Started Dispatch Password Requests to Console Directory Watch.
[[0;32m  OK  [0m] Found device /dev/ttyS0.
[[0;32m  OK  [0m] Listening on Load/Save RF Kill Switch Status /dev/rfkill Watch.
[[0;32m  OK  [0m] Started LSB: AppArmor initialization.
[   33.772658] cloud-init[488]: Cloud-init v. 19.1-1-gbaa47854-0ubuntu1~16.04.1 running 'init-local' at Fri, 23 Aug 2019 15:38:26 +0000. Up 31.28 seconds.
[[0;32m  OK  [0m] Started Initial cloud-init job (pre-networking).
[[0;32m  OK  [0m] Reached target Network (Pre).
         Starting Raise network interfaces...
[[0;32m  OK  [0m] Started Set console font and keymap.
[[0;32m  OK  [0m] Created slice system-getty.slice.
[[0;32m  OK  [0m] Started Raise network interfaces.
         Starting Initial cloud-init job (metadata service crawler)...
[[0;32m  OK  [0m] Reached target Network.
[   43.536645] cloud-init[968]: Cloud-init v. 19.1-1-gbaa47854-0ubuntu1~16.04.1 running 'init' at Fri, 23 Aug 2019 15:38:33 +0000. Up 38.64 seconds.
[   43.597384] cloud-init[968]: ci-info: ++++++++++++++++++++++++++++++++++++++Net device info++++++++++++++++++++++++++++++++++++++
[   43.908343] cloud-init[968]: ci-info: +--------+------+----------------------------+---------------+--------+-------------------+
[[0;32m  OK  [0m] Started Initial cloud-init job (metadata service crawler).
[   43.932579] cloud-init[968]: ci-info: | Device |  Up  |          Address           |      Mask     | Scope  |     Hw-Address    |
[[0;32m  OK  [0m] Reached target Network is Online.
[   43.987396] cloud-init[968]: ci-info: +--------+------+----------------------------+---------------+--------+-------------------+
[   44.140719] cloud-init[968]: ci-info: | enp0s3 | True |         10.0.2.15          | 255.255.255.0 | global | 02:52:2e:48:de:28 |
[   44.298788] cloud-init[968]: ci-info: | enp0s3 | True | fe80::52:2eff:fe48:de28/64 |       .       |  link  | 02:52:2e:48:de:28 |
[   44.306161] cloud-init[968]: ci-info: |   lo   | True |         127.0.0.1          |   255.0.0.0   |  host  |         .         |
[   44.313837] cloud-init[968]: ci-info: |   lo   | True |          ::1/128           |       .       |  host  |         .         |
[   44.314553] cloud-init[968]: ci-info: +--------+------+----------------------------+---------------+--------+-------------------+
[   44.314801] cloud-init[968]: ci-info: +++++++++++++++++++++++++++Route IPv4 info++++++++++++++++++++++++++++
[   44.315125] cloud-init[968]: ci-info: +-------+-------------+----------+---------------+-----------+-------+
[   44.315368] cloud-init[968]: ci-info: | Route | Destination | Gateway  |    Genmask    | Interface | Flags |
[   44.315606] cloud-init[968]: ci-info: +-------+-------------+----------+---------------+-----------+-------+
[   44.315850] cloud-init[968]: ci-info: |   0   |   0.0.0.0   | 10.0.2.2 |    0.0.0.0    |   enp0s3  |   UG  |
[   44.316084] cloud-init[968]: ci-info: |   1   |   10.0.2.0  | 0.0.0.0  | 255.255.255.0 |   enp0s3  |   U   |
[   44.316320] cloud-init[968]: ci-info: +-------+-------------+----------+---------------+-----------+-------+
[   44.316599] cloud-init[968]: ci-info: +++++++++++++++++++Route IPv6 info+++++++++++++++++++
[   44.316833] cloud-init[968]: ci-info: +-------+-------------+---------+-----------+-------+
[   44.329730] cloud-init[968]: ci-info: | Route | Destination | Gateway | Interface | Flags |
[   44.330001] cloud-init[968]: ci-info: +-------+-------------+---------+-----------+-------+
[   44.330238] cloud-init[968]: ci-info: |   0   |  fe80::/64  |    ::   |   enp0s3  |   U   |
[   44.330472] cloud-init[968]: ci-info: |   4   |   ff00::/8  |    ::   |   enp0s3  |   U   |
[   44.330734] cloud-init[968]: ci-info: +-------+-------------+---------+-----------+-------+
[   44.331981] cloud-init[968]: Generating public/private rsa key pair.
[   44.332225] cloud-init[968]: Your identification has been saved in /etc/ssh/ssh_host_rsa_key.
[   44.332470] cloud-init[968]: Your public key has been saved in /etc/ssh/ssh_host_rsa_key.pub.
[   44.332754] cloud-init[968]: The key fingerprint is:
[   44.333018] cloud-init[968]: SHA256:/mADvZLT9B/lzw0Snop4v9JSKYKA64n4UsnGexcjS+U root@ubuntu-xenial
[   44.345406] cloud-init[968]: The key's randomart image is:
[   44.358282] cloud-init[968]: +---[RSA 2048]----+
[   44.358531] cloud-init[968]: |                 |
[   44.358765] cloud-init[968]: |                 |
[   44.359009] cloud-init[968]: | .               |
[   44.359245] cloud-init[968]: |. .   ..         |
[   44.359477] cloud-init[968]: | + o +. S  .. .  |
[   44.359722] cloud-init[968]: |. * + E*.oo. =   |
[   44.359960] cloud-init[968]: |+o.o o++B+. = o  |
[   44.361032] cloud-init[968]: |+o. o .=+=.o o +.|
[   44.372051] cloud-init[968]: | o.. ....+=..   +|
[   44.372307] cloud-init[968]: +----[SHA256]-----+
[   44.372562] cloud-init[968]: Generating public/private dsa key pair.
[   44.372798] cloud-init[968]: Your identification has been saved in /etc/ssh/ssh_host_dsa_key.
[   44.373275] cloud-init[968]: Your public key has been saved in /etc/ssh/ssh_host_dsa_key.pub.
[   44.373580] cloud-init[968]: The key fingerprint is:
[   44.373818] cloud-init[968]: SHA256:MVi0cgKIeBgf/WIIWbZxz5JpSYM0vQ0aDCxqqKD68K4 root@ubuntu-xenial
[   44.374138] cloud-init[968]: The key's randomart image is:
[   44.374600] cloud-init[968]: +---[DSA 1024]----+
[   44.395186] cloud-init[968]: |=XB==  .o        |
[   44.395466] cloud-init[968]: |B+*B+O o .       |
[   44.395705] cloud-init[968]: |+oo+*=* =        |
[   44.395963] cloud-init[968]: |+.o.+.o+ o       |
[   44.396433] cloud-init[968]: |=  . .  S        |
[   44.396668] cloud-init[968]: |o                |
[   44.397228] cloud-init[968]: |o                |
[   44.397958] cloud-init[968]: |.o               |
[   44.402282] cloud-init[968]: |E++              |
[   44.413934] cloud-init[968]: +----[SHA256]-----+
[   44.414413] cloud-init[968]: Generating public/private ecdsa key pair.
[   44.415094] cloud-init[968]: Your identification has been saved in /etc/ssh/ssh_host_ecdsa_key.
[   44.415333] cloud-init[968]: Your public key has been saved in /etc/ssh/ssh_host_ecdsa_key.pub.
[   44.415762] cloud-init[968]: The key fingerprint is:
[   44.416005] cloud-init[968]: SHA256:tarSHzpetcIGAwLt+ecw80ItufR7Rq2g84uDvHv/YP8 root@ubuntu-xenial
[   44.417445] cloud-init[968]: The key's randomart image is:
[   44.435429] cloud-init[968]: +---[ECDSA 256]---+
[   44.435994] cloud-init[968]: |..               |
[   44.436566] cloud-init[968]: | ..              |
[   44.437038] cloud-init[968]: | ....     .      |
[   44.437375] cloud-init[968]: |  o. .   . .     |
[   44.437663] cloud-init[968]: |   . oo S.o      |
[   44.438084] cloud-init[968]: |    X ++.o..     |
[   44.438783] cloud-init[968]: | . + &ooB..      |
[   44.439267] cloud-init[968]: |  o Oo*B+o       |
[   44.439503] cloud-init[968]: |  o+.OOO+.E      |
[   44.439926] cloud-init[968]: +----[SHA256]-----+
[   44.440217] cloud-init[968]: Generating public/private ed25519 key pair.
[   44.462601] cloud-init[968]: Your identification has been saved in /etc/ssh/ssh_host_ed25519_key.
[   44.464193] cloud-init[968]: Your public key has been saved in /etc/ssh/ssh_host_ed25519_key.pub.
[   44.474416] cloud-init[968]: The key fingerprint is:
[   44.474885] cloud-init[968]: SHA256:j98KtTcVbgIiJE94fBfuW7MJYPoBvr0rY8UqXKnAdhM root@ubuntu-xenial
[   44.475130] cloud-init[968]: The key's randomart image is:
[   44.475683] cloud-init[968]: +--[ED25519 256]--+
[   44.476376] cloud-init[968]: |    .oo   ..     |
[   44.476831] cloud-init[968]: |    .=o ...      |
[   44.477080] cloud-init[968]: |     .+.+.o   .  |
[   44.477315] cloud-init[968]: |    E. = + . . . |
[   44.477563] cloud-init[968]: | .   .ooS + + +  |
[   44.477796] cloud-init[968]: |  + o o+o= = B   |
[   44.478098] cloud-init[968]: | . + +.o= + =    |
[   44.488418] cloud-init[968]: |    + =  + o .   |
[   44.496533] cloud-init[968]: |     o oo.o..    |
[   44.514463] cloud-init[968]: +----[SHA256]-----+
         Starting iSCSI initiator daemon (iscsid)...
[[0;32m  OK  [0m] Reached target Cloud-config availability.
[[0;32m  OK  [0m] Reached target System Initialization.
[[0;32m  OK  [0m] Started Daily apt download activities.
         Starting LXD - unix socket.
         Starting Socket activation for snappy daemon.
[[0;32m  OK  [0m] Started Daily Cleanup of Temporary Directories.
[[0;32m  OK  [0m] Listening on UUID daemon activation socket.
[[0;32m  OK  [0m] Listening on ACPID Listen Socket.
[[0;32m  OK  [0m] Started ACPI Events Check.
[[0;32m  OK  [0m] Reached target Paths.
[[0;32m  OK  [0m] Started Daily apt upgrade and clean activities.
[[0;32m  OK  [0m] Reached target Timers.
[[0;32m  OK  [0m] Listening on D-Bus System Message Bus Socket.
[[0;32m  OK  [0m] Listening on LXD - unix socket.
[[0;32m  OK  [0m] Listening on Socket activation for snappy daemon.
[[0;32m  OK  [0m] Reached target Sockets.
[[0;32m  OK  [0m] Reached target Basic System.
         Starting Accounts Service...
         Starting System Logging Service...
         Starting Login Service...
[[0;32m  OK  [0m] Started D-Bus System Message Bus.
[[0;32m  OK  [0m] Started ACPI event daemon.
[[0;32m  OK  [0m] Started FUSE filesystem for LXC.
[[0;32m  OK  [0m] Started Deferred execution scheduler.
         Starting LSB: MD monitoring daemon...
         Starting Pollinate to seed the pseudo random number generator...
[[0;32m  OK  [0m] Started Regular background program processing daemon.
         Starting Virtualbox guest utils...
         Starting Snappy daemon...
         Starting /etc/rc.local Compatibility...
         Starting LSB: Record successful boot for GRUB...
         Starting LXD - container startup/shutdown...
[[0;32m  OK  [0m] Started System Logging Service.
[[0;32m  OK  [0m] Started iSCSI initiator daemon (iscsid).
[[0;32m  OK  [0m] Started /etc/rc.local Compatibility.
[[0;32m  OK  [0m] Started Login Service.
[[0;32m  OK  [0m] Started Unattended Upgrades Shutdown.
         Starting Authenticate and Authorize Users to Run Privileged Tasks...
         Starting Login to default iSCSI targets...
[[0;32m  OK  [0m] Started LSB: MD monitoring daemon.
[[0;32m  OK  [0m] Started LSB: Record successful boot for GRUB.
[[0;32m  OK  [0m] Started Authenticate and Authorize Users to Run Privileged Tasks.
[[0;32m  OK  [0m] Started Accounts Service.
[[0;32m  OK  [0m] Started Login to default iSCSI targets.
[[0;32m  OK  [0m] Reached target Remote File Systems (Pre).
[[0;32m  OK  [0m] Reached target Remote File Systems.
         Starting LSB: Set the CPU Frequency Scaling governor to "ondemand"...
         Starting LSB: automatic crash report generation...
         Starting Permit User Sessions...
         Starting LSB: daemon to balance interrupts for SMP systems...
[[0;32m  OK  [0m] Started Permit User Sessions.
         Starting Hold until boot process finishes up...
         Starting Terminate Plymouth Boot Screen...
[[0;32m  OK  [0m] Started Virtualbox guest utils.
[[0;32m  OK  [0m] Started Hold until boot process finishes up.
[[0;32m  OK  [0m] Started Getty on tty1.
         Starting Set console scheme...
[[0;32m  OK  [0m] Started Serial Getty on ttyS0.
[[0;32m  OK  [0m] Reached target Login Prompts.
[[0;32m  OK  [0m] Started LSB: Set the CPU Frequency Scaling governor to "ondemand".
[[0;32m  OK  [0m] Started LXD - container startup/shutdown.
[[0;32m  OK  [0m] Started Terminate Plymouth Boot Screen.
[[0;32m  OK  [0m] Started Set console scheme.
[[0;32m  OK  [0m] Started LSB: automatic crash report generation.
[[0;32m  OK  [0m] Started LSB: daemon to balance interrupts for SMP systems.
[[0;32m  OK  [0m] Started Snappy daemon.
[[0;32m  OK  [0m] Started Pollinate to seed the pseudo random number generator.
         Starting OpenBSD Secure Shell server...
         Starting Wait until snapd is fully seeded...
[[0;32m  OK  [0m] Started OpenBSD Secure Shell server.
[[0;32m  OK  [0m] Created slice User Slice of vagrant.
         Starting User Manager for UID 1000...
[[0;32m  OK  [0m] Started Session 1 of user vagrant.
[[0;32m  OK  [0m] Started User Manager for UID 1000.

Ubuntu 16.04.6 LTS ubuntu-xenial ttyS0

ubuntu-xenial login: [   62.543597] cloud-init[1409]: Generating locales (this might take a while)...
[   67.938541] cloud-init[1409]:   en_US.UTF-8... done
[   67.944889] cloud-init[1409]: Generation complete.
[   71.314740] cloud-init[1409]: Cloud-init v. 19.1-1-gbaa47854-0ubuntu1~16.04.1 running 'modules:config' at Fri, 23 Aug 2019 15:38:56 +0000. Up 61.13 seconds.
ci-info: no authorized ssh keys fingerprints found for user ubuntu.
<14>Aug 23 15:39:08 ec2: 
<14>Aug 23 15:39:08 ec2: #############################################################
<14>Aug 23 15:39:08 ec2: -----BEGIN SSH HOST KEY FINGERPRINTS-----
<14>Aug 23 15:39:08 ec2: 1024 SHA256:MVi0cgKIeBgf/WIIWbZxz5JpSYM0vQ0aDCxqqKD68K4 root@ubuntu-xenial (DSA)
<14>Aug 23 15:39:08 ec2: 256 SHA256:tarSHzpetcIGAwLt+ecw80ItufR7Rq2g84uDvHv/YP8 root@ubuntu-xenial (ECDSA)
<14>Aug 23 15:39:08 ec2: 256 SHA256:j98KtTcVbgIiJE94fBfuW7MJYPoBvr0rY8UqXKnAdhM root@ubuntu-xenial (ED25519)
<14>Aug 23 15:39:08 ec2: 2048 SHA256:/mADvZLT9B/lzw0Snop4v9JSKYKA64n4UsnGexcjS+U root@ubuntu-xenial (RSA)
<14>Aug 23 15:39:08 ec2: -----END SSH HOST KEY FINGERPRINTS-----
<14>Aug 23 15:39:08 ec2: #############################################################
-----BEGIN SSH HOST KEY KEYS-----
ecdsa-sha2-nistp256 AAAAE2VjZHNhLXNoYTItbmlzdHAyNTYAAAAIbmlzdHAyNTYAAABBBAhSit3FUgfYS8SphKqZQJ/vqRdbkGdI1MVVAp0sSvWfBY/14FVpXkLbMzdBKvnN9DmVYLBJkCRyHTiXHBVaiQk= root@ubuntu-xenial
ssh-ed25519 AAAAC3NzaC1lZDI1NTE5AAAAIHztIDFLnU90stlpYd6OTfXxvj5LCJUiovvTvzqVqObP root@ubuntu-xenial
ssh-rsa AAAAB3NzaC1yc2EAAAADAQABAAABAQC9bvY/z07KiJk+2FxGQij3rYf7w01Fwpqju73pqk4zzUfsYkNFio7UyH6utrZPTPLv1/wHvk+vfeoTWa+VYcT+MT7Mp1toGSUHvqj+kRLvs/i3aa4yIg4/WT++h8iUuDNq+ThrNyFyPqwUWSvuDDu2VESkPJIRQCIyPTnlOuR8TBjpd8ocpl5L6CpzNm4QYzK3HfnbJiSoLMVBH4WsNCcjLxHS8iFwXBKeNaH9OJbkESeBgXloP/7xLv/dVLhsvCtYAR8SwG1FZCs6A3P9alZ9SZHw84EFLsV5LV5jLNFxVINXR6hdB3I01up6GQMi+wEwr87dI8RHweFHSUXihCHT root@ubuntu-xenial
-----END SSH HOST KEY KEYS-----
[   74.086096] cloud-init[1616]: Cloud-init v. 19.1-1-gbaa47854-0ubuntu1~16.04.1 running 'modules:final' at Fri, 23 Aug 2019 15:39:08 +0000. Up 73.04 seconds.
[   74.087033] cloud-init[1616]: ci-info: no authorized ssh keys fingerprints found for user ubuntu.
[   74.118887] cloud-init[1616]: Cloud-init v. 19.1-1-gbaa47854-0ubuntu1~16.04.1 finished at Fri, 23 Aug 2019 15:39:08 +0000. Datasource DataSourceNoCloud [seed=/dev/sdb][dsmode=net].  Up 73.91 seconds
