[    0.000000] Initializing cgroup subsys cpuset
[    0.000000] Initializing cgroup subsys cpu
[    0.000000] Initializing cgroup subsys cpuacct
[    0.000000] Linux version 4.4.0-159-generic (buildd@lgw01-amd64-042) (gcc version 5.4.0 20160609 (Ubuntu 5.4.0-6ubuntu1~16.04.10) ) #187-Ubuntu SMP Thu Aug 1 16:28:06 UTC 2019 (Ubuntu 4.4.0-159.187-generic 4.4.185)
[    0.000000] Command line: BOOT_IMAGE=/boot/vmlinuz-4.4.0-159-generic root=LABEL=cloudimg-rootfs ro console=tty1 console=ttyS0
[    0.000000] KERNEL supported cpus:
[    0.000000]   Intel GenuineIntel
[    0.000000]   AMD AuthenticAMD
[    0.000000]   Centaur CentaurHauls
[    0.000000] x86/fpu: Legacy x87 FPU detected.
[    0.000000] e820: BIOS-provided physical RAM map:
[    0.000000] BIOS-e820: [mem 0x0000000000000000-0x000000000009fbff] usable
[    0.000000] BIOS-e820: [mem 0x000000000009fc00-0x000000000009ffff] reserved
[    0.000000] BIOS-e820: [mem 0x00000000000f0000-0x00000000000fffff] reserved
[    0.000000] BIOS-e820: [mem 0x0000000000100000-0x000000002cfeffff] usable
[    0.000000] BIOS-e820: [mem 0x000000002cff0000-0x000000002cffffff] ACPI data
[    0.000000] BIOS-e820: [mem 0x00000000fec00000-0x00000000fec00fff] reserved
[    0.000000] BIOS-e820: [mem 0x00000000fee00000-0x00000000fee00fff] reserved
[    0.000000] BIOS-e820: [mem 0x00000000fffc0000-0x00000000ffffffff] reserved
[    0.000000] NX (Execute Disable) protection: active
[    0.000000] SMBIOS 2.5 present.
[    0.000000] Hypervisor detected: KVM
[    0.000000] e820: last_pfn = 0x2cff0 max_arch_pfn = 0x400000000
[    0.000000] MTRR: Disabled
[    0.000000] x86/PAT: MTRRs disabled, skipping PAT initialization too.
[    0.000000] CPU MTRRs all blank - virtualized system.
[    0.000000] x86/PAT: Configuration [0-7]: WB  WT  UC- UC  WB  WT  UC- UC  
[    0.000000] found SMP MP-table at [mem 0x0009fff0-0x0009ffff] mapped at [ffff88000009fff0]
[    0.000000] Scanning 1 areas for low memory corruption
[    0.000000] RAMDISK: [mem 0x2b99f000-0x2c81afff]
[    0.000000] ACPI: Early table checksum verification disabled
[    0.000000] ACPI: RSDP 0x00000000000E0000 000024 (v02 VBOX  )
[    0.000000] ACPI: XSDT 0x000000002CFF0030 00003C (v01 VBOX   VBOXXSDT 00000001 ASL  00000061)
[    0.000000] ACPI: FACP 0x000000002CFF00F0 0000F4 (v04 VBOX   VBOXFACP 00000001 ASL  00000061)
[    0.000000] ACPI: DSDT 0x000000002CFF0470 0021FF (v02 VBOX   VBOXBIOS 00000002 INTL 20180105)
[    0.000000] ACPI: FACS 0x000000002CFF0200 000040
[    0.000000] ACPI: FACS 0x000000002CFF0200 000040
[    0.000000] ACPI: APIC 0x000000002CFF0240 000054 (v02 VBOX   VBOXAPIC 00000001 ASL  00000061)
[    0.000000] ACPI: SSDT 0x000000002CFF02A0 0001CC (v01 VBOX   VBOXCPUT 00000002 INTL 20180105)
[    0.000000] No NUMA configuration found
[    0.000000] Faking a node at [mem 0x0000000000000000-0x000000002cfeffff]
[    0.000000] NODE_DATA(0) allocated [mem 0x2cfeb000-0x2cfeffff]
[    0.000000] kvm-clock: Using msrs 4b564d01 and 4b564d00
[    0.000000] kvm-clock: cpu 0, msr 0:2cfe3001, primary cpu clock
[    0.000000] kvm-clock: using sched offset of 7897592499 cycles
[    0.000000] clocksource: kvm-clock: mask: 0xffffffffffffffff max_cycles: 0x1cd42e4dffb, max_idle_ns: 881590591483 ns
[    0.000000] Zone ranges:
[    0.000000]   DMA      [mem 0x0000000000001000-0x0000000000ffffff]
[    0.000000]   DMA32    [mem 0x0000000001000000-0x000000002cfeffff]
[    0.000000]   Normal   empty
[    0.000000]   Device   empty
[    0.000000] Movable zone start for each node
[    0.000000] Early memory node ranges
[    0.000000]   node   0: [mem 0x0000000000001000-0x000000000009efff]
[    0.000000]   node   0: [mem 0x0000000000100000-0x000000002cfeffff]
[    0.000000] Initmem setup node 0 [mem 0x0000000000001000-0x000000002cfeffff]
[    0.000000] ACPI: PM-Timer IO Port: 0x4008
[    0.000000] IOAPIC[0]: apic_id 1, version 32, address 0xfec00000, GSI 0-23
[    0.000000] ACPI: INT_SRC_OVR (bus 0 bus_irq 0 global_irq 2 dfl dfl)
[    0.000000] ACPI: INT_SRC_OVR (bus 0 bus_irq 9 global_irq 9 low level)
[    0.000000] Using ACPI (MADT) for SMP configuration information
[    0.000000] smpboot: Allowing 1 CPUs, 0 hotplug CPUs
[    0.000000] PM: Registered nosave memory: [mem 0x00000000-0x00000fff]
[    0.000000] PM: Registered nosave memory: [mem 0x0009f000-0x0009ffff]
[    0.000000] PM: Registered nosave memory: [mem 0x000a0000-0x000effff]
[    0.000000] PM: Registered nosave memory: [mem 0x000f0000-0x000fffff]
[    0.000000] e820: [mem 0x2d000000-0xfebfffff] available for PCI devices
[    0.000000] Booting paravirtualized kernel on KVM
[    0.000000] clocksource: refined-jiffies: mask: 0xffffffff max_cycles: 0xffffffff, max_idle_ns: 7645519600211568 ns
[    0.000000] setup_percpu: NR_CPUS:512 nr_cpumask_bits:512 nr_cpu_ids:1 nr_node_ids:1
[    0.000000] PERCPU: Embedded 34 pages/cpu @ffff88002cc00000 s99544 r8192 d31528 u2097152
[    0.000000] Built 1 zonelists in Node order, mobility grouping on.  Total pages: 181304
[    0.000000] Policy zone: DMA32
[    0.000000] Kernel command line: BOOT_IMAGE=/boot/vmlinuz-4.4.0-159-generic root=LABEL=cloudimg-rootfs ro console=tty1 console=ttyS0
[    0.000000] PID hash table entries: 4096 (order: 3, 32768 bytes)
[    0.000000] Memory: 690660K/736824K available (8618K kernel code, 1335K rwdata, 4032K rodata, 1488K init, 1284K bss, 46164K reserved, 0K cma-reserved)
[    0.000000] SLUB: HWalign=64, Order=0-3, MinObjects=0, CPUs=1, Nodes=1
[    0.000000] Kernel/User page tables isolation: enabled
[    0.000000] Hierarchical RCU implementation.
[    0.000000] 	Build-time adjustment of leaf fanout to 64.
[    0.000000] 	RCU restricting CPUs from NR_CPUS=512 to nr_cpu_ids=1.
[    0.000000] RCU: Adjusting geometry for rcu_fanout_leaf=64, nr_cpu_ids=1
[    0.000000] NR_IRQS:33024 nr_irqs:256 16
[    0.000000] Console: colour VGA+ 80x25
[    0.000000] console [tty1] enabled
[    0.000000] console [ttyS0] enabled
[    0.000000] tsc: Detected 2992.498 MHz processor
[    1.433777] Calibrating delay loop (skipped) preset value.. 5984.99 BogoMIPS (lpj=11969992)
[    1.440707] pid_max: default: 32768 minimum: 301
[    1.444757] ACPI: Core revision 20150930
[    1.447576] ACPI: 2 ACPI AML tables successfully acquired and loaded
[    1.449802] Security Framework initialized
[    1.460475] Yama: becoming mindful.
[    1.625442] AppArmor: AppArmor initialized
[    1.627173] Dentry cache hash table entries: 131072 (order: 8, 1048576 bytes)
[    1.639258] Inode-cache hash table entries: 65536 (order: 7, 524288 bytes)
[    1.731921] Mount-cache hash table entries: 2048 (order: 2, 16384 bytes)
[    1.830510] Mountpoint-cache hash table entries: 2048 (order: 2, 16384 bytes)
[    1.834554] Initializing cgroup subsys io
[    1.836361] Initializing cgroup subsys memory
[    1.877425] Initializing cgroup subsys devices
[    1.879041] Initializing cgroup subsys freezer
[    1.937894] Initializing cgroup subsys net_cls
[    1.939457] Initializing cgroup subsys perf_event
[    1.957802] Initializing cgroup subsys net_prio
[    1.967999] Initializing cgroup subsys hugetlb
[    1.969534] Initializing cgroup subsys pids
[    2.064874] mce: CPU supports 0 MCE banks
[    2.149849] process: using mwait in idle threads
[    2.187541] Last level iTLB entries: 4KB 128, 2MB 4, 4MB 4
[    2.245836] Last level dTLB entries: 4KB 256, 2MB 0, 4MB 32, 1GB 0
[    2.249316] Spectre V1 : Mitigation: usercopy/swapgs barriers and __user pointer sanitization
[    2.278869] Spectre V2 : Mitigation: Full generic retpoline
[    2.280702] Spectre V2 : Spectre v2 / SpectreRSB mitigation: Filling RSB on context switch
[    2.347707] Speculative Store Bypass: Vulnerable
[    2.353245] MDS: Vulnerable: Clear CPU buffers attempted, no microcode
[    3.014977] Freeing SMP alternatives memory: 36K
[    3.085924] ftrace: allocating 32318 entries in 127 pages
[    3.310235] smpboot: APIC(0) Converting physical 0 to logical package 0
[    3.321940] smpboot: Max logical packages: 1
[    3.324223] x2apic enabled
[    3.390551] Switched APIC routing to physical x2apic.
[    3.417286] ..TIMER: vector=0x30 apic1=0 pin1=2 apic2=-1 pin2=-1
[    3.487419] APIC calibration not consistent with PM-Timer: 200ms instead of 100ms
[    3.490122] APIC delta adjusted to PM-Timer: 6249968 (12500653)
[    3.500320] smpboot: CPU0: Intel(R) Core(TM)2 Duo CPU     E8400  @ 3.00GHz (family: 0x6, model: 0x17, stepping: 0xa)
[    3.504102] Performance Events: unsupported p6 CPU model 23 no PMU driver, software events only.
[    3.702342] KVM setup paravirtual spinlock
[    3.707556] x86: Booted up 1 node, 1 CPUs
[    3.709100] smpboot: Total of 1 processors activated (5984.99 BogoMIPS)
[    3.734703] devtmpfs: initialized
[    3.787732] evm: security.selinux
[    3.789032] evm: security.SMACK64
[    3.816178] evm: security.SMACK64EXEC
[    3.817575] evm: security.SMACK64TRANSMUTE
[    3.819022] evm: security.SMACK64MMAP
[    3.820432] evm: security.ima
[    3.821629] evm: security.capability
[    3.823269] clocksource: jiffies: mask: 0xffffffff max_cycles: 0xffffffff, max_idle_ns: 7645041785100000 ns
[    3.895887] futex hash table entries: 256 (order: 2, 16384 bytes)
[    3.927058] pinctrl core: initialized pinctrl subsystem
[    3.929058] RTC time: 16:27:40, date: 08/23/19
[    3.994143] NET: Registered protocol family 16
[    3.996907] cpuidle: using governor ladder
[    4.000425] cpuidle: using governor menu
[    4.015097] PCCT header not found.
[    4.020033] ACPI: bus type PCI registered
[    4.031079] acpiphp: ACPI Hot Plug PCI Controller Driver version: 0.5
[    4.036584] PCI: Using configuration type 1 for base access
[    4.040039] ACPI: Added _OSI(Module Device)
[    4.042156] ACPI: Added _OSI(Processor Device)
[    4.043721] ACPI: Added _OSI(3.0 _SCP Extensions)
[    4.045342] ACPI: Added _OSI(Processor Aggregator Device)
[    4.115058] ACPI: Executed 1 blocks of module-level executable AML code
[    4.131044] ACPI: Interpreter enabled
[    4.207161] ACPI: (supports S0 S5)
[    4.415433] ACPI: Using IOAPIC for interrupt routing
[    4.417521] PCI: Using host bridge windows from ACPI; if necessary, use "pci=nocrs" and report a bug
[    4.425825] ACPI: PCI Root Bridge [PCI0] (domain 0000 [bus 00-ff])
[    4.511290] acpi PNP0A03:00: _OSC: OS supports [ASPM ClockPM Segments MSI]
[    4.513493] acpi PNP0A03:00: _OSC: not requesting OS control; OS requires [ExtendedConfig ASPM ClockPM MSI]
[    4.529748] acpi PNP0A03:00: fail to add MMCONFIG information, can't access extended PCI configuration space under this bridge.
[    4.614179] PCI host bridge to bus 0000:00
[    4.616803] pci_bus 0000:00: root bus resource [io  0x0000-0x0cf7 window]
[    4.619027] pci_bus 0000:00: root bus resource [io  0x0d00-0xffff window]
[    4.621107] pci_bus 0000:00: root bus resource [mem 0x000a0000-0x000bffff window]
[    4.624759] pci_bus 0000:00: root bus resource [mem 0x2d000000-0xfdffffff window]
[    4.630025] pci_bus 0000:00: root bus resource [bus 00-ff]
[    4.728302] pci 0000:00:01.1: legacy IDE quirk: reg 0x10: [io  0x01f0-0x01f7]
[    4.732379] pci 0000:00:01.1: legacy IDE quirk: reg 0x14: [io  0x03f6]
[    4.734445] pci 0000:00:01.1: legacy IDE quirk: reg 0x18: [io  0x0170-0x0177]
[    4.736628] pci 0000:00:01.1: legacy IDE quirk: reg 0x1c: [io  0x0376]
[    4.824554] pci 0000:00:07.0: quirk: [io  0x4000-0x403f] claimed by PIIX4 ACPI
[    4.836262] pci 0000:00:07.0: quirk: [io  0x4100-0x410f] claimed by PIIX4 SMB
[    4.876874] ACPI: PCI Interrupt Link [LNKA] (IRQs 5 9 10 *11)
[    4.955166] ACPI: PCI Interrupt Link [LNKB] (IRQs 5 9 *10 11)
[    5.026652] ACPI: PCI Interrupt Link [LNKC] (IRQs 5 *9 10 11)
[    5.031335] ACPI: PCI Interrupt Link [LNKD] (IRQs 5 9 10 *11)
[    5.068092] ACPI: Enabled 2 GPEs in block 00 to 07
[    5.075308] vgaarb: setting as boot device: PCI:0000:00:02.0
[    5.078499] vgaarb: device added: PCI:0000:00:02.0,decodes=io+mem,owns=io+mem,locks=none
[    5.149779] vgaarb: loaded
[    5.227960] vgaarb: bridge control possible 0000:00:02.0
[    5.232111] SCSI subsystem initialized
[    5.248931] ACPI: bus type USB registered
[    5.338024] usbcore: registered new interface driver usbfs
[    5.441259] usbcore: registered new interface driver hub
[    5.547623] usbcore: registered new device driver usb
[    5.552194] PCI: Using ACPI for IRQ routing
[    5.554398] NetLabel: Initializing
[    5.555820] NetLabel:  domain hash size = 128
[    5.637984] NetLabel:  protocols = UNLABELED CIPSOv4
[    5.646969] NetLabel:  unlabeled traffic allowed by default
[    5.738584] amd_nb: Cannot enumerate AMD northbridges
[    5.787955] clocksource: Switched to clocksource kvm-clock
[    5.853986] AppArmor: AppArmor Filesystem Enabled
[    5.950832] pnp: PnP ACPI init
[    5.980206] pnp: PnP ACPI: found 3 devices
[    6.021226] clocksource: acpi_pm: mask: 0xffffff max_cycles: 0xffffff, max_idle_ns: 2085701024 ns
[    6.064590] NET: Registered protocol family 2
[    6.163878] TCP established hash table entries: 8192 (order: 4, 65536 bytes)
[    6.188308] TCP bind hash table entries: 8192 (order: 5, 131072 bytes)
[    6.261559] TCP: Hash tables configured (established 8192 bind 8192)
[    6.263919] UDP hash table entries: 512 (order: 2, 16384 bytes)
[    6.266511] UDP-Lite hash table entries: 512 (order: 2, 16384 bytes)
[    6.278792] NET: Registered protocol family 1
[    6.281355] pci 0000:00:00.0: Limiting direct PCI/PCI transfers
[    6.364840] pci 0000:00:01.0: Activating ISA DMA hang workarounds
[    6.384931] Unpacking initramfs...
[    6.979939] Freeing initrd memory: 14832K
[    6.997780] clocksource: tsc: mask: 0xffffffffffffffff max_cycles: 0x2b2296bc2b9, max_idle_ns: 440795321505 ns
[    7.013333] platform rtc_cmos: registered platform RTC device (no PNP device found)
[    7.016232] Scanning for low memory corruption every 60 seconds
[    7.084080] audit: initializing netlink subsys (disabled)
[    7.093266] audit: type=2000 audit(1566577668.782:1): initialized
[    7.099487] Initialise system trusted keyring
[    7.102345] HugeTLB registered 2 MB page size, pre-allocated 0 pages
[    7.110649] zbud: loaded
[    7.113785] VFS: Disk quotas dquot_6.6.0
[    7.116305] VFS: Dquot-cache hash table entries: 512 (order 0, 4096 bytes)
[    7.120310] squashfs: version 4.0 (2009/01/31) Phillip Lougher
[    7.127110] fuse init (API version 7.23)
[    7.130973] Key type big_key registered
[    7.134286] Allocating IMA MOK and blacklist keyrings.
[    7.138311] Key type asymmetric registered
[    7.141274] Asymmetric key parser 'x509' registered
[    7.144973] Block layer SCSI generic (bsg) driver version 0.4 loaded (major 249)
[    7.149628] io scheduler noop registered
[    7.152953] io scheduler deadline registered (default)
[    7.156850] io scheduler cfq registered
[    7.161341] pci_hotplug: PCI Hot Plug PCI Core version: 0.5
[    7.164024] pciehp: PCI Express Hot Plug Controller Driver version: 0.4
[    7.199731] ACPI: AC Adapter [AC] (on-line)
[    7.205306] input: Power Button as /devices/LNXSYSTM:00/LNXPWRBN:00/input/input0
[    7.302052] ACPI: Power Button [PWRF]
[    7.303521] input: Sleep Button as /devices/LNXSYSTM:00/LNXSLPBN:00/input/input1
[    7.306970] ACPI: Sleep Button [SLPF]
[    7.318304] GHES: HEST is not enabled!
[    7.319832] Serial: 8250/16550 driver, 32 ports, IRQ sharing enabled
[    7.392659] 00:02: ttyS0 at I/O 0x3f8 (irq = 4, base_baud = 115200) is a 16550A
[    7.442018] Linux agpgart interface v0.103
[    7.494737] loop: module loaded
[    7.498925] scsi host0: ata_piix
[    7.515536] scsi host1: ata_piix
[    7.517065] ata1: PATA max UDMA/33 cmd 0x1f0 ctl 0x3f6 bmdma 0xd000 irq 14
[    7.519134] ata2: PATA max UDMA/33 cmd 0x170 ctl 0x376 bmdma 0xd008 irq 15
[    7.525969] libphy: Fixed MDIO Bus: probed
[    7.529186] tun: Universal TUN/TAP device driver, 1.6
[    7.538000] tun: (C) 1999-2004 Max Krasnyansky <maxk@qualcomm.com>
[    7.549009] PPP generic driver version 2.4.2
[    7.596778] ehci_hcd: USB 2.0 'Enhanced' Host Controller (EHCI) Driver
[    7.621066] ehci-pci: EHCI PCI platform driver
[    7.697214] ehci-platform: EHCI generic platform driver
[    7.728301] ohci_hcd: USB 1.1 'Open' Host Controller (OHCI) Driver
[    7.837597] ohci-pci: OHCI PCI platform driver
[    7.847661] ohci-platform: OHCI generic platform driver
[    7.906325] uhci_hcd: USB Universal Host Controller Interface driver
[    7.914423] i8042: PNP: PS/2 Controller [PNP0303:PS2K,PNP0f03:PS2M] at 0x60,0x64 irq 1,12
[    7.918600] serio: i8042 KBD port at 0x60,0x64 irq 1
[    7.920269] serio: i8042 AUX port at 0x60,0x64 irq 12
[    7.923128] mousedev: PS/2 mouse device common for all mice
[    7.947281] input: AT Translated Set 2 keyboard as /devices/platform/i8042/serio0/input/input2
[    7.957352] rtc_cmos rtc_cmos: rtc core: registered rtc_cmos as rtc0
[    8.011786] rtc_cmos rtc_cmos: alarms up to one day, 114 bytes nvram
[    8.016775] i2c /dev entries driver
[    8.026201] device-mapper: uevent: version 1.0.3
[    8.028143] device-mapper: ioctl: 4.34.0-ioctl (2015-10-28) initialised: dm-devel@redhat.com
[    8.059028] ledtrig-cpu: registered to indicate activity on CPUs
[    8.138196] NET: Registered protocol family 10
[    8.225204] NET: Registered protocol family 17
[    8.229503] Key type dns_resolver registered
[    8.233984] registered taskstats version 1
[    8.239488] Loading compiled-in X.509 certificates
[    8.249097] Loaded X.509 cert 'Build time autogenerated kernel key: d14182f9795b80ec340f636a5a08bf5817ccd8e7'
[    8.260379] zswap: loaded using pool lzo/zbud
[    8.286857] Key type trusted registered
[    8.340668] Key type encrypted registered
[    8.372527] AppArmor: AppArmor sha1 policy hashing enabled
[    8.380844] ima: No TPM chip found, activating TPM-bypass!
[    8.386093] ima: Allocated hash algorithm: sha1
[    8.397635] evm: HMAC attrs: 0x1
[    8.403162]   Magic number: 15:364:490
[    8.411608] rtc_cmos rtc_cmos: setting system clock to 2019-08-23 16:27:45 UTC (1566577665)
[    8.416780] BIOS EDD facility v0.16 2004-Jun-25, 0 devices found
[    8.420316] EDD information not available.
[    8.431039] Freeing unused kernel memory: 1488K
[    8.444057] Write protecting the kernel read-only data: 14336k
[    8.475578] Freeing unused kernel memory: 1608K
[    8.484596] Freeing unused kernel memory: 64K
Loading, please wait...
starting version 229
[    8.768748] random: systemd-udevd: uninitialized urandom read (16 bytes read, 4 bits of entropy available)
[    8.852468] random: udevadm: uninitialized urandom read (16 bytes read, 4 bits of entropy available)
[    8.980151] random: systemd-udevd: uninitialized urandom read (16 bytes read, 4 bits of entropy available)
[    9.039943] random: systemd-udevd: uninitialized urandom read (16 bytes read, 4 bits of entropy available)
[    9.054456] random: udevadm: uninitialized urandom read (16 bytes read, 4 bits of entropy available)
[    9.149079] random: systemd-udevd: uninitialized urandom read (16 bytes read, 4 bits of entropy available)
[    9.262505] random: systemd-udevd: uninitialized urandom read (16 bytes read, 4 bits of entropy available)
[    9.341727] random: systemd-udevd: uninitialized urandom read (16 bytes read, 4 bits of entropy available)
[    9.348481] random: systemd-udevd: uninitialized urandom read (16 bytes read, 4 bits of entropy available)
[    9.355374] random: systemd-udevd: uninitialized urandom read (16 bytes read, 4 bits of entropy available)
[   10.101787] Fusion MPT base driver 3.04.20
[   10.188046] Copyright (c) 1999-2008 LSI Corporation
[   10.308788] e1000: Intel(R) PRO/1000 Network Driver - version 7.3.21-k8-NAPI
[   10.314014] e1000: Copyright (c) 1999-2006 Intel Corporation.
[   10.591906] input: ImExPS/2 Generic Explorer Mouse as /devices/platform/i8042/serio1/input/input4
[   11.110118] Fusion MPT SPI Host driver 3.04.20
[   11.722763] e1000 0000:00:03.0 eth0: (PCI:33MHz:32-bit) 02:52:2e:48:de:28
[   11.767985] e1000 0000:00:03.0 eth0: Intel(R) PRO/1000 Network Connection
[   11.836296] e1000 0000:00:03.0 enp0s3: renamed from eth0
[   11.933133] mptbase: ioc0: Initiating bringup
[   12.012482] ioc0: LSI53C1030 A0: Capabilities={Initiator}
[   12.178355] scsi host2: ioc0: LSI53C1030 A0, FwRev=00000000h, Ports=1, MaxQ=256, IRQ=20
[   12.342159] scsi 2:0:0:0: Direct-Access     VBOX     HARDDISK         1.0  PQ: 0 ANSI: 5
[   12.348876] scsi target2:0:0: Beginning Domain Validation
[   12.351816] scsi target2:0:0: Domain Validation skipping write tests
[   12.353850] scsi target2:0:0: Ending Domain Validation
[   12.363850] scsi target2:0:0: asynchronous
[   12.368478] scsi 2:0:1:0: Direct-Access     VBOX     HARDDISK         1.0  PQ: 0 ANSI: 5
[   12.372304] scsi target2:0:1: Beginning Domain Validation
[   12.389543] scsi target2:0:1: Domain Validation skipping write tests
[   12.398314] scsi target2:0:1: Ending Domain Validation
[   12.400146] scsi target2:0:1: asynchronous
[   12.438409] sd 2:0:0:0: Attached scsi generic sg0 type 0
[   12.443800] sd 2:0:0:0: [sda] 20971520 512-byte logical blocks: (10.7 GB/10.0 GiB)
[   12.449300] sd 2:0:0:0: [sda] Write Protect is off
[   12.488072] sd 2:0:1:0: [sdb] 20480 512-byte logical blocks: (10.5 MB/10.0 MiB)
[   12.547090] sd 2:0:1:0: Attached scsi generic sg1 type 0
[   12.745832] sd 2:0:0:0: [sda] Incomplete mode parameter data
[   12.749668] sd 2:0:0:0: [sda] Assuming drive cache: write through
[   12.768218] sd 2:0:1:0: [sdb] Write Protect is off
[   12.853243] sd 2:0:1:0: [sdb] Incomplete mode parameter data
[   12.864236] sd 2:0:1:0: [sdb] Assuming drive cache: write through
[   12.879282]  sda: sda1
[   12.909396] sd 2:0:0:0: [sda] Attached SCSI disk
[   12.922794] sd 2:0:1:0: [sdb] Attached SCSI disk
Begin: Loading essential drivers ... [   16.480886] md: linear personality registered for level -1
[   16.684640] md: multipath personality registered for level -4
[   16.719577] md: raid0 personality registered for level 0
[   16.811225] md: raid1 personality registered for level 1
[   16.986171] raid6: sse2x1   gen()  1995 MB/s
[   17.072282] raid6: sse2x1   xor()  2478 MB/s
[   17.173824] raid6: sse2x2   gen()  3610 MB/s
[   17.276093] raid6: sse2x2   xor()  3938 MB/s
[   17.482686] raid6: sse2x4   gen()  5625 MB/s
[   17.588248] raid6: sse2x4   xor()  3595 MB/s
[   17.608924] raid6: using algorithm sse2x4 gen() 5625 MB/s
[   17.618023] raid6: .... xor() 3595 MB/s, rmw enabled
[   17.619909] raid6: using ssse3x2 recovery algorithm
[   17.644043] xor: measuring software checksum speed
[   17.735953]    prefetch64-sse: 19957.000 MB/sec
[   17.844562]    generic_sse: 19911.000 MB/sec
[   17.897619] xor: using function: prefetch64-sse (19957.000 MB/sec)
[   17.908896] async_tx: api initialized (async)
[   18.114357] md: raid6 personality registered for level 6
[   18.139371] md: raid5 personality registered for level 5
[   18.141373] md: raid4 personality registered for level 4
[   18.321870] md: raid10 personality registered for level 10
done.
Begin: Running /scripts/init-premount ... done.
Begin: Mounting root file system ... Begin: Running /scripts/local-top ... done.
Begin: Running /scripts/local-premount ... [   18.854807] Btrfs loaded
Scanning for Btrfs filesystems
done.
Warning: fsck not present, so skipping root file system
[   19.268402] EXT4-fs (sda1): mounted filesystem with ordered data mode. Opts: (null)
done.
Begin: Running /scripts/local-bottom ... done.
Begin: Running /scripts/init-bottom ... done.
[   20.245460] random: nonblocking pool is initialized
[   20.404998] systemd[1]: systemd 229 running in system mode. (+PAM +AUDIT +SELINUX +IMA +APPARMOR +SMACK +SYSVINIT +UTMP +LIBCRYPTSETUP +GCRYPT +GNUTLS +ACL +XZ -LZ4 +SECCOMP +BLKID +ELFUTILS +KMOD -IDN)
[   20.414984] systemd[1]: Detected virtualization oracle.
[   20.416776] systemd[1]: Detected architecture x86-64.

Welcome to [1mUbuntu 16.04.6 LTS[0m!

[   20.448007] systemd[1]: Set hostname to <ubuntu>.
[   20.466223] systemd[1]: Initializing machine ID from random generator.
[   20.468907] systemd[1]: Installed transient /etc/machine-id file.
[   21.812764] systemd[1]: Listening on Syslog Socket.
[[0;32m  OK  [0m] Listening on Syslog Socket.
[   21.826701] systemd[1]: Listening on udev Kernel Socket.
[[0;32m  OK  [0m] Listening on udev Kernel Socket.
[   21.831475] systemd[1]: Reached target Swap.
[[0;32m  OK  [0m] Reached target Swap.
[   21.841028] systemd[1]: Listening on Journal Socket (/dev/log).
[[0;32m  OK  [0m] Listening on Journal Socket (/dev/log).
[   21.851800] systemd[1]: Listening on udev Control Socket.
[[0;32m  OK  [0m] Listening on udev Control Socket.
[   21.899547] systemd[1]: Started Forward Password Requests to Wall Directory Watch.
[[0;32m  OK  [0m] Started Forward Password Requests to Wall Directory Watch.
[   21.936883] systemd[1]: Listening on Device-mapper event daemon FIFOs.
[[0;32m  OK  [0m] Listening on Device-mapper event daemon FIFOs.
[   21.991684] systemd[1]: Listening on Journal Socket.
[[0;32m  OK  [0m] Listening on Journal Socket.
[   21.997371] systemd[1]: Started Trigger resolvconf update for networkd DNS.
[[0;32m  OK  [0m] Started Trigger resolvconf update for networkd DNS.
[   22.042270] systemd[1]: Reached target Encrypted Volumes.
[[0;32m  OK  [0m] Reached target Encrypted Volumes.
[   22.076621] systemd[1]: Reached target User and Group Name Lookups.
[[0;32m  OK  [0m] Reached target User and Group Name Lookups.
[   22.122111] systemd[1]: Listening on Journal Audit Socket.
[[0;32m  OK  [0m] Listening on Journal Audit Socket.
[   22.126588] systemd[1]: Listening on LVM2 metadata daemon socket.
[[0;32m  OK  [0m] Listening on LVM2 metadata daemon socket.
[   22.264049] systemd[1]: Reached target System Time Synchronized.
[[0;32m  OK  [0m] Reached target System Time Synchronized.
[   22.304459] systemd[1]: Listening on LVM2 poll daemon socket.
[[0;32m  OK  [0m] Listening on LVM2 poll daemon socket.
[   22.312935] systemd[1]: Created slice User and Session Slice.
[[0;32m  OK  [0m] Created slice User and Session Slice.
[   22.321638] systemd[1]: Listening on /dev/initctl Compatibility Named Pipe.
[[0;32m  OK  [0m] Listening on /dev/initctl Compatibility Named Pipe.
[   22.344060] systemd[1]: Created slice System Slice.
[[0;32m  OK  [0m] Created slice System Slice.
[   22.377507] systemd[1]: Starting Nameserver information manager...
         Starting Nameserver information manager...
[   22.442089] systemd[1]: Starting Create list of required static device nodes for the current kernel...
         Starting Create list of required st... nodes for the current kernel...
[   22.833991] systemd[1]: Mounting Debug File System...
         Mounting Debug File System...
[   22.974713] systemd[1]: Starting Uncomplicated firewall...
         Starting Uncomplicated firewall...
[   23.028393] systemd[1]: Created slice system-serial\x2dgetty.slice.
[[0;32m  OK  [0m] Created slice system-serial\x2dgetty.slice.
[   23.046958] systemd[1]: Mounting Huge Pages File System...
         Mounting Huge Pages File System...
[   23.191373] systemd[1]: Starting Monitoring of LVM2 mirrors, snapshots etc. using dmeventd or progress polling...
         Starting Monitoring of LVM2 mirrors... dmeventd or progress polling...
[   23.213795] systemd[1]: Mounting POSIX Message Queue File System...
         Mounting POSIX Message Queue File System...
[   23.465536] systemd[1]: Starting Load Kernel Modules...
         Starting Load Kernel Modules...
[   23.548379] systemd[1]: Reached target Slices.
[[0;32m  OK  [0m] Reached target Slices.
[   23.570252] systemd[1]: Set up automount Arbitrary Executable File Formats File System Automount Point.
[[0;32m  OK  [0m] Set up automount Arbitrary Executab...ats File System Automount Point.
[   23.728706] systemd[1]: Starting Journal Service...
         Starting Journal Service...
[   23.789616] systemd[1]: Starting Set console keymap...
[   23.887957] Loading iSCSI transport class v2.0-870.
         Starting Set console keymap...
[   23.976290] systemd[1]: Starting Remount Root and Kernel File Systems...
         Starting Remount Root and Kernel File Systems...
[   24.081158] iscsi: registered transport (tcp)
[   24.187670] systemd[1]: Mounted Debug File System.
[[0;32m  OK  [0m] Mounted Debug File System.
[   24.291881] systemd[1]: Mounted Huge Pages File System.
[[0;32m  OK  [0[   24.380616] EXT4-fs (sda1): re-mounted. Opts: (null)
m] Mounted Huge Pages File System.
[   24.463042] systemd[1]: Mounted POSIX Message Queue File System.
[[0;32m  OK  [0m] Mounted POSIX Message Queue File System.
[   24.521223] systemd[1]: Started Create list of required static device nodes for the current kernel.
[[0;32m  OK  [0m] Started Create list of required sta...ce nodes for the current kernel.
[   24.832838] systemd[1]: Started Uncomplicated firewall.
[[0;32m  OK  [0m] Started Uncomplicated firewall.
[   25.002545] systemd[1]: Started Remount Root and Kernel File Systems.
[[0;32m  OK  [0m] Started Remount Root and Kernel File Systems.
[   25.199343] systemd[1]: Started Nameserver information manager.
[[0;32m  OK  [0m] Started Nameserver information manager.
[   25.309507] iscsi: registered transport (iser)
[   25.399252] systemd[1]: Started Journal Service.
[[0;32m  OK  [0m] Started Journal Service.
[[0;32m  OK  [0m] Started Load Kernel Modules.
         Mounting FUSE Control File System...
         Starting Apply Kernel Variables...
[[0;32m  OK  [0m] Started LVM2 metadata daemon.
         Starting udev Coldplug all Devices...
         Starting Flush Journal to Persistent Storage...
         Starting Load/Save Random Seed...
         Starting Create Static Device Nodes in /dev...
[[0;32m  OK  [0m] Mounted FUSE Control File System.
[[0;32m  OK  [0m] Started Apply Kernel Variables.
[[0;32m  OK  [0m] Started Set console keymap.
[[0;32m  OK  [0m] Started Load/Save Random Seed.
[[0;32m  OK  [0m] Started Monitoring of LVM2 mirrors,...ng dmeventd or progress polling.
[[0;32m  OK  [0m] Started Create Static Device Nodes in /dev.
[[0;32m  OK  [0m] Started Flush Journal to Persistent Storage.
         Starting udev Kernel Device Manager...
[[0;32m  OK  [0m] Reached target Local File Systems (Pre).
[[0;32m  OK  [0m] Reached target Local File Systems.
         Starting Initial cloud-init job (pre-networking)...
         Starting Create Volatile Files and Directories...
         Starting LSB: AppArmor initialization...
         Starting Set console font and keymap...
         Starting Tell Plymouth To Write Out Runtime Data...
         Starting Commit a transient machine-id on disk...
[[0;32m  OK  [0m] Started udev Coldplug all Devices.
[[0;32m  OK  [0m] Started Create Volatile Files and Directories.
[[0;32m  OK  [0m] Started Tell Plymouth To Write Out Runtime Data.
[[0;32m  OK  [0m] Started Commit a transient machine-id on disk.
         Starting Update UTMP about System Boot/Shutdown...
[[0;32m  OK  [0m] Started udev Kernel Device Manager.
[[0;32m  OK  [0m] Started Dispatch Password Requests to Console Directory Watch.
[[0;32m  OK  [0m] Started Update UTMP about System Boot/Shutdown.
[[0;32m  OK  [0m] Found device /dev/ttyS0.
[[0;32m  OK  [0m] Listening on Load/Save RF Kill Switch Status /dev/rfkill Watch.
[[0;32m  OK  [0m] Started LSB: AppArmor initialization.
[   41.579349] cloud-init[456]: Cloud-init v. 19.1-1-gbaa47854-0ubuntu1~16.04.1 running 'init-local' at Fri, 23 Aug 2019 16:28:17 +0000. Up 35.70 seconds.
[[0;32m  OK  [0m] Started Initial cloud-init job (pre-networking).
[[0;32m  OK  [0m] Reached target Network (Pre).
         Starting Raise network interfaces...
[[0;32m  OK  [0m] Started Set console font and keymap.
[[0;32m  OK  [0m] Created slice system-getty.slice.
[[0;32m  OK  [0m] Started Raise network interfaces.
         Starting Initial cloud-init job (metadata service crawler)...
[[0;32m  OK  [0m] Reached target Network.
[   55.539020] cloud-init[938]: Cloud-init v. 19.1-1-gbaa47854-0ubuntu1~16.04.1 running 'init' at Fri, 23 Aug 2019 16:28:31 +0000. Up 49.58 seconds.
[   55.664467] cloud-init[938]: ci-info: ++++++++++++++++++++++++++++++++++++++Net device info++++++++++++++++++++++++++++++++++++++
[   55.814961] cloud-init[938]: ci-info: +--------+------+----------------------------+---------------+--------+-------------------+
[   55.970649] cloud-init[938]: ci-info: | Device |  Up  |          Address           |      Mask     | Scope  |     Hw-Address    |
[   55.993836] cloud-init[938]: ci-info: +--------+------+----------------------------+---------------+--------+-------------------+
[   55.999818] cloud-init[938]: ci-info: | enp0s3 | True |         10.0.2.15          | 255.255.255.0 | global | 02:52:2e:48:de:28 |
[   56.033369] cloud-init[938]: ci-info: | enp0s3 | True | fe80::52:2eff:fe48:de28/64 |       .       |  link  | 02:52:2e:48:de:28 |
[   56.049931] cloud-init[938]: ci-info: |   lo   | True |         127.0.0.1          |   255.0.0.0   |  host  |         .         |
[   56.065398] cloud-init[938]: ci-info: |   lo   | True |          ::1/128           |       .       |  host  |         .         |
[   56.078288] cloud-init[938]: ci-info: +--------+------+----------------------------+---------------+--------+-------------------+
[   56.088640] cloud-init[938]: ci-info: +++++++++++++++++++++++++++Route IPv4 info++++++++++++++++++++++++++++
[[0;32m  OK  [0m] Started Initial cloud-init job (metadata service crawler).[   56.117800] cloud-init[938]: ci-info: +-------+-------------+----------+---------------+-----------+-------+
[   56.121456] cloud-init[938]: ci-info: | Route | Destination | Gateway  |    Genmask    | Interface | Flags |
[   56.121992] cloud-init[938]: ci-info: +-------+-------------+----------+---------------+-----------+-------+
[   56.123189] cloud-init[938]: ci-info: |   0   |   0.0.0.0   | 10.0.2.2 |    0.0.0.0    |   enp0s3  |   UG  |
[   56.123800] cloud-init[938]: ci-info: |   1   |   10.0.2.0  | 0.0.0.0  | 255.255.255.0 |   enp0s3  |   U   |
[   56.124366] cloud-init[938]: ci-info: +-------+-------------+----------+---------------+-----------+-------+

[   56.129241] cloud-init[938]: ci-info: +++++++++++++++++++Route IPv6 info+++++++++++++++++++
[   56.387091] [[0;32m  OK  [0m] Reached target System Initialization.
[[0;32m  OK  [0m] Listening on D-Bus System Message Bus Socket.
         Starting Socket activation for snappy daemon.
[[0;32m  OK  [0m] Started Daily Cleanup of Temporary Directories.
[[0;32m  OK  [0m] Listening on UUID daemon activation socket.
cloud-init[938]: ci-info: +-------+-------------+---------+-----------+-------+
[[0;32m  OK  [0m] Started Daily apt download activities.[   56.434746] cloud-init[938]: ci-info: | Route | Destination | Gateway | Interface | Flags |
[   56.436443] cloud-init[938]: ci-info: +-------+-------------+---------+-----------+-------+
[   56.436689] cloud-init[938]: ci-info: |   0   |  fe80::/64  |    ::   |   enp0s3  |   U   |
[   56.437705] cloud-init[938]: ci-info: |   4   |   ff00::/8  |    ::   |   enp0s3  |   U   |

[[0;32m  OK  [0m] Started Daily apt upgrade and clean activities.
[[0;32m  OK  [0m] Reached target Timers.
[[0;32m  OK  [0m] Started ACPI Events Check.
[[0;32m  OK  [0m] Reached target Paths.
[   56.718203] cloud-init[938]: ci-info: +-------+-------------+---------+-----------+-------+
[   56.801127] cloud-init[938]: Generating public/private rsa key pair.
[   56.834429] cloud-init[938]: Your identification has been saved in /etc/ssh/ssh_host_rsa_key.
[   56.862768] cloud-init[938]: Your public key has been saved in /etc/ssh/ssh_host_rsa_key.pub.
[   56.869754] cloud-init[938]: The key fingerprint is:
         Starting LXD - unix socket.
[   56.939779] cloud-init[938]: SHA256:x1mluurwYLSLN2uuKdJYm6bZQu5KAmnoPMDwFJ//lnI root@ubuntu-xenial
[   56.965645] cloud-init[938]: The key's randomart image is:
[[0;32m  OK  [0m] Listening on ACPID Listen Socket.
[[0;32m  OK  [0m] Reached target Network is Online.
[   56.972449] cloud-init[938]: +---[RSA 2048]----+
         Starting iSCSI initiator daemon (iscsid)...
[[0;32m  OK  [0m] Reached target Cloud-config availability.
[[0;32m  OK  [0m] Listening on Socket activation for snappy daemon.
[[0;32m  OK  [0m] Listening on LXD - unix socket.
[   57.032438] cloud-init[938]: |  .           .  |
[[0;32m  OK  [0m] Reached target Sockets.[   57.161386] 
[[0;32m  OK  [0m] Reached target Basic System.
cloud-init[938]: |   o .       o   |[[0;32m  OK  [0m] Started Regular background program processing daemon.
[   57.243804] cloud-init[938]: |. . o       o    |

[   57.297320] cloud-init         Starting Virtualbox guest utils...
[938]: |++   .   . +     |
         Starting /etc/rc.local Compatibility...
[[0;32m  OK  [0m] Started ACPI event daemon.
         Starting Login Service...
[[0;32m  OK  [0m] Started FUSE filesystem for LXC.
         Starting LSB: Record successful boot for GRUB...
         Starting Accounts Service...
         Starting LXD - container startup/shutdown...
[   57.428069] cloud-init[938]: |=o.   o S =      |
         Starting Pollinate to seed the pseudo random number generator...
         Starting System Logging Service...[   58.233169] cloud-init[938]: |*..  . o o .     |
[   58.235606] 
[[0;32m  OK  [0m] Started D-Bus System Message Bus.
cloud-init[938]: |+O o  * E .      |
[   58.406155] cloud-init[938]: |*+B  ++O .       |
[   58.419543] cloud-init[938]: |**..+=+++        |
[   58.461947] cloud-init[938]: +----[SHA256]-----+
[   58.571299] cloud-init[938]: Generating public/private dsa key pair.
[   58.618772] cloud-init[938]: Your identification has been saved in /etc/ssh/ssh_host_dsa_key.
[   58.711685] cloud-init[938]: Your public key has been saved in /etc/ssh/ssh_host_dsa_key.pub.
[   58.729545] cloud-init[938]: The key fingerprint is:
[   58.801150] cloud-init[938]: SHA256:pNqB+Mi4OLy1GHT44Qu2+JQ1iW/PG16BaH+xttCqZ+E root@ubuntu-xenial
[   58.864023] cloud-init[938]: The key's randomart image is:
[   58.876118] cloud-init[938]: +---[DSA 1024]----+
[   58.915657] cloud-init[938]: |                 |
[   58.928396] cloud-init[938]: |                 |
[   58.931837] cloud-init[938]: |        .        |
[   58.935579] cloud-init[938]: |  .o + +         |
[   59.058126] cloud-init[938]: | oooB + S        |
[   59.077978] cloud-init[938]: |.o+B.=.o +       |
[   59.112923] cloud-init[938]: |o+=+=.=.*        |
[   59.144265] cloud-init[938]: |=+*.o+EB .       |
[   59.150319] cloud-init[938]: |+*oo.+*..        |
[   59.162915] cloud-init[938]: +----[SHA256]-----+
[   59.169866] cloud-init[938]: Generating public/private ecdsa key pair.
[   59.248320] cloud-init[938]: Your identification has been saved in /etc/ssh/ssh_host_ecdsa_key.
[[0;32m  OK  [0m] Started Deferred execution scheduler.
[   59.416237] cloud-init[938]: Your public key has been saved in /etc/ssh/ssh_host_ecdsa_key.pub.
         Starting LSB: MD monitoring daemon...
[   59.710204] cloud-init[938]: The key fingerprint is:
[   59.748319] cloud-init[938]: SHA256:NFLf+3t8upsVJxxfXScRSP4o2KPLqbqyCf5W+cp9cx8 root@ubuntu-xenial
[   59.796857] cloud-init[938]: The key's randomart image is:
         Starting Snappy daemon...
[   59.864906] cloud-init[938]: +---[ECDSA 256]---+
[   59.927818] cloud-init[938]: |        .  ...+oo|
[   60.042526] cloud-init[938]: |       . . o.  .+|
[[0;32m  OK  [0m] Started System Logging Service.
[   60.133338] cloud-init[938]: |      . o . o . o|
[   60.190070] cloud-init[938]: [[0;32m  OK  [0m] Started /etc/rc.local Compatibility.
|       o +   = o.|
[   60.296616] cloud-init[938]: |      . S + o +.o|
[   60.417622] cloud-init[938]: |     o   . o . .o|
[   60.675608] cloud-init[938]: |.   . . .    E...|
[   60.700356] [[0;32m  OK  [0m] Started iSCSI initiator daemon (iscsid).
cloud-init[938]: |...o. .o = .  .++|
[   60.765647] cloud-init[938]: | .=+o=oo= o ..*=.|
[   60.865937] cloud-init[938]: +----[SHA256]-----+
[   60.895355] cloud-init[938]: Generating public/private ed25519 key pair.
[   60.948839] cloud-init[938]: Your identification has been saved in /etc/ssh/ssh_host_ed25519_key.
[   61.046273] cloud-init[938]: Your public key has been saved in /etc/ssh/ssh_host_ed25519_key.pub.
[[0;32m  OK  [0m] Started LXD - container startup/shutdown.
[[0;32m  OK  [0m] Started Login Service.
[   61.144015] cloud-init[938]: The key fingerprint is:
[   61.431764] cloud-init[938]: SHA256:yKcUbny81rsIjaINhcqW+qqRYJqpBDaxE/G7nsy4xqM root@ubuntu-xenial
[[0;32m  OK  [0m] Started Unattended Upgrades Shutdown.
[   61.507556] cloud-init[938]: The key's randomart image is:
         Starting Authenticate and Authorize Users to Run Privileged Tasks...
[   61.628426] cloud-init[938]:          Starting Login to default iSCSI targets...
+--[ED25519 256]--+
[   61.927926] cloud-init[938]: | .               |
[   62.010567] cloud-init[938]: |  o              |
[   62.076895] cloud-init[938]: | o .  .          |
[   62.337167] cloud-init[938]: |  +..+ +         |
[   62.458769] cloud-init[938]: |o*... B S        |
[   62.513053] cloud-init[938]: |B=+..o * o       |
[   62.595590] [[0;32m  OK  [0m] Started LSB: Record successful boot for GRUB.
cloud-init[938]: |O=... + + .      |
[   62.723377] cloud-init[938]: |===+.. o . .     |
[   62.920587] cloud-init[938]: |E===.   . o.     |
[   63.025478] cloud-init[938]: +----[SHA256]-----+
[[0;32m  OK  [0m] Started Login to default iSCSI targets.
[[0;32m  OK  [0m] Reached target Remote File Systems (Pre).
[[0;32m  OK  [0m] Reached target Remote File Systems.
         Starting LSB: daemon to balance interrupts for SMP systems...
         Starting LSB: Set the CPU Frequency Scaling governor to "ondemand"...
         Starting Permit User Sessions...
         Starting LSB: automatic crash report generation...
[[0;32m  OK  [0m] Started LSB: MD monitoring daemon.
[[0;32m  OK  [0m] Started Authenticate and Authorize Users to Run Privileged Tasks.
[[0;32m  OK  [0m] Started Accounts Service.
[[0;32m  OK  [0m] Started Permit User Sessions.
         Starting Hold until boot process finishes up...
         Starting Terminate Plymouth Boot Screen...
[[0;32m  OK  [0m] Started Hold until boot process finishes up.
[[0;32m  OK  [0m] Started Serial Getty on ttyS0.
         Starting Set console scheme...
[[0;32m  OK  [0m] Started Getty on tty1.
[[0;32m  OK  [0m] Reached target Login Prompts.
[[0;32m  OK  [0m] Started Terminate Plymouth Boot Screen.
[[0;32m  OK  [0m] Started Set console scheme.
[[0;32m  OK  [0m] Started LSB: Set the CPU Frequency Scaling governor to "ondemand".
[[0;32m  OK  [0m] Started LSB: automatic crash report generation.
[[0;32m  OK  [0m] Started Virtualbox guest utils.
[[0;32m  OK  [0m] Started LSB: daemon to balance interrupts for SMP systems.
[[0;32m  OK  [0m] Started Snappy daemon.
         Starting Wait until snapd is fully seeded...
[[0;32m  OK  [0m] Started Pollinate to seed the pseudo random number generator.
         Starting OpenBSD Secure Shell server...

Ubuntu 16.04.6 LTS ubuntu-xenial ttyS0

ubuntu-xenial login: [   79.751391] cloud-init[1378]: Generating locales (this might take a while)...
[   88.941128] cloud-init[1378]:   en_US.UTF-8... done
[   88.997393] cloud-init[1378]: Generation complete.
[   93.571437] cloud-init[1378]: Cloud-init v. 19.1-1-gbaa47854-0ubuntu1~16.04.1 running 'modules:config' at Fri, 23 Aug 2019 16:29:00 +0000. Up 78.31 seconds.
ci-info: no authorized ssh keys fingerprints found for user ubuntu.
<14>Aug 23 16:29:19 ec2: 
<14>Aug 23 16:29:19 ec2: #############################################################
<14>Aug 23 16:29:19 ec2: -----BEGIN SSH HOST KEY FINGERPRINTS-----
<14>Aug 23 16:29:19 ec2: 1024 SHA256:pNqB+Mi4OLy1GHT44Qu2+JQ1iW/PG16BaH+xttCqZ+E root@ubuntu-xenial (DSA)
<14>Aug 23 16:29:19 ec2: 256 SHA256:NFLf+3t8upsVJxxfXScRSP4o2KPLqbqyCf5W+cp9cx8 root@ubuntu-xenial (ECDSA)
<14>Aug 23 16:29:19 ec2: 256 SHA256:yKcUbny81rsIjaINhcqW+qqRYJqpBDaxE/G7nsy4xqM root@ubuntu-xenial (ED25519)
<14>Aug 23 16:29:19 ec2: 2048 SHA256:x1mluurwYLSLN2uuKdJYm6bZQu5KAmnoPMDwFJ//lnI root@ubuntu-xenial (RSA)
<14>Aug 23 16:29:19 ec2: -----END SSH HOST KEY FINGERPRINTS-----
<14>Aug 23 16:29:19 ec2: #############################################################
-----BEGIN SSH HOST KEY KEYS-----
ecdsa-sha2-nistp256 AAAAE2VjZHNhLXNoYTItbmlzdHAyNTYAAAAIbmlzdHAyNTYAAABBBNru4QrbCvfTeKFy3UBPZlyOWVFkU/CXN2U3dZvwGybgAZDK7hbSWht9MqyqhIUuQjYCFf3eAjbpHcDPYbSsPXI= root@ubuntu-xenial
ssh-ed25519 AAAAC3NzaC1lZDI1NTE5AAAAIGse8dJgIRz7UwSZUoc017KoStZ3dJbeXOrVP/gSG97l root@ubuntu-xenial
ssh-rsa AAAAB3NzaC1yc2EAAAADAQABAAABAQC8M1wjbS1B20bSl/KYlbRKI3WsgEBWTlwuYQb0/dl+A2JkBM9KSz0MKNnDHbWzu6IfrOSZcEIhW9y8Ld8rTLiaTZuHWduEcLVWxc+Hvery4VnCln7Sr6ABXPaAWCI07VjUDHAdleT2HcN/k0KI9SdMoJWorawuhD0lAqovfuswyw+dVJ9n7mB0oEJlv1tJPDT+OQOroSfRT2qtlWc6EkpYWCvBe6nUEJtQ8b8JXPOR3F7CQx4zxGLtwvB+K9nU/Huj+5Bt59PaposULOPfxos0XKq7zFBbjINOqFIFjOtW4qfaVFvNdpFSGgy0UphDQ9yL8g1+44deHZZUx81n7xFV root@ubuntu-xenial
-----END SSH HOST KEY KEYS-----
[   97.784891] cloud-init[1575]: Cloud-init v. 19.1-1-gbaa47854-0ubuntu1~16.04.1 running 'modules:final' at Fri, 23 Aug 2019 16:29:17 +0000. Up 96.14 seconds.
[   97.797066] cloud-init[1575]: ci-info: no authorized ssh keys fingerprints found for user ubuntu.
[   97.797909] cloud-init[1575]: Cloud-init v. 19.1-1-gbaa47854-0ubuntu1~16.04.1 finished at Fri, 23 Aug 2019 16:29:19 +0000. Datasource DataSourceNoCloud [seed=/dev/sdb][dsmode=net].  Up 97.67 seconds
