[    0.000000] Initializing cgroup subsys cpuset
[    0.000000] Initializing cgroup subsys cpu
[    0.000000] Initializing cgroup subsys cpuacct
[    0.000000] Linux version 4.4.0-159-generic (buildd@lgw01-amd64-042) (gcc version 5.4.0 20160609 (Ubuntu 5.4.0-6ubuntu1~16.04.10) ) #187-Ubuntu SMP Thu Aug 1 16:28:06 UTC 2019 (Ubuntu 4.4.0-159.187-generic 4.4.185)
[    0.000000] Command line: BOOT_IMAGE=/boot/vmlinuz-4.4.0-159-generic root=LABEL=cloudimg-rootfs ro console=tty1 console=ttyS0
[    0.000000] KERNEL supported cpus:
[    0.000000]   Intel GenuineIntel
[    0.000000]   AMD AuthenticAMD
[    0.000000]   Centaur CentaurHauls
[    0.000000] x86/fpu: Legacy x87 FPU detected.
[    0.000000] e820: BIOS-provided physical RAM map:
[    0.000000] BIOS-e820: [mem 0x0000000000000000-0x000000000009fbff] usable
[    0.000000] BIOS-e820: [mem 0x000000000009fc00-0x000000000009ffff] reserved
[    0.000000] BIOS-e820: [mem 0x00000000000f0000-0x00000000000fffff] reserved
[    0.000000] BIOS-e820: [mem 0x0000000000100000-0x000000002cfeffff] usable
[    0.000000] BIOS-e820: [mem 0x000000002cff0000-0x000000002cffffff] ACPI data
[    0.000000] BIOS-e820: [mem 0x00000000fec00000-0x00000000fec00fff] reserved
[    0.000000] BIOS-e820: [mem 0x00000000fee00000-0x00000000fee00fff] reserved
[    0.000000] BIOS-e820: [mem 0x00000000fffc0000-0x00000000ffffffff] reserved
[    0.000000] NX (Execute Disable) protection: active
[    0.000000] SMBIOS 2.5 present.
[    0.000000] Hypervisor detected: KVM
[    0.000000] e820: last_pfn = 0x2cff0 max_arch_pfn = 0x400000000
[    0.000000] MTRR: Disabled
[    0.000000] x86/PAT: MTRRs disabled, skipping PAT iiitialization too.
[    0.000000] CPU MTRRs all blank - virtualized system.
[    0.000000] x86/PAT: Configuration [0-7]: WB  WT  UC- UC  WB  WT  UC- UC  
[    0.000000] found SMP MP-table at [mem 0x0009fff0-0x0009ffff] mapped at [ffff88000009fff0]
[    0.000000] Scanning 1 areas for low memory corruption
[    0.000000] RAMDISK: [mem 0x2b99f000-0x2c81afff]
[    0.000000] ACPI: Early table checksum verification disabled
[    0.000000] ACPI: RSDP 0x00000000000E0000 000024 (v02 VOOX  )
[    0.000000] ACPI: XSDT 0x000000002CFF0030 00003C (v01 VBOX   VBOXXSDT 00000001 ASL  00000061)
[    0.000000] ACPI: FACP 0x000000002CFF00F0 0000F4 (v04 VBOX   VBOXFACP 00000001 ASL  00000061)
[    0.000000] ACPI: DSDT 0x000000002CFF0470 0021FF (v02 VBOX   VBOXBIOS 00000002 INTL 20180105)
[    0.000000] ACPI: FACS 0x000000002CFF0200 000040
[    0.000000] ACPI: FACS 0x000000002CFF0200 000040
[    0.000000] ACPI: APIC 0x000000002CFF0240 000054 (v02 VBOX   VBOXAPIC 00000001 ASL  00000061)
[    0.000000] ACPI: SSDT 0x000000002CFF02A0 0001CC (v01 VBOX   VBOXCPUT 00000002 INTL 20180105)
[    0.000000] No NUMA configuration found
[    0.000000] Faking a node at [mem 0x0000000000000000-0x000000002cfeffff]
[    0.000000] NODE_DATA(0) allocated [mem 0x2cfeb000-0x2cfeffff]
[    0.000000] kvm-clock: Using msrs 4b564d01 and 4b564d00
[    0.000000] kvm-clock: cpu 0, msr 0:2cfe3001, primary cpu clock
[    0.000000] kvm-clock: using sched offset of 7573325913 cycles
[    0.000000] clocksource: kvm-clock: mask: 0xffffffffffffffff max_cycles: 0x1cd42e4dffb, max_idle_ns: 881590591483 ns
[    0.000000] Zone ranges:
[    0.000000]   DMA      [mem 0x0000000000001000-0x0000000000ffffff]
[    0.000000]   DMA32    [mem 0x0000000001000000-0x000000002cfeffff]
[    0.000000]   Normal   empty
[    0.000000]   Device   empty
[    0.000000] Movable zone start for each node
[    0.000000] Early memory node ranges
[    0.000000]   node   0: [mem 0x0000000000001000-0x000000000009efff]
[    0.000000]   node   0: [mem 0x0000000000100000-0x000000002cfeffff]
[    0.000000] Initmem setup node 0 [mem 0x0000000000001000-0x000000002cfeffff]
[    0.000000] ACPI: PM-Timer IO Port: 0x4008
[    0.000000] IOAPIC[0]: apic_id 1, version 32, address 0xfec00000, GSI 0-23
[    0.000000] ACPI: INT_SRC_OVR (bus 0 bus_irq 0 global_irq 2 dfl dfl)
[    0.000000] ACPI: INT_SRC_OVR (bus 0 bus_irq 9 global_irq 9 low level)
[    0.000000] Using ACPI (MADT) for SMP configuration information
[    0.000000] smpboot: Allowing 1 CPUs, 0 hotplug CPUs
[    0.000000] PM: Registered nosave memory: [mem 0x00000000-0x00000fff]
[    0.000000] PM: Registered nosave memory: [mem 0x0009f000-0x0009ffff]
[    0.000000] PM: Registered nosave memory: [mem 0x000a0000-0x000effff]
[    0.000000] PM: Registered nosave memory: [mem 0x000f0000-0x000fffff]
[    0.000000] e820: [mem 0x2d000000-0xfebfffff] available for PCI devices
[    0.000000] Booting paravirtualized kernel on KVM
[    0.000000] clocksource: refined-jiffies: mask: 0xffffffff max_cycles: 0xffffffff, max_idle_ns: 7645519600211568 ns
[    0.000000] setup_percpu: NR_CPUS:512 nr_cpumask_bits:512 nr_cpu_ids:1 nr_node_ids:1
[    0.000000] PERCPU: Embedded 34 pages/cpu @ffff88002cc00000 s99544 r8192 d31528 u2097152
[    0.000000] Built 1 zonelists in Node order, mobility grouping on.  Total pages: 181304
[    0.000000] Policy zone: DMA32
[    0.000000] Kernel command line: BOOT_IMAGE=/boot/vmlinuz-4.4.0-159-generic root=LBBEL=cloudimg-rootfs ro console=tty1 console=ttyS0
[    0.000000] PID hash table entries: 4096 (order: 3, 32768 bytes)
[    0.000000] Memory: 690660K/736824K available (8618K kernel code, 1335K rwdata, 4032K rodata, 1488K init, 1284K bss, 46164K reserved, 0K cma-reserved)
[    0.000000] SLUB: HWalign=64, Order=0-3, MinObjects=0, CPUs=1, Nodes=1
[    0.000000] Kernel/User page tables isolation: enabled
[    0.000000] Hierarchical RCU implementation.
[    0.000000] 	Build-time adjustment of leaf fanout to 64.
[    0.000000] 	RCU restricting CPUs from NR_CPUS=512 to nr_cpu_ids=1.
[    0.000000] RCU: Adjusting geometry for rcu_fanout_leaf=64, nr_cpu_ids=1
[    0.000000] NR_IRQS:33024 nr_irqs:256 16
[    0.000000] Console: colour VGA+ 80x25
[    0.000000] console [tty1] enabled
[    0.000000] console [ttyS0] enabled
[    0.000000] tsc: Detected 2992.498 MHz processor
[    0.633773] Calibrating delay loop (skipped) preset value.. 5984.99 BogoMIPS (lpj=11969992)
[    0.710954] pid_max: default: 32768 minimum: 301
[    0.712554] ACPI: Core revision 20150930
[    0.715240] ACPI: 2 ACPI AML tables successfully acquired and loaded
[    0.717476] Security Framework initialized
[    0.718947] Yama: becoming mindful.
[    0.720373] AppArmor: AppArmor initialized
[    0.721992] Dentry cache hash table entries: 131072 (order: 8, 1048576 bytes)
[    0.724676] Inode-cache hash table entries: 65536 (order: 7, 524288 bytes)
[    0.726979] Mount-cache hash table entries: 2048 (order: 2, 16384 bytes)
[    0.729027] Mountpoint-cache hash table entries: 2048 (order: 2, 16384 bytes)
[    0.731583] Initializing cgroup subsys io
[    0.733028] Initializing cgroup subsys memory
[    0.734594] Initializing cgroup subsys devices
[    0.786951] Initializing cgroup subsys freezer
[    0.797971] Initializing cgroup subsys net_cls
[    0.809552] Initializing cgroup subsys perf_event
[    0.811145] Initializing cgroup subsys net_prio
[    0.812737] Initializing cgroup subsys hugetlb
[    0.814268] Initializing cgroup subsys pids
[    0.815886] mce: CPU supports 0 MCE banks
[    0.817375] process: using mwait in idle threads
[    0.819049] Last level iTLB entries: 4KB 128, 2MB 4, 4MB 4
[    0.820821] Last level dTLB entries: 4KB 256, 2MB 0, 4MB 32, 1GB 0
[    0.822780] Spectre V1 : Mitigation: usercopy/swapgs barriers and __user pointer sanitization
[    0.825729] Spectre V2 : Mitigation: Full generic retpoline
[    0.827549] Spectre V2 : Spectre v2 / SpectreRSB mitigation: Filling RSB on context switch
[    0.830394] Speculative Store Bypass: Vulnerable
[    0.832769] MDS: Vulnerable: Clear CPU buffers attempted, no microcode
[    1.464759] Freeing SMP alternatives memory: 36K
[    1.524335] ftrace: allocating 32318 entries in 127 pages
[    1.642705] smpboot: APIC(0) Converting physical 0 to logical package 0
[    1.650142] smpboot: Max logical packages: 1
[    1.652230] x2apic enabled
[    1.653901] Switched APIC routing to physical x2apic.
[    1.657876] ..TIMER: vector=0x30 apic1=0 pin1=2 apic2=-1 pin2=-1
[    1.727036] APIC calibration not consistent with PM-Timer: 196ms instead of 100ms
[    1.729706] APIC delta adjusted to PM-Timer: 6249838 (12249913)
[    1.731612] smpboot: CPU0: Intel(R) Core(TM)2 Duo CPU     E8400  @ 3.00GHz (family: 0x6, model: 0x17, stepping: 0xa)
[    1.735274] Performance Events: unsupported p6 CPU model 23 no PMU driver, software events only.
[    1.940473] KVM setup paravirtual spinlock
[    1.943425] x86: Booted up 1 node, 1 CPUs
[    1.959267] smpboot: Total of 1 processors activated (5984.99 BogoMIPS)
[    1.961780] devtmpfs: initialized
[    1.965451] evm: security.selinux
[    1.966743] evm: security.SMACK64
[    1.968013] evm: security.SMACK64EXEC
[    1.979380] evm: security.SMACK64TRANSMUTE
[    1.980831] evm: security.SMACK64MMAP
[    1.982197] evm: security.ima
[    1.983385] evm: security.capability
[    2.040660] clocksource: jiffies: mask: 0xffffffff max_cycles: 0xffffffff, max_idle_ns: 7645041785100000 ns
[    2.043899] futex hash table entries: 256 (order: 2, 16384 bytes)
[    2.045942] pinctrl core: initialized pinctrl subsystem
[    2.047830] RTC time: 17:07:00, date: 08/23/19
[    2.049652] NET: Registered protocol family 16
[    2.051460] cpuidle: using governor ladder
[    2.052919] cpuidle: using governor menu
[    2.054350] PCCT header not found.
[    2.055684] ACPI: bus type PCI registered
[    2.057134] acpiphp: ACPI Hot Plug PCI Controller Driver version: 0.5
[    2.069262] PCI: Using configuration type 1 for base access
[    2.091184] ACPI: Added _OSI(Module Device)
[    2.143417] ACPI: Added _OSI(Processor Device)
[    2.149170] ACPI: Added _OSI(3.0 _SCP Extensions)
[    2.150752] ACPI: Added _OSI(Processor Aggregator Device)
[    2.153279] ACPI: Executed 1 blocks of module-level executable AML code
[    2.182036] ACPI: Interpreter enabled
[    2.183399] ACPI: (supports S0 S5)
[    2.184721] ACPI: Using IOAPIC for interrupt routing
[    2.186546] PCI: Using host bridge windows from ACPI; if necessary, use "pci=nocrs" and report a bug
[    2.251100] ACPI: PCI Root Bridge [PCI0] (domain 0000 [bus 00-ff])
[    2.253042] acpi PNP0A03:00: _OSC: OS supports [ASPM ClockPM Segments MSI]
[    2.266842] acpi PNP0A03:00: _OSC: not requesting OS control; OS requires [ExtendedConfig ASPM ClockPM MSI]
[    2.270038] acpi PNP0A03:00: fail to add MMCONFIG information, can't access extended PCI configuration space under this bridge.
[    2.273999] PCI host bridge to bus 0000:00
[    2.275454] pci_bus 0000:00: root bus resource [io  0x0000-0x0cf7 window]
[    2.277537] pci_bus 0000:00: root bus resource [io  0x0d00-0xffff window]
[    2.279598] pci_bus 0000:00: root bus resource [mem 0x000a0000-0x000bffff window]
[    2.282276] pci_bus 0000:00: root bus resource [mem 0x2d000000-0xfdffffff window]
[    2.284949] pci_bus 0000:00: root bus resource [bus 00-ff]
[    2.289088] pci 0000:00:01.1: legacy IDE quirk: reg 0x10: [io  0x01f0-0x01f7]
[    2.291235] pci 0000:00:01.1: legacy IDE quirk: reg 0x14: [io  0x03f6]
[    2.293251] pci 0000:00:01.1: legacy IDE quirk: reg 0x18: [io  0x0170-0x0177]
[    2.351180] pci 0000:00:01.1: legacy IDE quirk: reg 0x1c: [io  0x0376]
[    2.373338] pci 0000:00:07.0: quirk: [io  0x4000-0x403f] claimed by PIIX4 ACPI
[    2.380845] pci 0000:00:07.0: quirk: [io  0x4100-0x410f] claimed by PIIX4 SMB
[    2.389595] ACPI: PCI Interrupt Link [LNKA] (IRQs 5 9 10 *11)
[    2.459888] ACPI: PCI Interrupt Link [LNKB] (IRQs 5 9 *10 11)
[    2.463917] ACPI: PCI Interrupt Link [LNKC] (IRQs 5 *9 10 11)
[    2.467931] ACPI: PCI Interrupt Link [LNKD] (IRQs 5 9 10 *11)
[    2.471917] ACPI: Enabled 2 GPEs in block 00 to 07
[    2.475873] vgaarb: setting as boot device: PCI:0000:00:02.0
[    2.478884] vgaarb: device added: PCI:0000:00:02.0,decodes=io+mem,owns=io+mem,locks=none
[    2.483422] vgaarb: loaded
[    2.485219] vgaarb: bridge control possible 0000:00:02.0
[    2.488888] SCSI subsystem initialized
[    2.491491] ACPI: bus type USB registered
[    2.492990] usbcore: registered new interface driver usbfs
[    2.499199] usbcore: registered new interface driver hub
[    2.500945] usbcore: registered new device driver usb
[    2.503749] PCI: Using ACPI for IRQ routing
[    2.506500] NetLabel: Initializing
[    2.508236] NetLabel:  domain hash size = 128
[    2.510347] NetLabel:  protocols = UNLABELED CIPSOv4
[    2.512097] NetLabel:  unlabeled traffic allowed by default
[    2.514288] amd_nb: Cannot enumerate AMD northbridges
[    2.556697] clocksource: Switched to clocksource kvm-clock
[    2.570649] AppArmor: AppArmor Filesystem Enabled
[    2.579814] pnp: PnP ACPI init
[    2.582942] pnp: PnP ACPI: found 3 devices
[    2.591897] clocksource: acpi_pm: mask: 0xffffff max_cycles: 0xffffff, max_idle_ns: 2085701024 ns
[    2.601205] NET: Registered protocol family 2
[    2.603194] TCP established hash table entries: 8192 (order: 4, 65536 bytes)
[    2.656000] TCP bind hash table entries: 8192 (order: 5, 131072 bytes)
[    2.658239] TCP: Hash tables configured (established 8192 bind 8192)
[    2.660357] UDP hash table entries: 512 (order: 2, 16384 bytes)
[    2.662378] UDP-Lite hash table entries: 512 (order: 2, 16384 bytes)
[    2.664511] NET: Registered protocol family 1
[    2.666163] pci 0000:00:00.0: Limiting direct PCI/PCI transfers
[    2.668120] pci 0000:00:01.0: Activating ISA DMA hang workarounds
[    2.670398] Unpacking initramfs...
[    3.179900] Freeing initrd memory: 14832K
[    3.199775] clocksource: tsc: mask: 0xffffffffffffffff max_cycles: 0x2b2296bc2b9, max_idle_ns: 440795321505 ns
[    3.203203] platform rtc_cmos: registered platform RTC device (no PNP device found)
[    3.214320] Scanning for low memory corruption every 60 seconds
[    3.216651] audit: initializing netlink subsys (disabled)
[    3.218501] audit: type=2000 audit(1566580028.978:1): initialized
[    3.220858] Initialise system trusted keyring
[    3.279950] HugeTLB registered 2 MB page size, pre-allocated 0 pages
[    3.283565] zbud: loaded
[    3.309246] VFS: Disk quotas dquot_6.6.0
[    3.310725] VFS: Dquot-cache hash table entries: 512 (order 0, 4096 bytes)
[    3.313137] squashfs: version 4.0 (2009/01/31) Phillip Lougher
[    3.320563] fuse init (API version 7.23)
[    3.322216] Key type big_key registered
[    3.389401] Allocating IMA MOK and blacklist keyrings.
[    3.391511] Key type asymmetric registered
[    3.392974] Asymmetric key parser 'x509' registered
[    3.394685] Block layer SCSI generic (bsg) driver version 0.4 loaded (major 249)
[    3.397379] io scheduler noop registered
[    3.398832] io scheduler deadline registered (default)
[    3.400564] io scheduler cfq registered
[    3.402165] pci_hotplug: PCI Hot Plug PCI Core version: 0.5
[    3.403949] pciehp: PCI Express Hot Plug Controller Driver version: 0.4
[    3.406182] ACPI: AC Adapter [AC] (on-line)
[    3.407721] input: Power Button as /devices/LNXSYSTM:00/LNXPWRBN:00/input/input0
[    3.420590] ACPI: Power Button [PWRF]
[    3.422057] input: Sleep Button as /devices/LNXSYSTM:00/LNXSLPBN:00/input/input1
[    3.424704] ACPI: Sleep Button [SLPF]
[    3.426268] GHES: HEST is not enabled!
[    3.427765] Serial: 8250/16550 driver, 32 ports, IRQ sharing enabled
[    3.503041] 00:02: ttyS0 at I/O 0x3f8 (irq = 4, base_baud = 115200) is a 16550A
[    3.521154] Linux agpgart interface v0.103
[    3.524858] loop: module loaded
[    3.528384] scsi host0: ata_piix
[    3.530249] scsi host1: ata_piix
[    3.531971] ata1: PATA max UDMA/33 cmd 0x1f0 ctl 0x3f6 bmdma 0xd000 irq 14
[    3.535004] ata2: PATA max UDMA/33 cmd 0x170 ctl 0x376 bmdma 0xd008 irq 15
[    3.538852] libphy: Fixed MDIO Bus: probed
[    3.540856] tun: Universal TUN/TAP device driver, 1.6
[    3.593946] tun: (C) 1999-2004 Max Krasnyansky <maxk@qualcomm.com>
[    3.620168] PPP generic driver version 2.4.2
[    3.621820] ehci_hcd: USB 2.0 'Enhanced' Host Controller (EHCI) Driver
[    3.623817] ehci-pci: EHCI PCI platform driver
[    3.625405] ehci-platform: EHCI generic platform driver
[    3.629870] ohci_hcd: USB 1.1 'Open' Host Controller (OHCI) Driver
[    3.639657] ohci-pci: OHCI PCI platform driver
[    3.641233] ohci-platform: OHCI generic platform driver
[    3.642947] uhci_hcd: USB Universal Host Controller Interface driver
[    3.644999] i8042: PNP: PS/2 Controller [PNP0303:PS2K,PNP0f03:PS2M] at 0x60,0x64 irq 1,12
[    3.721382] serio: i8042 KBD port at 0x60,0x64 irq 1
[    3.729259] serio: i8042 AUX port at 0x60,0x64 irq 12
[    3.731058] mousedev: PS/2 mouse device common for all mice
[    3.733297] input: AT Translated Set 2 keyboard as /devices/platform/i8042/serio0/input/input2
[    3.801619] rtc_cmos rtc_cmos: rtc core: registered rtc_cmos as rtc0
[    3.803675] rtc_cmos rtc_cmos: alarms up to one day, 114 bytes nvram
[    3.805677] i2c /dev entries driver
[    3.807056] device-mapper: uevent: version 1.0.3
[    3.808708] device-mapper: ioctl: 4.34.0-ioctl (2015-10-28) initialised: dm-devel@redhat.com
[    3.811650] ledtrig-cpu: registered to indicate activity on CPUs
[    3.813922] NET: Registered protocol family 10
[    3.815847] NET: Registered protocol family 17
[    3.817432] Key type dns_resolver registered
[    3.819199] registered taskstats version 1
[    3.829662] Loading compiled-in X.509 certificates
[    3.832215] Loaded X.509 cert 'Build time autogenerated kernel key: d14182f9795b80ec340f636a5a08bf5817ccd8e7'
[    3.835511] zswap: loaded using pool lzo/zbud
[    3.905150] Key type trusted registered
[    3.930330] Key type encrypted registered
[    3.931836] AppArmor: AppArmor sha1 policy hashing enabled
[    3.933682] ima: No TPM chip found, activating TPM-bypass!
[    4.010377] ima: Allocated hash algorithm: sha1
[    4.011953] evm: HMAC attrs: 0x1
[    4.013572]   Magic number: 15:608:138
[    4.039287] rtc_cmos rtc_cmos: setting system clock to 2019-08-23 17:07:02 UTC (1566580022)
[    4.050893] BIOS EDD facility v0.16 2004-Jun-25, 0 devices found
[    4.052775] EDD information not available.
[    4.059300] Freeing unused kernel memory: 1488K
[    4.120729] Write protecting the kernel read-only data: 14336k
[    4.134828] Freeing unused kernel memory: 1608K
[    4.136691] Freeing unused kernel memory: 64K
Loading, please wait...
starting version[    4.356713] random: systemd-udevd: uninitialized urandom read (16 bytes read, 3 bits of entropy available)
 229
[    4.419393] random: systemd-udevd: uninitialized urandom read (16 bytes read, 3 bits of entropy available)
[    4.422752] random: systemd-udevd: uninitialized urandom read (16 bytes read, 3 bits of entropy available)
[    4.430277] random: systemd-udevd: uninitialized urandom read (16 bytes read, 3 bits of entropy available)
[    4.439873] random: udevadm: uninitialized urandom read (16 bytes read, 3 bits of entropy available)
[    4.461323] random: udevadm: uninitialized urandom read (16 bytes read, 3 bits of entropy available)
[    4.564173] random: systemd-udevd: uninitialized urandom read (16 bytes read, 3 bits of entropy available)
[    4.629148] random: systemd-udevd: uninitialized urandom read (16 bytes read, 3 bits of entropy available)
[    4.637457] random: systemd-udevd: uninitialized urandom read (16 bytes read, 3 bits of entropy available)
[    4.642558] random: systemd-udevd: uninitialized urandom read (16 bytes read, 3 bits of entropy available)
[    5.374649] Fusion MPT base driver 3.04.20
[    5.399624] Copyright (c) 1999-2008 LSI Corporation
[    5.467020] Fusion MPT SPI Host driver 3.04.20
[    5.480661] e1000: Intel(R) PRO/1000 Network Driver - version 7.3.21-k8-NAPI
[    5.482837] e1000: Copyright (c) 1999-2006 Intel Corporation.
[    5.496506] mptbase: ioc0: Initiating bringup
[    5.678734] ioc0: LSI53C1030 A0: Capabilities={Initiator}
[    5.777345] input: ImExPS/2 Generic Explorer Mouse as /devices/platform/i8042/serio1/input/input4
[    6.278158] scsi host2: ioc0: LSI53C1030 A0, FwRev=00000000h, Ports=1, MaxQ=256, IRQ=20
[    6.402758] scsi 2:0:0:0: Direct-Access     VBOX     HARDDISK         1.0  PQ: 0 ANSI: 5
[    6.429836] scsi target2:0:0: Beginning Domain Validation
[    6.440183] scsi target2:0:0: Domain Validation skipping write tests
[    6.442176] scsi target2:0:0: Ending Domain Validation
[    6.499775] scsi target2:0:0: asynchronous
[    6.516054] scsi 2:0:1:0: Direct-Access     VBOX     HARDDISK         1.0  PQ: 0 ANSI: 5
[    6.528427] scsi target2:0:1: Beginning Domain Validation
[    6.706141] scsi target2:0:1: Domain Validation skipping write tests
[    6.708182] scsi target2:0:1: Ending Domain Validation
[    6.710017] scsi target2:0:1: asynchronous
[    7.015851] sd 2:0:0:0: Attached scsi generic sg0 type 0
[    7.019930] sd 2:0:0:0: [sda] 20971520 512-byte logical blocks: (10.7 GB/10.0 GiB)
[    7.022916] sd 2:0:0:0: [sda] Write Protect is off
[    7.024852] sd 2:0:0:0: [sda] Incomplete mode parameter data
[    7.026735] sd 2:0:0:0: [sda] Assuming drive cache: write through
[    7.029228] sd 2:0:1:0: [sdb] 20480 512-byte logical blocks: (10.5 MB/10.0 MiB)
[    7.032055] sd 2:0:1:0: Attached scsi generic sg1 type 0
[    7.034211] sd 2:0:1:0: [sdb] Write Protect is off
[    7.062232] sd 2:0:1:0: [sdb] Incomplete mode parameter data
[    7.114810] sd 2:0:1:0: [sdb] Assuming drive cache: write through
[    7.136025]  sda: sda1
[    7.137776] sd 2:0:0:0: [sda] Attached SCSI disk
[    7.261848] sd 2:0:1:0: [sdb] Attached SCSI disk
[    7.540993] e1000 0000:00:03.0 eth0: (PCI:33MHz:32-bit) 02:52:2e:48:de:28
[    7.550262] e1000 0000:00:03.0 eth0: Intel(R) PRO/1000 Network Connection
[    7.556509] e1000 0000:00:03.0 enp0s3: renamed from eth0
Begin: Loading essential drivers ... [   10.798348] md: linear personality registered for level -1
[   10.883924] md: multipath personality registered for level -4
[   10.904096] md: raid0 personality registered for level 0
[   10.991816] md: raid1 personality registered for level 1
[   11.093732] raid6: sse2x1   gen()  1621 MB/s
[   11.198805] raid6: sse2x1   xor()  3113 MB/s
[   11.300239] raid6: sse2x2   gen()  2200 MB/s
[   11.403759] raid6: sse2x2   xor()  3813 MB/s
[   11.508796] raid6: sse2x4   gen()  5368 MB/s
[   11.613725] raid6: sse2x4   xor()  5300 MB/s
[   11.629488] raid6: using algorithm sse2x4 gen() 5368 MB/s
[   11.631247] raid6: .... xor() 5300 MB/s, rmw enabled
[   11.632906] raid6: using ssse3x2 recovery algorithm
[   11.747167] xor: measuring software checksum speed
[   11.938138]    prefetch64-sse: 30061.000 MB/sec
[   12.069068]    generic_sse: 26635.000 MB/sec
[   12.159423] xor: using function: prefetch64-sse (30061.000 MB/sec)
[   12.168329] async_tx: api initialized (async)
[   12.349724] md: raid6 personality registered for level 6
[   12.352258] md: raid5 personality registered for level 5
[   12.354733] md: raid4 personality registered for level 4
[   12.549002] md: raid10 personality registered for level 10
done.
Begin: Running /scripts/init-premount ... done.
Begin: Mounting root file system ... Begin: Running /scripts/local-top ... done.
Begin: Running /scripts/local-premount ... [   12.890440] Btrfs loaded
Scanning for Btrfs filesystems
done.
Warning: fsck not present, so skipping root file system
[   13.359859] EXT4-fs (sda1): mounted filesystem with ordered data mode. Opts: (null)
done.
Begin: Running /scripts/local-bottom ... done.
Begin: Running /scripts/init-bottom ... done.
[   14.132177] random: nonblocking pool is initialized
[   14.366416] systemd[1]: systemd 229 running in system mode. (+PAM +AUDIT +SELINUX +IMA +APPARMOR +SMACK +SYSVINIT +UTMP +LIBCRYPTSETUP +GCRYPT +GNUTLS +ACL +XZ -LZ4 +SECCOMP +BLKID +ELFUTILS +KMOD -IDN)
[   14.373719] systemd[1]: Detected virtualization oracle.
[   14.379684] systemd[1]: Detected architecture x86-64.

Welcome to [1mUbuntu 16.04.6 LTS[0m!

[   14.404907] systemd[1]: Set hostname to <ubuntu>.
[   14.428386] systemd[1]: Initializing machine ID from random generator.
[   14.430632] systemd[1]: Installed transient /etc/machine-id file.
[   15.671984] systemd[1]: Listening on LVM2 metadata daemon socket.
[[0;32m  OK  [0m] Listening on LVM2 metadata daemon socket.
[   15.693866] systemd[1]: Created slice System Slice.
[[0;32m  OK  [0m] Created slice System Slice.
[   15.702561] systemd[1]: Created slice system-serial\x2dgetty.slice.
[[0;32m  OK  [0m] Created slice system-serial\x2dgetty.slice.
[   15.742441] systemd[1]: Started Trigger resolvconf update for networkd DNS.
[[0;32m  OK  [0m] Started Trigger resolvconf update for networkd DNS.
[   15.747623] systemd[1]: Set up automount Arbitrary Executable File Formats File System Automount Point.
[[0;32m  OK  [0m] Set up automount Arbitrary Executab...ats File System Automount Point.
[   15.753534] systemd[1]: Listening on LVM2 poll daemon socket.
[[0;32m  OK  [0m] Listening on LVM2 poll daemon socket.
[   15.772029] systemd[1]: Started Forward Password Requests to Wall Directory Watch.
[[0;32m  OK  [0m] Started Forward Password Requests to Wall Directory Watch.
[   15.777536] systemd[1]: Listening on Device-mapper event daemon FIFOs.
[[0;32m  OK  [0m] Listening on Device-mapper event daemon FIFOs.
[   15.842280] systemd[1]: Reached target Encrypted Volumes.
[[0;32m  OK  [0m] Reached target Encrypted Volumes.
[   15.846430] systemd[1]: Listening on Journal Audit Socket.
[[0;32m  OK  [0m] Listening on Journal Audit Socket.
[   15.850336] systemd[1]: Reached target User and Group Name Lookups.
[[0;32m  OK  [0m] Reached target User and Group Name Lookups.
[   15.857612] systemd[1]: Created slice User and Session Slice.
[[0;32m  OK  [0m] Created slice User and Session Slice.
[   15.861633] systemd[1]: Reached target Slices.
[[0;32m  OK  [0m] Reached target Slices.
[   15.865864] systemd[1]: Listening on Journal Socket.
[[0;32m  OK  [0m] Listening on Journal Socket.
[   15.873735] systemd[1]: Starting Nameserver information manager...
         Starting Nameserver information manager...
[   15.955591] systemd[1]: Starting Create list of required static device nodes for the current kernel...
         Starting Create list of required st... nodes for the current kernel...
[   15.972572] systemd[1]: Mounting Debug File System...
         Mounting Debug File System...
[   16.053958] systemd[1]: Mounting Huge Pages File System...
         Mounting Huge Pages File System...
[   16.260053] systemd[1]: Starting Monitoring of LVM2 mirrors, snapshots etc. using dmeventd or progress polling...
         Starting Monitoring of LVM2 mirrors... dmeventd or progress polling...
[   16.273853] systemd[1]: Listening on Syslog Socket.
[[0;32m  OK  [0m] Listening on Syslog Socket.
[   16.369997] systemd[1]: Starting Remount Root and Kernel File Systems...
         Starting Remount Root and Kernel File Systems...
[   16.389870] systemd[1]: Listening on Journal Socket (/dev/log).
[[0;32m  OK  [0m] Listening on Journal Socket (/dev/log).
[   16.464432] systemd[1]: Starting Journal Service...
         Starting Journal Service...
[   16.478078] systemd[1]: Reached target Swap.
[[0;32m  OK  [0m] Reached target Swap.
[   16.504781] EXT4-fs (sda1): re-mounted. Opts: (null)
[   16.570606] systemd[1]: Starting Load Kernel Modules...
         Starting Load Kernel Modules...
[   16.676133] systemd[1]: Mounting POSIX Message Queue File System...
         Mounting POSIX Message Queue File System...
[   16.704759] systemd[1]: Reached target System Time Synchronized.
[[0;32m  OK  [0m] Reached target System Time Synchronized.
[   16.779041] systemd[1]: Listening on /dev/initctl Compatibility Named Pipe.
[[0;32m  OK  [0m] Listening on /dev/initctl Compatibility Named Pipe.
[   16.797619] systemd[1]: Listening on udev Kernel Socket.
[[0;32m  OK  [0m] Listening on udev Kernel Socket.
[   16.825814] systemd[1]: Starting Uncomplicated firewall...
         Starting Uncomplicated firewall...
[   16.903451] systemd[1]: Starting Set console keymap...
         [   16.985511] Loading iSCSI transport class v2.0-870.
Starting Set console keymap...
[   17.009863] systemd[1]: Listening on udev Control Socket.
[[0;32m  OK  [0m] Listening on udev Control Socket.
[   17.122212] iscsi: registered transport (tcp)
[   17.193060] systemd[1]: Mounted Debug File System.
[[0;32m  OK  [0m] Mounted Debug File System.
[   17.201436] systemd[1]: Mounted Huge Pages File System.
[[0;32m  OK  [0m] Mounted Huge Pages File System.
[   17.208965] systemd[1]: Mounted POSIX Message Queue File System.
[[0;32m  OK  [0m] Mounted POSIX Message Queue File System.
[   17.310052] systemd[1]: Started Create list of required static device nodes for the current kernel.
[[0;32m  OK  [0m] Started Create list of required sta...ce nodes for the current kernel.
[   17.331574] systemd[1]: Started Remount Root and Kernel File Systems.
[[0;32m  OK  [0m] Started Remount Root and Kernel File Systems.
[   17.422774] systemd[1]: Started Uncomplicated firewall.
[[0;32m  OK  [0m] Started Uncomplicated firewall.
[   17.504495] systemd[1]: Started Nameserver information manager.
[[0;32m  OK  [0m] Started Nameserver information manager.
[   18.062891] systemd[1]: Started Journal Service.
[[0;32m  OK  [0m] Started Journal Service.
[[0;32m  OK  [0m] Started LVM2 metadata daemon.
         Starting Flush Journal to Persistent Storage...
         Starting Load/Save Random Seed...
         Starting udev Coldplug all Devices...
         Starting Create [   18.684014] iscsi: registered transport (iser)
Static Device Nodes in /dev...
[[0;32m  OK  [0m] Started Load/Save Random Seed.
[   18.952436] systemd-journald[371]: Received request to flush runtime journal from PID 1
[[0;32m  OK  [0m] Started Flush Journal to Persistent Storage.
[[0;32m  OK  [0m] Started Monitoring of LVM2 mirrors,...ng dmeventd or progress polling.
[[0;32m  OK  [0m] Started Load Kernel Modules.
         Starting Apply Kernel Variables...
         Mounting FUSE Control File System...
[[0;32m  OK  [0m] Mounted FUSE Control File System.
[[0;32m  OK  [0m] Started Apply Kernel Variables.
[[0;32m  OK  [0m] Started Create Static Device Nodes in /dev.
         Starting udev Kernel Device Manager...
[[0;32m  OK  [0m] Started Set console keymap.
[[0;32m  OK  [0m] Reached target Local File Systems (Pre).
[[0;32m  OK  [0m] Reached target Local File Systems.
         Starting Create Volatile Files and Directories...
         Starting Commit a transient machine-id on disk...
         Starting Initial cloud-init job (pre-networking)...
         Starting LSB: AppArmor initialization...
         Starting Set console font and keymap...
         Starting Tell Plymouth To Write Out Runtime Data...
[[0;32m  OK  [0m] Started Commit a transient machine-id on disk.
[[0;32m  OK  [0m] Started Tell Plymouth To Write Out Runtime Data.
[[0;32m  OK  [0m] Started Create Volatile Files and Directories.
         Starting Update UTMP about System Boot/Shutdown...
[[0;32m  OK  [0m] Started udev Kernel Device Manager.
[[0;32m  OK  [0m] Started Update UTMP about System Boot/Shutdown.
[[0;32m  OK  [0m] Started udev Coldplug all Devices.
[[0;32m  OK  [0m] Started Dispatch Password Requests to Console Directory Watch.
[[0;32m  OK  [0m] Found device /dev/ttyS0.
[[0;32m  OK  [0m] Listening on Load/Save RF Kill Switch Status /dev/rfkill Watch.
[[0;32m  OK  [0m] Started LSB: AppArmor initialization.
[   33.602899] cloud-init[463]: Cloud-init v. 19.1-1-gbaa47854-0ubuntu1~16.04.1 running 'init-local' at Fri, 23 Aug 2019 17:07:29 +0000. Up 29.35 seconds.
[[0;32m  OK  [0m] Started Initial cloud-init job (pre-networking).
[[0;32m  OK  [0m] Reached target Network (Pre).
         Starting Raise network interfaces...
[[0;32m  OK  [0m] Started Set console font and keymap.
[[0;32m  OK  [0m] Created slice system-getty.slice.
[[0;32m  OK  [0m] Started Raise network interfaces.
[[0;32m  OK  [0m] Reached target Network.
         Starting Initial cloud-init job (metadata service crawler)...
[   45.445995] cloud-init[946]: Cloud-init v. 19.1-1-gbaa47854-0ubuntu1~16.04.1 running 'init' at Fri, 23 Aug 2019 17:07:41 +0000. Up 41.14 seconds.
[   45.468563] cloud-init[946]: ci-info: ++++++++++++++++++++++++++++++++++++++Net device info++++++++++++++++++++++++++++++++++++++
[   45.641185] cloud-init[946]: ci-info: +--------+------+----------------------------+---------------+--------+-------------------+
[   45.649059] cloud-init[946]: ci-info: | Device |  Up  |          Address           |      Mask     | Scope  |     Hw-Address    |
[   45.662005] cloud-init[946]: ci-info: +--------+------+----------------------------+---------------+--------+-------------------+
[   45.677117] cloud-init[946]: ci-info: | enp0s3 | True |         10.0.2.15          | 255.255.255.0 | global | 02:52:2e:48:de:28 |
[   45.693633] cloud-init[946]: ci-info: | enp0s3 | True | fe80::52:2eff:fe48:de28/64 |       .       |  link  | 02:52:2e:48:de:28 |
[   45.778055] cloud-init[946]: ci-info: |   lo   | True |         127.0.0.1          |   255.0.0.0   |  host  |         .         |
[   45.796812] cloud-init[946]: ci-info: |   lo   | True |          ::1/128           |       .       |  host  |         .         |
[   45.843773] cloud-init[946]: ci-info: +--------+------+----------------------------+---------------+--------+-------------------+
[   45.858051] cloud-init[946]: ci-info: +++++++++++++++++++++++++++Route IPv4 info++++++++++++++++++++++++++++
[   45.866697] cloud-init[946]: ci-info: +-------+-------------+----------+---------------+-----------+-------+
[   45.876038] cloud-init[946]: ci-info: | Route | Destination | Gateway  |    Genmask    | Interface | Flags |
[   45.886057] cloud-init[946]: ci-info: +-------+-------------+----------+---------------+-----------+-------+
[   45.938373] cloud-init[946]: ci-info: |   0   |   0.0.0.0   | 10.0.2.2 |    0.0.0.0    |   enp0s3  |   UG  |
[   46.093294] cloud-init[946]: ci-info: |   1   |   10.0.2.0  | 0.0.0.0  | 255.255.255.0 |   enp0s3  |   U   |
[[0;32m  OK  [0m] Started Initial cloud-init job (metadata service crawler).
[   46.101367] cloud-init[946]: ci-info: +-------+-------------+----------+---------------+-----------+-------+
[[0;32m  OK  [0m] [   46.108463] cloud-init[946]: ci-info: +++++++++++++++++++Route IPv6 info+++++++++++++++++++
[   46.110511] cloud-init[946]: ci-info: +-------+-------------+---------+-----------+-------+Reached target System Initialization.

[   46.113871] cloud-init[946]: ci-info: | Route | Destination | Gateway | Interface | Flags |
[   46.116675] cloud-init[946]: ci-info: +-------+-------------+---------+-----------+-------+
[   46.120686] [[0;32m  OK  [0m] Started ACPI Events Check.
[[0;32m  OK  [0m] Reached target Paths.
[[0;32m  OK  [0m] Listening on UUID daemon activation socket.cloud-init[946]: ci-info: |   0   |  fe80::/64  |    ::   |   enp0s3  |   U   |
[   46.131310] cloud-init[946]: ci-info: |   4   |   ff00::/8  |    ::   |   enp0s3  |   U   |
[   46.134565] cloud-init[946]: ci-info: +-------+-------------+---------+-----------+-------+
[[0;32m  OK  [0m] Started Daily apt download activities.

[   46.141809] cloud-init[946]: Generating public/private rsa key pair.
[   46.146192] cloud-init[946]: Your identification has been saved in /etc/ssh/ssh_host_rsa_key.         Starting LXD - unix socket.
[[0;32m  OK  [0m
[   46.165011] cloud-init[946]: Your public key has been saved in /etc/ssh/ssh_host_rsa_key.pub.
[   46.166727] cloud-init[946]: The key fingerprint is:
[   46.166954] cloud-init[946]: SHA256:pmlwBJ2b2RS4OBMLZifeWpgp5FsbQGJ5wRK/vprh3DA root@ubuntu-xenial
[   46.167180] cloud-init[946]: The key's randomart image is:
[   46.167401] cloud-init[946]: +---[RSA 2048]----+
[   46.167624] cloud-init[946]: |o++.o. o..       |
[   46.167856] cloud-init[946]: |o=*oo.+ .        |
[   46.168080] cloud-init[946]: |o++X +.B         |
[   46.168304] cloud-init[946]: |..=oO.= .        |
[   46.168527] cloud-init[946]: | .o++o. S        |
[   46.168792] cloud-init[946]: | .o. o +         |
[   46.169015] cloud-init[946]: | E .  +          |
[   46.169239] cloud-init[946]: |o * ..           |
[   46.169465] cloud-init[946]: | =.o             |
[   46.169690] cloud-init[946]: +----[SHA256]-----+
[   46.169914] cloud-init[946]: Generating public/private dsa key pair.
[   46.170137] cloud-init[946]: Your identification has been saved in /etc/ssh/ssh_host_dsa_key.
[   46.170391] cloud-init[946]: Your public key has been saved in /etc/ssh/ssh_host_dsa_key.pub.
[   46.170616] cloud-init[946]: The key fingerprint is:
[   46.170840] cloud-init[946]: SHA256:1pAHnaCJGtQM90A9YkmIodPeV+v4Yn1bLBhXV1GqGrc root@ubuntu-xenial
[   46.171059] cloud-init[946]: The key's randomart image is:
] Started Daily apt upgrade and clean activities.
[[0;32m  OK  [0m] Started Daily Cleanup of Temporary Directories.
[[0;32m  OK  [0m] Reached target Timers.
[[0;32m  OK  [0m] Listening on ACPID Listen Socket.
[[0;32m  OK  [0m] Listening on D-Bus System Message Bus Socket.
[   46.171290] cloud-init[946]: +---[DSA 1024]----+
[   46.405880] cloud-init[946]: |.ooB=o  oo .   .=|
         Starting Socket activation for snappy daemon.
[[0;32m  OK  [0m] Reached target Network is Online.
[   46.411602] cloud-init[946]: |oo..*+oo oo    o |
[   46.432708] cloud-init[946]: |o o...+.+ . . o  |
[   46.440554] cloud-init[946]: | o +   . = . o   |
         Starting iSCSI initiator daemon (iscsid)...
[[0;32m  OK  [0m] Reached target Cloud-config availability.[   46.469816] cloud-init[946]: |  o . . S + o    |

[[0;32m  OK  [0m] Listening on LXD - unix socket.[   46.529202] cloud-init[946]: |     . + + = .   |
[   46.532418] cloud-init[946]: |      ..o o E    |
[   46.535567] 
[[0;32m  OK  [0m] Listening on Socket activation for snappy daemon.
[[0;32m  OK  [0m] Reached target Sockets.
[[0;32m  OK  [0m] Reached target Basic System.
cloud-init[946]: |      o.. .o     |
[   46.609123] cloud-init[946]: |     . .....     |
[[0;32m  OK  [0m] Started Regular background program processing daemon.
[   46.683463] cloud-init[946]: +----[SHA256]-----+
[   46.708949] cloud-init[946]: Generating public/private ecdsa key pair.
[   46.742471] cloud-init[946]: Your identification has been saved in /etc/ssh/ssh_host_ecdsa_key.[[0;32m  OK  [0m] Started ACPI event daemon.
         Starting System Logging Service...

[   46.812397] cloud-init[946]: Your public key has been saved in /etc/ssh/ssh_host_ecdsa_key.pub.
[   46.873167] cloud-init[946]: The key fingerprint is:
[   46.905283] cloud-init[946]: SHA256:lum5B2re2thNPj0fDLm71+bC1fsvMuRb/HolInGEuCw root@ubuntu-xenial
         Starting /etc/rc.local Compatibility...
[[0;32m  OK  [0m] Started FUSE filesystem for LXC.
[   47.015950] cloud-init[946]: The key's randomart image is:
[[0;32m  OK  [0m] Started Deferred execution scheduler.
         Starting Virtualbox guest utils...
         Starting LXD - container startup/shutdown...
         Starting LSB: Record successful boot for GRUB...
         Starting Snappy daemon...
         Starting Pollinate to seed the pseudo random number generator...
[   47.712911]          Starting Accounts Service...
         Starting Login Service...
         Starting LSB: MD monitoring daemon...
[[0;32m  OK  [0m] Started D-Bus System Message Bus.
cloud-init[946]: +---[ECDSA 256]---+
[   48.245069] cloud-init[946]: |         . .     |
[   48.254435] cloud-init[946]: |        . . .    |
[   48.259093] cloud-init[946]: |       . . .     |
[   48.328487] cloud-init[946]: |      E oo. ..   |
[   48.330536] cloud-init[946]: |       .S  oo   .|
[   48.333346] cloud-init[946]: |       o... o=. +|
[   48.338623] cloud-init[946]: |       .o..=.o=+o|
[   48.344314] cloud-init[946]: |      o= =o *o=++|
[   48.352805] cloud-init[946]: |     o+.=.o.+OoBB|
[   48.366781] cloud-init[946]: +----[SHA256]-----+
[   48.388093] cloud-init[946]: Generating public/private ed25519 key pair.
[   48.428752] cloud-init[946]: Your identification has been saved in /etc/ssh/ssh_host_ed25519_key.
[   48.432643] cloud-init[946]: Your public key has been saved in /etc/ssh/ssh_host_ed25519_key.pub.
[   48.451947] cloud-init[946]: The key fingerprint is:
[   48.459035] cloud-init[946]: SHA256:nR61E1Mw22moAA1VoVFcD7ZUmPhPo05eSkK790+OqRA root@ubuntu-xenial
[   48.464260] cloud-init[946]: The key's randomart image is:
[   48.468634] cloud-init[946]: +--[ED25519 256]--+
[   48.470708] cloud-init[946]: |      o+o+++B=o  |
[   48.474708] cloud-init[946]: |       ..ooooX . |
[   48.477976] cloud-init[946]: |        o  .B =  |
[   48.481086] cloud-init[946]: |         o.+.=o  |
[   48.490440] cloud-init[946]: |        S.E.o+ . |
[   48.527528] cloud-init[946]: |         .oo+.o  |
[   48.554735] cloud-init[946]: |          oB o  .|
[   48.557466] cloud-init[946]: |          ..=  = |
[   48.596525] cloud-init[946]: |           ..o+.o|
[   48.600513] cloud-init[946]: +----[SHA256]-----+
[[0;32m  OK  [0m] Started System Logging Service.
[[0;32m  OK  [0m] Started /etc/rc.local Compatibility.
[[0;32m  OK  [0m] Started iSCSI initiator daemon (iscsid).
[[0;32m  OK  [0m] Started Login Service.
[[0;32m  OK  [0m] Started Unattended Upgrades Shutdown.
         Starting Authenticate and Authorize Users to Run Privileged Tasks...
         Starting Login to default iSCSI targets...
[[0;32m  OK  [0m] Started LSB: Record successful boot for GRUB.
[[0;32m  OK  [0m] Started LXD - container startup/shutdown.
[[0;32m  OK  [0m] Started Login to default iSCSI targets.
[[0;32m  OK  [0m] Reached target Remote File Systems (Pre).
[[0;32m  OK  [0m] Reached target Remote File Systems.
         Starting LSB: Set the CPU Frequency Scaling governor to "ondemand"...
         Starting LSB: automatic crash report generation...
         Starting Permit User Sessions...
         Starting LSB: daemon to balance interrupts for SMP systems...
[[0;32m  OK  [0m] Started Permit User Sessions.
         Starting Hold until boot process finishes up...
         Starting Terminate Plymouth Boot Screen...
[[0;32m  OK  [0m] Started Hold until boot process finishes up.
[[0;32m  OK  [0m] Started LSB: MD monitoring daemon.
[[0;32m  OK  [0m] Started Terminate Plymouth Boot Screen.
[[0;32m  OK  [0m] Started Getty on tty1.
         Starting Set console scheme...
[[0;32m  OK  [0m] Started Serial Getty on ttyS0.
[[0;32m  OK  [0m] Reached target Login Prompts.
[[0;32m  OK  [0m] Started Set console scheme.
[[0;32m  OK  [0m] Started Authenticate and Authorize Users to Run Privileged Tasks.
[[0;32m  OK  [0m] Started Accounts Service.
[[0;32m  OK  [0m] Started LSB: daemon to balance interrupts for SMP systems.
[[0;32m  OK  [0m] Started LSB: Set the CPU Frequency Scaling governor to "ondemand".
[[0;32m  OK  [0m] Started LSB: automatic crash report generation.
[[0;32m  OK  [0m] Started Snappy daemon.
         Starting Wait until snapd is fully seeded...
[[0;32m  OK  [0m] Started Virtualbox guest utils.
[[0;32m  OK  [0m] Started Pollinate to seed the pseudo random number generator.
         Starting OpenBSD Secure Shell server...
[[0;32m  OK  [0m] Started OpenBSD Secure Shell server.
[[0;32m  OK  [0m] Created slice User Slice of vagrant.
         Starting User Manager for UID 1000...
[[0;32m  OK  [0m] Started Session 1 of user vagrant.
[[0;32m  OK  [0m] Started User Manager for UID 1000.

Ubuntu 16.04.6 LTS ubuntu-xenial ttyS0

ubuntu-xenial login: [   64.640363] cloud-init[1382]: Generating locales (this might take a while)...
[   72.771176] cloud-init[1382]:   en_US.UTF-8... done
[   72.868310] cloud-init[1382]: Generation complete.
[   77.229322] cloud-init[1382]: Cloud-init v. 19.1-1-gbaa47854-0ubuntu1~16.04.1 running 'modules:config' at Fri, 23 Aug 2019 17:08:03 +0000. Up 63.01 seconds.
ci-info: no authorized ssh keys fingerprints found for user ubuntu.
<14>Aug 23 17:08:20 ec2: 
<14>Aug 23 17:08:20 ec2: #############################################################
<14>Aug 23 17:08:20 ec2: -----BEGIN SSH HOST KEY FINGERPRINTS-----
<14>Aug 23 17:08:20 ec2: 1024 SHA256:1pAHnaCJGtQM90A9YkmIodPeV+v4Yn1bLBhXV1GqGrc root@ubuntu-xenial (DSA)
<14>Aug 23 17:08:20 ec2: 256 SHA256:lum5B2re2thNPj0fDLm71+bC1fsvMuRb/HolInGEuCw root@ubuntu-xenial (ECDSA)
<14>Aug 23 17:08:20 ec2: 256 SHA256:nR61E1Mw22moAA1VoVFcD7ZUmPhPo05eSkK790+OqRA root@ubuntu-xenial (ED25519)
<14>Aug 23 17:08:20 ec2: 2048 SHA256:pmlwBJ2b2RS4OBMLZifeWpgp5FsbQGJ5wRK/vprh3DA root@ubuntu-xenial (RSA)
<14>Aug 23 17:08:20 ec2: -----END SSH HOST KEY FINGERPRINTS-----
<14>Aug 23 17:08:20 ec2: #############################################################
-----BEGIN SSH HOST KEY KEYS-----
ecdsa-sha2-nistp256 AAAAE2VjZHNhLXNoYTItbmlzdHAyNTYAAAAIbmlzdHAyNTYAAABBBD1o33KtLM7P/jt8sK+NagjbZM3daWtfaIb224ebL1k1h269qVEcJaRICOtOX3X7DQC+3GWWb1vbonqLEIuFgRc= root@ubuntu-xenial
ssh-ed25519 AAAAC3NzaC1lZDI1NTE5AAAAICpPQAQGvsYxXeCBY9GbJ5+EkbNh+eICoiI4//eicSzH root@ubuntu-xenial
ssh-rsa AAAAB3NzaC1yc2EAAAADAQABAAABAQDWeU83P1oq5zdQkYb5N5nXhP/eh7/hQi+aqwdipNysrycUm5EJcNkAXXpntfwpbqjtQ6rOOfb1K350VXFwJedp1uMILVktiaoxMUgj2jvoLhyud0xJ/raxu7EPSjCRYPxrLjUc0hJihYzVp6mVZhKp7Or15qgEbMzaiQioOB2UFJRxnyLF45n8UxKcOJpdTcm9V765v46fUXm4YcRCHz7/h4dw+8vDjwYxbg/STddyS1CZqIoPdHbZKSruxkwqd4PmgHl7GfUv5D3d3hOKKcaUA+IOlc4vFedK7JEuUJmKI7oJI4LkCIyjYOy9QJbaKATwzrt+0alWaK6kVl6+aVd7 root@ubuntu-xenial
-----END SSH HOST KEY KEYS-----
[   80.966190] cloud-init[1603]: Cloud-init v. 19.1-1-gbaa47854-0ubuntu1~16.04.1 running 'modules:final' at Fri, 23 Aug 2019 17:08:19 +0000. Up 79.52 seconds.
[   80.967025] cloud-init[1603]: ci-info: no authorized ssh keys fingerprints found for user ubuntu.
[   80.968374] cloud-init[1603]: Cloud-init v. 19.1-1-gbaa47854-0ubuntu1~16.04.1 finished at Fri, 23 Aug 2019 17:08:21 +0000. Datasource DataSourceNoCloud [seed=/dev/sdb][dsmode=net].  Up 80.87 seconds
